Using pre-set license
Built from '2021.2/staging' branch; Version is '2021.2.16f1 (559fc0ec6670) revision 5611456'; Using compiler version '192829333'; Build Type 'Release'
OS: 'Windows 10  (10.0.19044) 64bit Professional' Language: 'tr' Physical Memory: 16315 MB
BatchMode: 1, IsHumanControllingUs: 0, StartBugReporterOnCrash: 0, Is64bit: 1, IsPro: 1

COMMAND LINE ARGUMENTS:
C:\Program Files\Unity\Hub\Editor\2021.2.16f1\Editor\Unity.exe
-adb2
-batchMode
-noUpm
-name
AssetImportWorker24
-projectPath
C:/Games/MyGames/GreenKids
-logFile
Logs/AssetImportWorker24.log
-srvPort
53183
Successfully changed project path to: C:/Games/MyGames/GreenKids
C:/Games/MyGames/GreenKids
[UnityMemory] Configuration Parameters - Can be set up in boot.config
    "memorysetup-bucket-allocator-granularity=16"
    "memorysetup-bucket-allocator-bucket-count=8"
    "memorysetup-bucket-allocator-block-size=33554432"
    "memorysetup-bucket-allocator-block-count=8"
    "memorysetup-main-allocator-block-size=16777216"
    "memorysetup-thread-allocator-block-size=16777216"
    "memorysetup-gfx-main-allocator-block-size=16777216"
    "memorysetup-gfx-thread-allocator-block-size=16777216"
    "memorysetup-cache-allocator-block-size=4194304"
    "memorysetup-typetree-allocator-block-size=2097152"
    "memorysetup-profiler-bucket-allocator-granularity=16"
    "memorysetup-profiler-bucket-allocator-bucket-count=8"
    "memorysetup-profiler-bucket-allocator-block-size=33554432"
    "memorysetup-profiler-bucket-allocator-block-count=8"
    "memorysetup-profiler-allocator-block-size=16777216"
    "memorysetup-profiler-editor-allocator-block-size=1048576"
    "memorysetup-temp-allocator-size-main=16777216"
    "memorysetup-job-temp-allocator-block-size=2097152"
    "memorysetup-job-temp-allocator-block-size-background=1048576"
    "memorysetup-job-temp-allocator-reduction-small-platforms=262144"
    "memorysetup-temp-allocator-size-background-worker=32768"
    "memorysetup-temp-allocator-size-job-worker=262144"
    "memorysetup-temp-allocator-size-preload-manager=33554432"
    "memorysetup-temp-allocator-size-nav-mesh-worker=65536"
    "memorysetup-temp-allocator-size-audio-worker=65536"
    "memorysetup-temp-allocator-size-cloud-worker=32768"
    "memorysetup-temp-allocator-size-gi-baking-worker=262144"
    "memorysetup-temp-allocator-size-gfx=262144"
Refreshing native plugins compatible for Editor in 132.92 ms, found 2 plugins.
Preloading 0 native plugins for Editor in 0.00 ms.
Initialize engine version: 2021.2.16f1 (559fc0ec6670)
[Subsystems] Discovering subsystems at path C:/Program Files/Unity/Hub/Editor/2021.2.16f1/Editor/Data/Resources/UnitySubsystems
[Subsystems] Discovering subsystems at path C:/Games/MyGames/GreenKids/Assets
GfxDevice: creating device client; threaded=0; jobified=0
Direct3D:
    Version:  Direct3D 11.0 [level 11.1]
    Renderer: NVIDIA GeForce GTX 1660 (ID=0x2184)
    Vendor:   NVIDIA
    VRAM:     5992 MB
    Driver:   30.0.15.1179
Initialize mono
Mono path[0] = 'C:/Program Files/Unity/Hub/Editor/2021.2.16f1/Editor/Data/Managed'
Mono path[1] = 'C:/Program Files/Unity/Hub/Editor/2021.2.16f1/Editor/Data/MonoBleedingEdge/lib/mono/unityjit-win32'
Mono config path = 'C:/Program Files/Unity/Hub/Editor/2021.2.16f1/Editor/Data/MonoBleedingEdge/etc'
Using monoOptions --debugger-agent=transport=dt_socket,embedding=1,server=y,suspend=n,address=127.0.0.1:56008
Begin MonoManager ReloadAssembly
Registering precompiled unity dll's ...
Register platform support module: C:/Program Files/Unity/Hub/Editor/2021.2.16f1/Editor/Data/PlaybackEngines/AndroidPlayer/UnityEditor.Android.Extensions.dll
Register platform support module: C:/Program Files/Unity/Hub/Editor/2021.2.16f1/Editor/Data/PlaybackEngines/iOSSupport/UnityEditor.iOS.Extensions.dll
Register platform support module: C:/Program Files/Unity/Hub/Editor/2021.2.16f1/Editor/Data/PlaybackEngines/WindowsStandaloneSupport/UnityEditor.WindowsStandalone.Extensions.dll
Register platform support module: C:/Program Files/Unity/Hub/Editor/2021.2.16f1/Editor/Data/PlaybackEngines/MetroSupport/UnityEditor.UWP.Extensions.dll
Registered in 0.015036 seconds.
Native extension for UWP target not found
Native extension for WindowsStandalone target not found
[usbmuxd] Start listen thread
[usbmuxd] Listen thread started
Native extension for iOS target not found
Native extension for Android target not found
Refreshing native plugins compatible for Editor in 93.44 ms, found 2 plugins.
Preloading 0 native plugins for Editor in 0.00 ms.
Mono: successfully reloaded assembly
- Completed reload, in  0.792 seconds
Domain Reload Profiling:
	ReloadAssembly (792ms)
		BeginReloadAssembly (90ms)
			ExecutionOrderSort (0ms)
			DisableScriptedObjects (0ms)
			BackupInstance (0ms)
			ReleaseScriptingObjects (0ms)
			CreateAndSetChildDomain (1ms)
		EndReloadAssembly (552ms)
			LoadAssemblies (86ms)
			RebuildTransferFunctionScriptingTraits (0ms)
			SetupTypeCache (118ms)
			ReleaseScriptCaches (0ms)
			RebuildScriptCaches (32ms)
			SetupLoadedEditorAssemblies (339ms)
				LogAssemblyErrors (0ms)
				InitializePlatformSupportModulesInManaged (82ms)
				SetLoadedEditorAssemblies (0ms)
				RefreshPlugins (94ms)
				BeforeProcessingInitializeOnLoad (1ms)
				ProcessInitializeOnLoadAttributes (109ms)
				ProcessInitializeOnLoadMethodAttributes (53ms)
				AfterProcessingInitializeOnLoad (0ms)
				EditorAssembliesLoaded (0ms)
			ExecutionOrderSort2 (0ms)
			AwakeInstancesAfterBackupRestoration (0ms)
Platform modules already initialized, skipping
Registering precompiled user dll's ...
Registered in 0.007502 seconds.
Begin MonoManager ReloadAssembly
Native extension for UWP target not found
Native extension for WindowsStandalone target not found
Native extension for iOS target not found
Native extension for Android target not found
Refreshing native plugins compatible for Editor in 110.42 ms, found 2 plugins.
Preloading 0 native plugins for Editor in 0.00 ms.
Mono: successfully reloaded assembly
- Completed reload, in  2.336 seconds
Domain Reload Profiling:
	ReloadAssembly (2337ms)
		BeginReloadAssembly (229ms)
			ExecutionOrderSort (0ms)
			DisableScriptedObjects (6ms)
			BackupInstance (0ms)
			ReleaseScriptingObjects (0ms)
			CreateAndSetChildDomain (124ms)
		EndReloadAssembly (1979ms)
			LoadAssemblies (101ms)
			RebuildTransferFunctionScriptingTraits (0ms)
			SetupTypeCache (305ms)
			ReleaseScriptCaches (1ms)
			RebuildScriptCaches (86ms)
			SetupLoadedEditorAssemblies (1424ms)
				LogAssemblyErrors (0ms)
				InitializePlatformSupportModulesInManaged (33ms)
				SetLoadedEditorAssemblies (0ms)
				RefreshPlugins (111ms)
				BeforeProcessingInitializeOnLoad (116ms)
				ProcessInitializeOnLoadAttributes (1062ms)
				ProcessInitializeOnLoadMethodAttributes (93ms)
				AfterProcessingInitializeOnLoad (9ms)
				EditorAssembliesLoaded (0ms)
			ExecutionOrderSort2 (0ms)
			AwakeInstancesAfterBackupRestoration (8ms)
Platform modules already initialized, skipping
========================================================================
Worker process is ready to serve import requests
Launched and connected shader compiler UnityShaderCompiler.exe after 0.07 seconds
Refreshing native plugins compatible for Editor in 1.27 ms, found 2 plugins.
Preloading 0 native plugins for Editor in 0.00 ms.
Unloading 4516 Unused Serialized files (Serialized files now loaded: 0)
Unloading 54 unused Assets / (0.7 MB). Loaded Objects now: 4978.
Memory consumption went from 282.8 MB to 282.1 MB.
Total: 4.432000 ms (FindLiveObjects: 0.480500 ms CreateObjectMapping: 0.126900 ms MarkObjects: 3.481100 ms  DeleteObjects: 0.342400 ms)

AssetImportParameters requested are different than current active one (requested -> active):
  custom:video-decoder-ogg-theora: a1e56fd34408186e4bbccfd4996cb3dc -> 
  custom:container-muxer-webm: aa71ff27fc2769a1b78a27578f13a17b -> 
  custom:container-demuxer-webm: 4f35f7cbe854078d1ac9338744f61a02 -> 
  custom:video-encoder-webm-vp8: eb34c28f22e8b96e1ab97ce403110664 -> 
  custom:audio-encoder-webm-vorbis: bf7c407c2cedff20999df2af8eb42d56 -> 
  custom:framework-win-MediaFoundation: 216162199b28c13a410421893ffa2e32 -> 
  custom:SearchIndexIgnoredProperties: e643bd26f0fe6173181afceb89e7c659 -> 
  custom:container-demuxer-ogg: 62fdf1f143b41e24485cea50d1cbac27 -> 
  custom:video-decoder-webm-vp8: 9c59270c3fd7afecdb556c50c9e8de78 -> 
  custom:audio-decoder-ogg-vorbis: bf7c407c2cedff20999df2af8eb42d56 -> 
========================================================================
Received Prepare
Registering precompiled user dll's ...
Registered in 0.007468 seconds.
Begin MonoManager ReloadAssembly
Native extension for UWP target not found
Native extension for WindowsStandalone target not found
Native extension for iOS target not found
Native extension for Android target not found
Refreshing native plugins compatible for Editor in 2.19 ms, found 2 plugins.
Preloading 0 native plugins for Editor in 0.00 ms.
Mono: successfully reloaded assembly
- Completed reload, in  1.671 seconds
Domain Reload Profiling:
	ReloadAssembly (1672ms)
		BeginReloadAssembly (182ms)
			ExecutionOrderSort (0ms)
			DisableScriptedObjects (6ms)
			BackupInstance (0ms)
			ReleaseScriptingObjects (0ms)
			CreateAndSetChildDomain (61ms)
		EndReloadAssembly (1363ms)
			LoadAssemblies (111ms)
			RebuildTransferFunctionScriptingTraits (0ms)
			SetupTypeCache (314ms)
			ReleaseScriptCaches (2ms)
			RebuildScriptCaches (66ms)
			SetupLoadedEditorAssemblies (754ms)
				LogAssemblyErrors (0ms)
				InitializePlatformSupportModulesInManaged (44ms)
				SetLoadedEditorAssemblies (0ms)
				RefreshPlugins (2ms)
				BeforeProcessingInitializeOnLoad (110ms)
				ProcessInitializeOnLoadAttributes (471ms)
				ProcessInitializeOnLoadMethodAttributes (114ms)
				AfterProcessingInitializeOnLoad (12ms)
				EditorAssembliesLoaded (0ms)
			ExecutionOrderSort2 (0ms)
			AwakeInstancesAfterBackupRestoration (45ms)
Platform modules already initialized, skipping
Refreshing native plugins compatible for Editor in 6.71 ms, found 2 plugins.
Preloading 0 native plugins for Editor in 0.00 ms.
Unloading 4349 Unused Serialized files (Serialized files now loaded: 0)
Unloading 47 unused Assets / (0.6 MB). Loaded Objects now: 4981.
Memory consumption went from 272.7 MB to 272.1 MB.
Total: 5.396500 ms (FindLiveObjects: 0.628500 ms CreateObjectMapping: 0.152200 ms MarkObjects: 4.069500 ms  DeleteObjects: 0.544300 ms)

AssetImportParameters requested are different than current active one (requested -> active):
  custom:video-decoder-ogg-theora: a1e56fd34408186e4bbccfd4996cb3dc -> 
  custom:container-muxer-webm: aa71ff27fc2769a1b78a27578f13a17b -> 
  custom:container-demuxer-webm: 4f35f7cbe854078d1ac9338744f61a02 -> 
  custom:video-encoder-webm-vp8: eb34c28f22e8b96e1ab97ce403110664 -> 
  custom:audio-encoder-webm-vorbis: bf7c407c2cedff20999df2af8eb42d56 -> 
  custom:framework-win-MediaFoundation: 216162199b28c13a410421893ffa2e32 -> 
  custom:SearchIndexIgnoredProperties: e643bd26f0fe6173181afceb89e7c659 -> 
  custom:container-demuxer-ogg: 62fdf1f143b41e24485cea50d1cbac27 -> 
  custom:video-decoder-webm-vp8: 9c59270c3fd7afecdb556c50c9e8de78 -> 
  custom:audio-decoder-ogg-vorbis: bf7c407c2cedff20999df2af8eb42d56 -> 
========================================================================
Received Import Request.
  Time since last request: 85404.407095 seconds.
  path: Assets/Prefabs/kare_sayi3.prefab
  artifactKey: Guid(7e6e0eead4a4b514ab202eb4bb42e779) Importer(815301076,1909f56bfc062723c751e8b465ee728b)
Start importing Assets/Prefabs/kare_sayi3.prefab using Guid(7e6e0eead4a4b514ab202eb4bb42e779) Importer(815301076,1909f56bfc062723c751e8b465ee728b)  -> (artifact id: '502816a8518ea6b65c0032cc4b9139a3') in 0.319575 seconds 
========================================================================
Received Import Request.
  Time since last request: 2.887992 seconds.
  path: Assets/Prefabs/kare_sayi3.prefab
  artifactKey: Guid(7e6e0eead4a4b514ab202eb4bb42e779) Importer(815301076,1909f56bfc062723c751e8b465ee728b)
Start importing Assets/Prefabs/kare_sayi3.prefab using Guid(7e6e0eead4a4b514ab202eb4bb42e779) Importer(815301076,1909f56bfc062723c751e8b465ee728b)  -> (artifact id: '539c80bc257471f6751506da81510d77') in 0.039031 seconds 
========================================================================
Received Import Request.
  Time since last request: 1.971871 seconds.
  path: Assets/Prefabs/kare_sayi3.prefab
  artifactKey: Guid(7e6e0eead4a4b514ab202eb4bb42e779) Importer(815301076,1909f56bfc062723c751e8b465ee728b)
Start importing Assets/Prefabs/kare_sayi3.prefab using Guid(7e6e0eead4a4b514ab202eb4bb42e779) Importer(815301076,1909f56bfc062723c751e8b465ee728b)  -> (artifact id: '19c37754527c2a47747044a9779c2401') in 0.036680 seconds 
========================================================================
Received Import Request.
  Time since last request: 2.200685 seconds.
  path: Assets/Prefabs/kare_sayi3.prefab
  artifactKey: Guid(7e6e0eead4a4b514ab202eb4bb42e779) Importer(815301076,1909f56bfc062723c751e8b465ee728b)
Start importing Assets/Prefabs/kare_sayi3.prefab using Guid(7e6e0eead4a4b514ab202eb4bb42e779) Importer(815301076,1909f56bfc062723c751e8b465ee728b)  -> (artifact id: '4bac76c6d535e9e3e2ddb9431e5223cd') in 0.032795 seconds 
========================================================================
Received Import Request.
  Time since last request: 158.151214 seconds.
  path: Assets/Prefabs/1 1.prefab
  artifactKey: Guid(dc5660bc8345ba6459e44337a4f8a763) Importer(815301076,1909f56bfc062723c751e8b465ee728b)
Start importing Assets/Prefabs/1 1.prefab using Guid(dc5660bc8345ba6459e44337a4f8a763) Importer(815301076,1909f56bfc062723c751e8b465ee728b)  -> (artifact id: 'acab28eab7a0c18baba0d5050af383a8') in 0.101250 seconds 
========================================================================
Received Import Request.
  Time since last request: 0.000029 seconds.
  path: Assets/Prefabs/kare_sayi5.prefab
  artifactKey: Guid(602af13e20e8e72489d37fb83e1dc0d6) Importer(815301076,1909f56bfc062723c751e8b465ee728b)
Start importing Assets/Prefabs/kare_sayi5.prefab using Guid(602af13e20e8e72489d37fb83e1dc0d6) Importer(815301076,1909f56bfc062723c751e8b465ee728b)  -> (artifact id: '0eabca1af1545a7e062c7ed6db3b65d9') in 0.091120 seconds 
========================================================================
Received Import Request.
  Time since last request: 0.000037 seconds.
  path: Assets/Prefabs/kare_sayi6 1.prefab
  artifactKey: Guid(3d711755e35a8bd4bbea6e6b6696b83f) Importer(815301076,1909f56bfc062723c751e8b465ee728b)
Start importing Assets/Prefabs/kare_sayi6 1.prefab using Guid(3d711755e35a8bd4bbea6e6b6696b83f) Importer(815301076,1909f56bfc062723c751e8b465ee728b)  -> (artifact id: 'e0fc00a60846a5ba688833e04eeb1adb') in 0.105152 seconds 
========================================================================
Received Import Request.
  Time since last request: 0.000044 seconds.
  path: Assets/Prefabs/7.prefab
  artifactKey: Guid(c6d073d8e765687439a7e8704163b64b) Importer(815301076,1909f56bfc062723c751e8b465ee728b)
Start importing Assets/Prefabs/7.prefab using Guid(c6d073d8e765687439a7e8704163b64b) Importer(815301076,1909f56bfc062723c751e8b465ee728b)  -> (artifact id: '3233c71c722664239d13d1daa1e679fc') in 0.059436 seconds 
========================================================================
Received Import Request.
  Time since last request: 0.000039 seconds.
  path: Assets/Prefabs/5 1.prefab
  artifactKey: Guid(aa6a59bae240d2349b5f02f15078c27a) Importer(815301076,1909f56bfc062723c751e8b465ee728b)
Start importing Assets/Prefabs/5 1.prefab using Guid(aa6a59bae240d2349b5f02f15078c27a) Importer(815301076,1909f56bfc062723c751e8b465ee728b)  -> (artifact id: 'b3cf3724617396d03b14f98c7cbdf337') in 0.058916 seconds 
========================================================================
Received Import Request.
  Time since last request: 0.000024 seconds.
  path: Assets/Prefabs/kare_sayi2.prefab
  artifactKey: Guid(22a45c31f9985a64e9a3e08f6ad55c58) Importer(815301076,1909f56bfc062723c751e8b465ee728b)
Start importing Assets/Prefabs/kare_sayi2.prefab using Guid(22a45c31f9985a64e9a3e08f6ad55c58) Importer(815301076,1909f56bfc062723c751e8b465ee728b)  -> (artifact id: '12d1a646fb56fa472a3b1c7c6000a1bc') in 0.038410 seconds 
========================================================================
Received Import Request.
  Time since last request: 0.000030 seconds.
  path: Assets/Prefabs/3.prefab
  artifactKey: Guid(2243d0f13d452eb429c2654c936e16cf) Importer(815301076,1909f56bfc062723c751e8b465ee728b)
Start importing Assets/Prefabs/3.prefab using Guid(2243d0f13d452eb429c2654c936e16cf) Importer(815301076,1909f56bfc062723c751e8b465ee728b)  -> (artifact id: '686dfa1a7f97748096fe105d6d4d50a4') in 0.058418 seconds 
========================================================================
Received Import Request.
  Time since last request: 0.000040 seconds.
  path: Assets/Prefabs/kare_sayi5 1.prefab
  artifactKey: Guid(7d76a5323e4673c4eaa18fb6763972ab) Importer(815301076,1909f56bfc062723c751e8b465ee728b)
Start importing Assets/Prefabs/kare_sayi5 1.prefab using Guid(7d76a5323e4673c4eaa18fb6763972ab) Importer(815301076,1909f56bfc062723c751e8b465ee728b)  -> (artifact id: 'c859f02b1a3dd49c9422705a8a2d9460') in 0.096534 seconds 
========================================================================
Received Import Request.
  Time since last request: 0.000046 seconds.
  path: Assets/Prefabs/7 1.prefab
  artifactKey: Guid(a1e81f7036011554899e78baf02a54c6) Importer(815301076,1909f56bfc062723c751e8b465ee728b)
Start importing Assets/Prefabs/7 1.prefab using Guid(a1e81f7036011554899e78baf02a54c6) Importer(815301076,1909f56bfc062723c751e8b465ee728b)  -> (artifact id: '4554101b99d988e099c33f99546efa7a') in 0.112709 seconds 
========================================================================
Received Import Request.
  Time since last request: 0.000031 seconds.
  path: Assets/Prefabs/5.prefab
  artifactKey: Guid(95f95f3748220d345a0e9ddd6b82db11) Importer(815301076,1909f56bfc062723c751e8b465ee728b)
Start importing Assets/Prefabs/5.prefab using Guid(95f95f3748220d345a0e9ddd6b82db11) Importer(815301076,1909f56bfc062723c751e8b465ee728b)  -> (artifact id: 'df796cd71963492f5fe53f48f30b823f') in 0.057768 seconds 
========================================================================
Received Import Request.
  Time since last request: 0.000033 seconds.
  path: Assets/Prefabs/kare_sayi1.prefab
  artifactKey: Guid(ce687fdb0ecbbd74f8103bb5bc149ad2) Importer(815301076,1909f56bfc062723c751e8b465ee728b)
Start importing Assets/Prefabs/kare_sayi1.prefab using Guid(ce687fdb0ecbbd74f8103bb5bc149ad2) Importer(815301076,1909f56bfc062723c751e8b465ee728b)  -> (artifact id: '4ed66d7e9c93fd2c9a450940afb79416') in 0.039157 seconds 
========================================================================
Received Import Request.
  Time since last request: 0.000042 seconds.
  path: Assets/Prefabs/kare_sayi4 1.prefab
  artifactKey: Guid(86387b5da6259ff479c04c1bf5b3a0fb) Importer(815301076,1909f56bfc062723c751e8b465ee728b)
Start importing Assets/Prefabs/kare_sayi4 1.prefab using Guid(86387b5da6259ff479c04c1bf5b3a0fb) Importer(815301076,1909f56bfc062723c751e8b465ee728b)  -> (artifact id: 'f28b7b24373ea593f0e963ef856f4c3f') in 0.063620 seconds 
========================================================================
Received Import Request.
  Time since last request: 0.000051 seconds.
  path: Assets/Prefabs/6.prefab
  artifactKey: Guid(1a0d9fc4dd892334b81d78a47b685916) Importer(815301076,1909f56bfc062723c751e8b465ee728b)
Start importing Assets/Prefabs/6.prefab using Guid(1a0d9fc4dd892334b81d78a47b685916) Importer(815301076,1909f56bfc062723c751e8b465ee728b)  -> (artifact id: '7815607a895946618416d02cea746b15') in 0.099114 seconds 
========================================================================
Received Import Request.
  Time since last request: 0.000042 seconds.
  path: Assets/Prefabs/6 1.prefab
  artifactKey: Guid(06919fde15aba454fbdfe3abe30b0872) Importer(815301076,1909f56bfc062723c751e8b465ee728b)
Start importing Assets/Prefabs/6 1.prefab using Guid(06919fde15aba454fbdfe3abe30b0872) Importer(815301076,1909f56bfc062723c751e8b465ee728b)  -> (artifact id: 'a0901a271c2f6baf7757011930ee258b') in 0.063727 seconds 
========================================================================
Received Import Request.
  Time since last request: 0.000036 seconds.
  path: Assets/Prefabs/8.prefab
  artifactKey: Guid(b160923597255f94380a8e78704c2cee) Importer(815301076,1909f56bfc062723c751e8b465ee728b)
Start importing Assets/Prefabs/8.prefab using Guid(b160923597255f94380a8e78704c2cee) Importer(815301076,1909f56bfc062723c751e8b465ee728b)  -> (artifact id: '7f8f8f6f4be2fd1813d3950572465720') in 0.066934 seconds 
========================================================================
Received Import Request.
  Time since last request: 0.000046 seconds.
  path: Assets/Prefabs/kare_yuva4.prefab
  artifactKey: Guid(10487228b931d294c939c60583b16ebc) Importer(815301076,1909f56bfc062723c751e8b465ee728b)
Start importing Assets/Prefabs/kare_yuva4.prefab using Guid(10487228b931d294c939c60583b16ebc) Importer(815301076,1909f56bfc062723c751e8b465ee728b)  -> (artifact id: '74d352adae25612911c7f25ac8ec44d7') in 0.066838 seconds 
========================================================================
Received Prepare
Registering precompiled user dll's ...
Registered in 0.008239 seconds.
Begin MonoManager ReloadAssembly
Native extension for UWP target not found
Native extension for WindowsStandalone target not found
Native extension for iOS target not found
Native extension for Android target not found
Refreshing native plugins compatible for Editor in 2.21 ms, found 2 plugins.
Preloading 0 native plugins for Editor in 0.00 ms.
Mono: successfully reloaded assembly
- Completed reload, in  1.679 seconds
Domain Reload Profiling:
	ReloadAssembly (1679ms)
		BeginReloadAssembly (169ms)
			ExecutionOrderSort (0ms)
			DisableScriptedObjects (10ms)
			BackupInstance (0ms)
			ReleaseScriptingObjects (0ms)
			CreateAndSetChildDomain (50ms)
		EndReloadAssembly (1394ms)
			LoadAssemblies (103ms)
			RebuildTransferFunctionScriptingTraits (0ms)
			SetupTypeCache (294ms)
			ReleaseScriptCaches (3ms)
			RebuildScriptCaches (71ms)
			SetupLoadedEditorAssemblies (771ms)
				LogAssemblyErrors (0ms)
				InitializePlatformSupportModulesInManaged (43ms)
				SetLoadedEditorAssemblies (0ms)
				RefreshPlugins (2ms)
				BeforeProcessingInitializeOnLoad (117ms)
				ProcessInitializeOnLoadAttributes (494ms)
				ProcessInitializeOnLoadMethodAttributes (104ms)
				AfterProcessingInitializeOnLoad (9ms)
				EditorAssembliesLoaded (0ms)
			ExecutionOrderSort2 (0ms)
			AwakeInstancesAfterBackupRestoration (47ms)
Platform modules already initialized, skipping
Refreshing native plugins compatible for Editor in 6.96 ms, found 2 plugins.
Preloading 0 native plugins for Editor in 0.00 ms.
Unloading 4357 Unused Serialized files (Serialized files now loaded: 0)
Unloading 47 unused Assets / (0.6 MB). Loaded Objects now: 5037.
Memory consumption went from 280.3 MB to 279.6 MB.
Total: 4.463900 ms (FindLiveObjects: 0.457200 ms CreateObjectMapping: 0.102800 ms MarkObjects: 3.534800 ms  DeleteObjects: 0.367500 ms)

AssetImportParameters requested are different than current active one (requested -> active):
  custom:video-decoder-ogg-theora: a1e56fd34408186e4bbccfd4996cb3dc -> 
  custom:container-muxer-webm: aa71ff27fc2769a1b78a27578f13a17b -> 
  custom:container-demuxer-webm: 4f35f7cbe854078d1ac9338744f61a02 -> 
  custom:video-encoder-webm-vp8: eb34c28f22e8b96e1ab97ce403110664 -> 
  custom:audio-encoder-webm-vorbis: bf7c407c2cedff20999df2af8eb42d56 -> 
  custom:framework-win-MediaFoundation: 216162199b28c13a410421893ffa2e32 -> 
  custom:SearchIndexIgnoredProperties: e643bd26f0fe6173181afceb89e7c659 -> 
  custom:container-demuxer-ogg: 62fdf1f143b41e24485cea50d1cbac27 -> 
  custom:video-decoder-webm-vp8: 9c59270c3fd7afecdb556c50c9e8de78 -> 
  custom:audio-decoder-ogg-vorbis: bf7c407c2cedff20999df2af8eb42d56 -> 
========================================================================
Received Prepare
Registering precompiled user dll's ...
Registered in 0.008124 seconds.
Begin MonoManager ReloadAssembly
Native extension for UWP target not found
Native extension for WindowsStandalone target not found
Native extension for iOS target not found
Native extension for Android target not found
Refreshing native plugins compatible for Editor in 1.41 ms, found 2 plugins.
Preloading 0 native plugins for Editor in 0.00 ms.
Mono: successfully reloaded assembly
- Completed reload, in  1.658 seconds
Domain Reload Profiling:
	ReloadAssembly (1659ms)
		BeginReloadAssembly (180ms)
			ExecutionOrderSort (0ms)
			DisableScriptedObjects (10ms)
			BackupInstance (0ms)
			ReleaseScriptingObjects (0ms)
			CreateAndSetChildDomain (56ms)
		EndReloadAssembly (1357ms)
			LoadAssemblies (120ms)
			RebuildTransferFunctionScriptingTraits (0ms)
			SetupTypeCache (294ms)
			ReleaseScriptCaches (3ms)
			RebuildScriptCaches (61ms)
			SetupLoadedEditorAssemblies (738ms)
				LogAssemblyErrors (0ms)
				InitializePlatformSupportModulesInManaged (43ms)
				SetLoadedEditorAssemblies (1ms)
				RefreshPlugins (1ms)
				BeforeProcessingInitializeOnLoad (105ms)
				ProcessInitializeOnLoadAttributes (474ms)
				ProcessInitializeOnLoadMethodAttributes (101ms)
				AfterProcessingInitializeOnLoad (13ms)
				EditorAssembliesLoaded (0ms)
			ExecutionOrderSort2 (0ms)
			AwakeInstancesAfterBackupRestoration (43ms)
Platform modules already initialized, skipping
Refreshing native plugins compatible for Editor in 6.46 ms, found 2 plugins.
Preloading 0 native plugins for Editor in 0.00 ms.
Unloading 4357 Unused Serialized files (Serialized files now loaded: 0)
Unloading 47 unused Assets / (0.6 MB). Loaded Objects now: 5040.
Memory consumption went from 280.2 MB to 279.5 MB.
Total: 7.035300 ms (FindLiveObjects: 0.446300 ms CreateObjectMapping: 0.100700 ms MarkObjects: 6.062600 ms  DeleteObjects: 0.423000 ms)

AssetImportParameters requested are different than current active one (requested -> active):
  custom:video-decoder-ogg-theora: a1e56fd34408186e4bbccfd4996cb3dc -> 
  custom:container-muxer-webm: aa71ff27fc2769a1b78a27578f13a17b -> 
  custom:container-demuxer-webm: 4f35f7cbe854078d1ac9338744f61a02 -> 
  custom:video-encoder-webm-vp8: eb34c28f22e8b96e1ab97ce403110664 -> 
  custom:audio-encoder-webm-vorbis: bf7c407c2cedff20999df2af8eb42d56 -> 
  custom:framework-win-MediaFoundation: 216162199b28c13a410421893ffa2e32 -> 
  custom:SearchIndexIgnoredProperties: e643bd26f0fe6173181afceb89e7c659 -> 
  custom:container-demuxer-ogg: 62fdf1f143b41e24485cea50d1cbac27 -> 
  custom:video-decoder-webm-vp8: 9c59270c3fd7afecdb556c50c9e8de78 -> 
  custom:audio-decoder-ogg-vorbis: bf7c407c2cedff20999df2af8eb42d56 -> 
========================================================================
Received Import Request.
  Time since last request: 57.066716 seconds.
  path: Assets/Prefabs/1.prefab
  artifactKey: Guid(b99f9f28ef776984ba43e2ecea714765) Importer(815301076,1909f56bfc062723c751e8b465ee728b)
Start importing Assets/Prefabs/1.prefab using Guid(b99f9f28ef776984ba43e2ecea714765) Importer(815301076,1909f56bfc062723c751e8b465ee728b)  -> (artifact id: '114e319a05a6cfdfb18c9bb8c79486ff') in 0.331418 seconds 
========================================================================
Received Import Request.
  Time since last request: 0.000034 seconds.
  path: Assets/Prefabs/kare_sayi6 1.prefab
  artifactKey: Guid(3d711755e35a8bd4bbea6e6b6696b83f) Importer(815301076,1909f56bfc062723c751e8b465ee728b)
Start importing Assets/Prefabs/kare_sayi6 1.prefab using Guid(3d711755e35a8bd4bbea6e6b6696b83f) Importer(815301076,1909f56bfc062723c751e8b465ee728b)  -> (artifact id: '3851b8c96cec31598d001ef493a0891d') in 0.103777 seconds 
========================================================================
Received Import Request.
  Time since last request: 0.000061 seconds.
  path: Assets/Prefabs/kare_sayi2.prefab
  artifactKey: Guid(22a45c31f9985a64e9a3e08f6ad55c58) Importer(815301076,1909f56bfc062723c751e8b465ee728b)
Start importing Assets/Prefabs/kare_sayi2.prefab using Guid(22a45c31f9985a64e9a3e08f6ad55c58) Importer(815301076,1909f56bfc062723c751e8b465ee728b)  -> (artifact id: '144f98a2d01d2572f36c35586b090dae') in 0.042335 seconds 
========================================================================
Received Import Request.
  Time since last request: 0.000032 seconds.
  path: Assets/Prefabs/3.prefab
  artifactKey: Guid(2243d0f13d452eb429c2654c936e16cf) Importer(815301076,1909f56bfc062723c751e8b465ee728b)
Start importing Assets/Prefabs/3.prefab using Guid(2243d0f13d452eb429c2654c936e16cf) Importer(815301076,1909f56bfc062723c751e8b465ee728b)  -> (artifact id: '5fccabaf0a75f19845d295cc20266c12') in 0.079861 seconds 
========================================================================
Received Import Request.
  Time since last request: 0.000069 seconds.
  path: Assets/Prefabs/7 1.prefab
  artifactKey: Guid(a1e81f7036011554899e78baf02a54c6) Importer(815301076,1909f56bfc062723c751e8b465ee728b)
Start importing Assets/Prefabs/7 1.prefab using Guid(a1e81f7036011554899e78baf02a54c6) Importer(815301076,1909f56bfc062723c751e8b465ee728b)  -> (artifact id: '6d9d7e2edb19e67045da03a034f15735') in 0.053326 seconds 
========================================================================
Received Import Request.
  Time since last request: 0.000032 seconds.
  path: Assets/Prefabs/5.prefab
  artifactKey: Guid(95f95f3748220d345a0e9ddd6b82db11) Importer(815301076,1909f56bfc062723c751e8b465ee728b)
Start importing Assets/Prefabs/5.prefab using Guid(95f95f3748220d345a0e9ddd6b82db11) Importer(815301076,1909f56bfc062723c751e8b465ee728b)  -> (artifact id: 'e2d7f07c200d3513de7c16a9154ac805') in 0.052374 seconds 
========================================================================
Received Import Request.
  Time since last request: 0.000036 seconds.
  path: Assets/Prefabs/kare_sayi4 1.prefab
  artifactKey: Guid(86387b5da6259ff479c04c1bf5b3a0fb) Importer(815301076,1909f56bfc062723c751e8b465ee728b)
Start importing Assets/Prefabs/kare_sayi4 1.prefab using Guid(86387b5da6259ff479c04c1bf5b3a0fb) Importer(815301076,1909f56bfc062723c751e8b465ee728b)  -> (artifact id: '00f44ffecaf7ac0dad2a75972449e74e') in 0.055851 seconds 
========================================================================
Received Import Request.
  Time since last request: 0.000038 seconds.
  path: Assets/Prefabs/4.prefab
  artifactKey: Guid(74f7695ebc6593348bfc0cc75a470628) Importer(815301076,1909f56bfc062723c751e8b465ee728b)
Start importing Assets/Prefabs/4.prefab using Guid(74f7695ebc6593348bfc0cc75a470628) Importer(815301076,1909f56bfc062723c751e8b465ee728b)  -> (artifact id: 'da23bf7fdb7c1e699c1ecc1718559512') in 0.055837 seconds 
========================================================================
Received Import Request.
  Time since last request: 0.000031 seconds.
  path: Assets/Prefabs/kare_yuva5.prefab
  artifactKey: Guid(8460665222b850c438db9315daead913) Importer(815301076,1909f56bfc062723c751e8b465ee728b)
Start importing Assets/Prefabs/kare_yuva5.prefab using Guid(8460665222b850c438db9315daead913) Importer(815301076,1909f56bfc062723c751e8b465ee728b)  -> (artifact id: '8c82111ac57a68ff2512cb8e00af8cdd') in 0.063743 seconds 
========================================================================
Received Import Request.
  Time since last request: 0.000044 seconds.
  path: Assets/Prefabs/kare_yuva4.prefab
  artifactKey: Guid(10487228b931d294c939c60583b16ebc) Importer(815301076,1909f56bfc062723c751e8b465ee728b)
Start importing Assets/Prefabs/kare_yuva4.prefab using Guid(10487228b931d294c939c60583b16ebc) Importer(815301076,1909f56bfc062723c751e8b465ee728b)  -> (artifact id: '4f1bcbac11eff750886f7584afd471f4') in 0.061403 seconds 
