Using pre-set license
Built from '2021.2/staging' branch; Version is '2021.2.16f1 (559fc0ec6670) revision 5611456'; Using compiler version '192829333'; Build Type 'Release'
OS: 'Windows 10  (10.0.19044) 64bit Professional' Language: 'tr' Physical Memory: 16315 MB
BatchMode: 1, IsHumanControllingUs: 0, StartBugReporterOnCrash: 0, Is64bit: 1, IsPro: 1

COMMAND LINE ARGUMENTS:
C:\Program Files\Unity\Hub\Editor\2021.2.16f1\Editor\Unity.exe
-adb2
-batchMode
-noUpm
-name
AssetImportWorker4
-projectPath
C:/Games/MyGames/GreenKids
-logFile
Logs/AssetImportWorker4.log
-srvPort
59785
Successfully changed project path to: C:/Games/MyGames/GreenKids
C:/Games/MyGames/GreenKids
[UnityMemory] Configuration Parameters - Can be set up in boot.config
    "memorysetup-bucket-allocator-granularity=16"
    "memorysetup-bucket-allocator-bucket-count=8"
    "memorysetup-bucket-allocator-block-size=33554432"
    "memorysetup-bucket-allocator-block-count=8"
    "memorysetup-main-allocator-block-size=16777216"
    "memorysetup-thread-allocator-block-size=16777216"
    "memorysetup-gfx-main-allocator-block-size=16777216"
    "memorysetup-gfx-thread-allocator-block-size=16777216"
    "memorysetup-cache-allocator-block-size=4194304"
    "memorysetup-typetree-allocator-block-size=2097152"
    "memorysetup-profiler-bucket-allocator-granularity=16"
    "memorysetup-profiler-bucket-allocator-bucket-count=8"
    "memorysetup-profiler-bucket-allocator-block-size=33554432"
    "memorysetup-profiler-bucket-allocator-block-count=8"
    "memorysetup-profiler-allocator-block-size=16777216"
    "memorysetup-profiler-editor-allocator-block-size=1048576"
    "memorysetup-temp-allocator-size-main=16777216"
    "memorysetup-job-temp-allocator-block-size=2097152"
    "memorysetup-job-temp-allocator-block-size-background=1048576"
    "memorysetup-job-temp-allocator-reduction-small-platforms=262144"
    "memorysetup-temp-allocator-size-background-worker=32768"
    "memorysetup-temp-allocator-size-job-worker=262144"
    "memorysetup-temp-allocator-size-preload-manager=33554432"
    "memorysetup-temp-allocator-size-nav-mesh-worker=65536"
    "memorysetup-temp-allocator-size-audio-worker=65536"
    "memorysetup-temp-allocator-size-cloud-worker=32768"
    "memorysetup-temp-allocator-size-gi-baking-worker=262144"
    "memorysetup-temp-allocator-size-gfx=262144"
Refreshing native plugins compatible for Editor in 117.53 ms, found 2 plugins.
Preloading 0 native plugins for Editor in 0.00 ms.
Initialize engine version: 2021.2.16f1 (559fc0ec6670)
[Subsystems] Discovering subsystems at path C:/Program Files/Unity/Hub/Editor/2021.2.16f1/Editor/Data/Resources/UnitySubsystems
[Subsystems] Discovering subsystems at path C:/Games/MyGames/GreenKids/Assets
GfxDevice: creating device client; threaded=0; jobified=0
Direct3D:
    Version:  Direct3D 11.0 [level 11.1]
    Renderer: NVIDIA GeForce GTX 1660 (ID=0x2184)
    Vendor:   NVIDIA
    VRAM:     5992 MB
    Driver:   30.0.15.1179
Initialize mono
Mono path[0] = 'C:/Program Files/Unity/Hub/Editor/2021.2.16f1/Editor/Data/Managed'
Mono path[1] = 'C:/Program Files/Unity/Hub/Editor/2021.2.16f1/Editor/Data/MonoBleedingEdge/lib/mono/unityjit-win32'
Mono config path = 'C:/Program Files/Unity/Hub/Editor/2021.2.16f1/Editor/Data/MonoBleedingEdge/etc'
Using monoOptions --debugger-agent=transport=dt_socket,embedding=1,server=y,suspend=n,address=127.0.0.1:56496
Begin MonoManager ReloadAssembly
Registering precompiled unity dll's ...
Register platform support module: C:/Program Files/Unity/Hub/Editor/2021.2.16f1/Editor/Data/PlaybackEngines/AndroidPlayer/UnityEditor.Android.Extensions.dll
Register platform support module: C:/Program Files/Unity/Hub/Editor/2021.2.16f1/Editor/Data/PlaybackEngines/iOSSupport/UnityEditor.iOS.Extensions.dll
Register platform support module: C:/Program Files/Unity/Hub/Editor/2021.2.16f1/Editor/Data/PlaybackEngines/WindowsStandaloneSupport/UnityEditor.WindowsStandalone.Extensions.dll
Register platform support module: C:/Program Files/Unity/Hub/Editor/2021.2.16f1/Editor/Data/PlaybackEngines/MetroSupport/UnityEditor.UWP.Extensions.dll
Registered in 0.014813 seconds.
Native extension for UWP target not found
Native extension for WindowsStandalone target not found
[usbmuxd] Start listen thread
[usbmuxd] Listen thread started
Native extension for iOS target not found
Native extension for Android target not found
Refreshing native plugins compatible for Editor in 114.46 ms, found 2 plugins.
Preloading 0 native plugins for Editor in 0.00 ms.
Mono: successfully reloaded assembly
- Completed reload, in  0.889 seconds
Domain Reload Profiling:
	ReloadAssembly (890ms)
		BeginReloadAssembly (93ms)
			ExecutionOrderSort (0ms)
			DisableScriptedObjects (0ms)
			BackupInstance (0ms)
			ReleaseScriptingObjects (0ms)
			CreateAndSetChildDomain (1ms)
		EndReloadAssembly (637ms)
			LoadAssemblies (91ms)
			RebuildTransferFunctionScriptingTraits (0ms)
			SetupTypeCache (153ms)
			ReleaseScriptCaches (0ms)
			RebuildScriptCaches (32ms)
			SetupLoadedEditorAssemblies (384ms)
				LogAssemblyErrors (0ms)
				InitializePlatformSupportModulesInManaged (83ms)
				SetLoadedEditorAssemblies (0ms)
				RefreshPlugins (115ms)
				BeforeProcessingInitializeOnLoad (2ms)
				ProcessInitializeOnLoadAttributes (127ms)
				ProcessInitializeOnLoadMethodAttributes (57ms)
				AfterProcessingInitializeOnLoad (0ms)
				EditorAssembliesLoaded (0ms)
			ExecutionOrderSort2 (0ms)
			AwakeInstancesAfterBackupRestoration (0ms)
Platform modules already initialized, skipping
Registering precompiled user dll's ...
Registered in 0.008704 seconds.
Begin MonoManager ReloadAssembly
Native extension for UWP target not found
Native extension for WindowsStandalone target not found
Native extension for iOS target not found
Native extension for Android target not found
Refreshing native plugins compatible for Editor in 113.50 ms, found 2 plugins.
Preloading 0 native plugins for Editor in 0.00 ms.
Mono: successfully reloaded assembly
- Completed reload, in  2.587 seconds
Domain Reload Profiling:
	ReloadAssembly (2589ms)
		BeginReloadAssembly (248ms)
			ExecutionOrderSort (0ms)
			DisableScriptedObjects (7ms)
			BackupInstance (0ms)
			ReleaseScriptingObjects (0ms)
			CreateAndSetChildDomain (128ms)
		EndReloadAssembly (2179ms)
			LoadAssemblies (112ms)
			RebuildTransferFunctionScriptingTraits (0ms)
			SetupTypeCache (361ms)
			ReleaseScriptCaches (1ms)
			RebuildScriptCaches (89ms)
			SetupLoadedEditorAssemblies (1552ms)
				LogAssemblyErrors (0ms)
				InitializePlatformSupportModulesInManaged (34ms)
				SetLoadedEditorAssemblies (0ms)
				RefreshPlugins (114ms)
				BeforeProcessingInitializeOnLoad (129ms)
				ProcessInitializeOnLoadAttributes (1152ms)
				ProcessInitializeOnLoadMethodAttributes (112ms)
				AfterProcessingInitializeOnLoad (12ms)
				EditorAssembliesLoaded (0ms)
			ExecutionOrderSort2 (0ms)
			AwakeInstancesAfterBackupRestoration (7ms)
Platform modules already initialized, skipping
========================================================================
Worker process is ready to serve import requests
Launched and connected shader compiler UnityShaderCompiler.exe after 0.07 seconds
Refreshing native plugins compatible for Editor in 1.20 ms, found 2 plugins.
Preloading 0 native plugins for Editor in 0.00 ms.
Unloading 4516 Unused Serialized files (Serialized files now loaded: 0)
Unloading 54 unused Assets / (0.7 MB). Loaded Objects now: 4978.
Memory consumption went from 283.0 MB to 282.3 MB.
Total: 5.073300 ms (FindLiveObjects: 0.587800 ms CreateObjectMapping: 0.119200 ms MarkObjects: 4.023000 ms  DeleteObjects: 0.341600 ms)

AssetImportParameters requested are different than current active one (requested -> active):
  custom:video-decoder-ogg-theora: a1e56fd34408186e4bbccfd4996cb3dc -> 
  custom:container-muxer-webm: aa71ff27fc2769a1b78a27578f13a17b -> 
  custom:container-demuxer-webm: 4f35f7cbe854078d1ac9338744f61a02 -> 
  custom:video-encoder-webm-vp8: eb34c28f22e8b96e1ab97ce403110664 -> 
  custom:audio-encoder-webm-vorbis: bf7c407c2cedff20999df2af8eb42d56 -> 
  custom:framework-win-MediaFoundation: 216162199b28c13a410421893ffa2e32 -> 
  custom:container-demuxer-ogg: 62fdf1f143b41e24485cea50d1cbac27 -> 
  custom:video-decoder-webm-vp8: 9c59270c3fd7afecdb556c50c9e8de78 -> 
  custom:audio-decoder-ogg-vorbis: bf7c407c2cedff20999df2af8eb42d56 -> 
========================================================================
Received Import Request.
  Time since last request: 1915.974377 seconds.
  path: Assets/Prefabs/EslesmeFab/1.prefab
  artifactKey: Guid(9b3dd087460d4714fa7fef893eb383ab) Importer(815301076,1909f56bfc062723c751e8b465ee728b)
Start importing Assets/Prefabs/EslesmeFab/1.prefab using Guid(9b3dd087460d4714fa7fef893eb383ab) Importer(815301076,1909f56bfc062723c751e8b465ee728b)  -> (artifact id: 'ab267be2025c3ff1b9fc51a1d766b895') in 0.408928 seconds 
========================================================================
Received Import Request.
  Time since last request: 7.257899 seconds.
  path: Assets/Prefabs/EslesmeFab/1.prefab
  artifactKey: Guid(9b3dd087460d4714fa7fef893eb383ab) Importer(815301076,1909f56bfc062723c751e8b465ee728b)
Start importing Assets/Prefabs/EslesmeFab/1.prefab using Guid(9b3dd087460d4714fa7fef893eb383ab) Importer(815301076,1909f56bfc062723c751e8b465ee728b)  -> (artifact id: 'f8ce4ce8b3d2a2203a966784a8425bd4') in 0.051206 seconds 
========================================================================
Received Import Request.
  Time since last request: 5.228871 seconds.
  path: Assets/Prefabs/EslesmeFab/1.prefab
  artifactKey: Guid(9b3dd087460d4714fa7fef893eb383ab) Importer(815301076,1909f56bfc062723c751e8b465ee728b)
Start importing Assets/Prefabs/EslesmeFab/1.prefab using Guid(9b3dd087460d4714fa7fef893eb383ab) Importer(815301076,1909f56bfc062723c751e8b465ee728b)  -> (artifact id: 'f0d65abf0e33f40327c816e6b10abafc') in 0.041034 seconds 
========================================================================
Received Import Request.
  Time since last request: 1.571144 seconds.
  path: Assets/Prefabs/EslesmeFab/1.prefab
  artifactKey: Guid(9b3dd087460d4714fa7fef893eb383ab) Importer(815301076,1909f56bfc062723c751e8b465ee728b)
Start importing Assets/Prefabs/EslesmeFab/1.prefab using Guid(9b3dd087460d4714fa7fef893eb383ab) Importer(815301076,1909f56bfc062723c751e8b465ee728b)  -> (artifact id: '3c57f2b6c6b8099b55360b641f792067') in 0.045647 seconds 
========================================================================
Received Import Request.
  Time since last request: 19.793561 seconds.
  path: Assets/Prefabs/EslesmeFab/1.prefab
  artifactKey: Guid(9b3dd087460d4714fa7fef893eb383ab) Importer(815301076,1909f56bfc062723c751e8b465ee728b)
Start importing Assets/Prefabs/EslesmeFab/1.prefab using Guid(9b3dd087460d4714fa7fef893eb383ab) Importer(815301076,1909f56bfc062723c751e8b465ee728b)  -> (artifact id: 'b26bccd056e9ca15e150aa9408aaacdc') in 0.046717 seconds 
========================================================================
Received Import Request.
  Time since last request: 1.561998 seconds.
  path: Assets/Prefabs/EslesmeFab/1.prefab
  artifactKey: Guid(9b3dd087460d4714fa7fef893eb383ab) Importer(815301076,1909f56bfc062723c751e8b465ee728b)
Start importing Assets/Prefabs/EslesmeFab/1.prefab using Guid(9b3dd087460d4714fa7fef893eb383ab) Importer(815301076,1909f56bfc062723c751e8b465ee728b)  -> (artifact id: 'c7c47550358fb37c364e9f9ce75e0147') in 0.043680 seconds 
========================================================================
Received Import Request.
  Time since last request: 5.185730 seconds.
  path: Assets/Prefabs/EslesmeFab/1.prefab
  artifactKey: Guid(9b3dd087460d4714fa7fef893eb383ab) Importer(815301076,1909f56bfc062723c751e8b465ee728b)
Start importing Assets/Prefabs/EslesmeFab/1.prefab using Guid(9b3dd087460d4714fa7fef893eb383ab) Importer(815301076,1909f56bfc062723c751e8b465ee728b)  -> (artifact id: '28414395b9a86fb49c842758c50a4fdb') in 0.045909 seconds 
========================================================================
Received Import Request.
  Time since last request: 4.594810 seconds.
  path: Assets/Prefabs/EslesmeFab/1.prefab
  artifactKey: Guid(9b3dd087460d4714fa7fef893eb383ab) Importer(815301076,1909f56bfc062723c751e8b465ee728b)
Start importing Assets/Prefabs/EslesmeFab/1.prefab using Guid(9b3dd087460d4714fa7fef893eb383ab) Importer(815301076,1909f56bfc062723c751e8b465ee728b)  -> (artifact id: 'ac4334e4d61adcd15d73253198466c10') in 0.050290 seconds 
========================================================================
Received Import Request.
  Time since last request: 27.531154 seconds.
  path: Assets/Prefabs/EslesmeFab/2.prefab
  artifactKey: Guid(173fd8bca66691345be231a07b598a02) Importer(815301076,1909f56bfc062723c751e8b465ee728b)
Start importing Assets/Prefabs/EslesmeFab/2.prefab using Guid(173fd8bca66691345be231a07b598a02) Importer(815301076,1909f56bfc062723c751e8b465ee728b)  -> (artifact id: 'dd66253758d874c63557b5aba4b7a345') in 0.039422 seconds 
========================================================================
Received Import Request.
  Time since last request: 15.069608 seconds.
  path: Assets/Prefabs/EslesmeFab/2.prefab
  artifactKey: Guid(173fd8bca66691345be231a07b598a02) Importer(815301076,1909f56bfc062723c751e8b465ee728b)
Start importing Assets/Prefabs/EslesmeFab/2.prefab using Guid(173fd8bca66691345be231a07b598a02) Importer(815301076,1909f56bfc062723c751e8b465ee728b)  -> (artifact id: '3f26c4e56d85b420f75ea35a8912dde5') in 0.042239 seconds 
========================================================================
Received Import Request.
  Time since last request: 2.972909 seconds.
  path: Assets/Prefabs/EslesmeFab/2.prefab
  artifactKey: Guid(173fd8bca66691345be231a07b598a02) Importer(815301076,1909f56bfc062723c751e8b465ee728b)
Start importing Assets/Prefabs/EslesmeFab/2.prefab using Guid(173fd8bca66691345be231a07b598a02) Importer(815301076,1909f56bfc062723c751e8b465ee728b)  -> (artifact id: 'e2cf13c4e7a7e29e2c97168e2b716be3') in 0.052116 seconds 
========================================================================
Received Import Request.
  Time since last request: 9.634457 seconds.
  path: Assets/Prefabs/EslesmeFab/2.prefab
  artifactKey: Guid(173fd8bca66691345be231a07b598a02) Importer(815301076,1909f56bfc062723c751e8b465ee728b)
Start importing Assets/Prefabs/EslesmeFab/2.prefab using Guid(173fd8bca66691345be231a07b598a02) Importer(815301076,1909f56bfc062723c751e8b465ee728b)  -> (artifact id: '44cd10e6c32ff1e8a73558c974eae958') in 0.054331 seconds 
========================================================================
Received Import Request.
  Time since last request: 1.132684 seconds.
  path: Assets/Prefabs/EslesmeFab/2.prefab
  artifactKey: Guid(173fd8bca66691345be231a07b598a02) Importer(815301076,1909f56bfc062723c751e8b465ee728b)
Start importing Assets/Prefabs/EslesmeFab/2.prefab using Guid(173fd8bca66691345be231a07b598a02) Importer(815301076,1909f56bfc062723c751e8b465ee728b)  -> (artifact id: '3ccf8b1046907a6d6d97f5514bcd2ab6') in 0.048535 seconds 
========================================================================
Received Import Request.
  Time since last request: 12.507424 seconds.
  path: Assets/Prefabs/EslesmeFab/2.prefab
  artifactKey: Guid(173fd8bca66691345be231a07b598a02) Importer(815301076,1909f56bfc062723c751e8b465ee728b)
Start importing Assets/Prefabs/EslesmeFab/2.prefab using Guid(173fd8bca66691345be231a07b598a02) Importer(815301076,1909f56bfc062723c751e8b465ee728b)  -> (artifact id: 'cfd1aedd06ee02e81c6da8516600c76e') in 0.053744 seconds 
========================================================================
Received Import Request.
  Time since last request: 4.766719 seconds.
  path: Assets/Prefabs/EslesmeFab/2.prefab
  artifactKey: Guid(173fd8bca66691345be231a07b598a02) Importer(815301076,1909f56bfc062723c751e8b465ee728b)
Start importing Assets/Prefabs/EslesmeFab/2.prefab using Guid(173fd8bca66691345be231a07b598a02) Importer(815301076,1909f56bfc062723c751e8b465ee728b)  -> (artifact id: '3e8271a90a7bc2a9ab4ced8411f760f2') in 0.053449 seconds 
========================================================================
Received Import Request.
  Time since last request: 6.641675 seconds.
  path: Assets/Prefabs/EslesmeFab/2.prefab
  artifactKey: Guid(173fd8bca66691345be231a07b598a02) Importer(815301076,1909f56bfc062723c751e8b465ee728b)
Start importing Assets/Prefabs/EslesmeFab/2.prefab using Guid(173fd8bca66691345be231a07b598a02) Importer(815301076,1909f56bfc062723c751e8b465ee728b)  -> (artifact id: '93e3ec0fd27b5417589f383495e8b94e') in 0.052457 seconds 
========================================================================
Received Import Request.
  Time since last request: 12.368929 seconds.
  path: Assets/Prefabs/EslesmeFab/3.prefab
  artifactKey: Guid(16f65c28a1c54ac43a3ef578cfd2324e) Importer(815301076,1909f56bfc062723c751e8b465ee728b)
Start importing Assets/Prefabs/EslesmeFab/3.prefab using Guid(16f65c28a1c54ac43a3ef578cfd2324e) Importer(815301076,1909f56bfc062723c751e8b465ee728b)  -> (artifact id: 'ea4df84486f048e7eb5e2db838bf00ba') in 0.045835 seconds 
========================================================================
Received Import Request.
  Time since last request: 5.619530 seconds.
  path: Assets/Prefabs/EslesmeFab/3.prefab
  artifactKey: Guid(16f65c28a1c54ac43a3ef578cfd2324e) Importer(815301076,1909f56bfc062723c751e8b465ee728b)
Start importing Assets/Prefabs/EslesmeFab/3.prefab using Guid(16f65c28a1c54ac43a3ef578cfd2324e) Importer(815301076,1909f56bfc062723c751e8b465ee728b)  -> (artifact id: 'f3fb1a038ddb29d8a889d2826338686d') in 0.044830 seconds 
========================================================================
Received Import Request.
  Time since last request: 3.786143 seconds.
  path: Assets/Prefabs/EslesmeFab/3.prefab
  artifactKey: Guid(16f65c28a1c54ac43a3ef578cfd2324e) Importer(815301076,1909f56bfc062723c751e8b465ee728b)
Start importing Assets/Prefabs/EslesmeFab/3.prefab using Guid(16f65c28a1c54ac43a3ef578cfd2324e) Importer(815301076,1909f56bfc062723c751e8b465ee728b)  -> (artifact id: '1b6430933061d6640c37142e6d7a795b') in 0.050120 seconds 
========================================================================
Received Import Request.
  Time since last request: 0.741003 seconds.
  path: Assets/Prefabs/EslesmeFab/3.prefab
  artifactKey: Guid(16f65c28a1c54ac43a3ef578cfd2324e) Importer(815301076,1909f56bfc062723c751e8b465ee728b)
Start importing Assets/Prefabs/EslesmeFab/3.prefab using Guid(16f65c28a1c54ac43a3ef578cfd2324e) Importer(815301076,1909f56bfc062723c751e8b465ee728b)  -> (artifact id: '8671fa5071d4e5cc1fa7e63f17eccb91') in 0.037243 seconds 
========================================================================
Received Import Request.
  Time since last request: 3.183620 seconds.
  path: Assets/Prefabs/EslesmeFab/3.prefab
  artifactKey: Guid(16f65c28a1c54ac43a3ef578cfd2324e) Importer(815301076,1909f56bfc062723c751e8b465ee728b)
Start importing Assets/Prefabs/EslesmeFab/3.prefab using Guid(16f65c28a1c54ac43a3ef578cfd2324e) Importer(815301076,1909f56bfc062723c751e8b465ee728b)  -> (artifact id: 'c01720e3dc704ce6cb875aba2ec3394f') in 0.048188 seconds 
========================================================================
Received Import Request.
  Time since last request: 1.161267 seconds.
  path: Assets/Prefabs/EslesmeFab/3.prefab
  artifactKey: Guid(16f65c28a1c54ac43a3ef578cfd2324e) Importer(815301076,1909f56bfc062723c751e8b465ee728b)
Start importing Assets/Prefabs/EslesmeFab/3.prefab using Guid(16f65c28a1c54ac43a3ef578cfd2324e) Importer(815301076,1909f56bfc062723c751e8b465ee728b)  -> (artifact id: '0a9c4a94d54e3577df49ff4e7ba3aabc') in 0.045624 seconds 
========================================================================
Received Import Request.
  Time since last request: 2.183602 seconds.
  path: Assets/Prefabs/EslesmeFab/3.prefab
  artifactKey: Guid(16f65c28a1c54ac43a3ef578cfd2324e) Importer(815301076,1909f56bfc062723c751e8b465ee728b)
Start importing Assets/Prefabs/EslesmeFab/3.prefab using Guid(16f65c28a1c54ac43a3ef578cfd2324e) Importer(815301076,1909f56bfc062723c751e8b465ee728b)  -> (artifact id: '6beb2bccb62bef07d01e19e9bbe4f6cb') in 0.048637 seconds 
========================================================================
Received Import Request.
  Time since last request: 4.777228 seconds.
  path: Assets/Prefabs/EslesmeFab/3.prefab
  artifactKey: Guid(16f65c28a1c54ac43a3ef578cfd2324e) Importer(815301076,1909f56bfc062723c751e8b465ee728b)
Start importing Assets/Prefabs/EslesmeFab/3.prefab using Guid(16f65c28a1c54ac43a3ef578cfd2324e) Importer(815301076,1909f56bfc062723c751e8b465ee728b)  -> (artifact id: '961d889435eb615e2e41327365322586') in 0.044676 seconds 
========================================================================
Received Import Request.
  Time since last request: 3.787791 seconds.
  path: Assets/Prefabs/EslesmeFab/3.prefab
  artifactKey: Guid(16f65c28a1c54ac43a3ef578cfd2324e) Importer(815301076,1909f56bfc062723c751e8b465ee728b)
Start importing Assets/Prefabs/EslesmeFab/3.prefab using Guid(16f65c28a1c54ac43a3ef578cfd2324e) Importer(815301076,1909f56bfc062723c751e8b465ee728b)  -> (artifact id: '56551091a2fb3d19987504f6d64d12c9') in 0.054277 seconds 
========================================================================
Received Import Request.
  Time since last request: 2.370622 seconds.
  path: Assets/Prefabs/EslesmeFab/3.prefab
  artifactKey: Guid(16f65c28a1c54ac43a3ef578cfd2324e) Importer(815301076,1909f56bfc062723c751e8b465ee728b)
Start importing Assets/Prefabs/EslesmeFab/3.prefab using Guid(16f65c28a1c54ac43a3ef578cfd2324e) Importer(815301076,1909f56bfc062723c751e8b465ee728b)  -> (artifact id: 'cf324c00ab9a4788ed665d610dd2ce29') in 0.053753 seconds 
========================================================================
Received Import Request.
  Time since last request: 18.530854 seconds.
  path: Assets/Prefabs/EslesmeFab/4.prefab
  artifactKey: Guid(5166fcb76d746194d9d4c38bfc4ac493) Importer(815301076,1909f56bfc062723c751e8b465ee728b)
Start importing Assets/Prefabs/EslesmeFab/4.prefab using Guid(5166fcb76d746194d9d4c38bfc4ac493) Importer(815301076,1909f56bfc062723c751e8b465ee728b)  -> (artifact id: 'ab9034742895abff85a9e930228f1bd8') in 0.053727 seconds 
========================================================================
Received Import Request.
  Time since last request: 5.167468 seconds.
  path: Assets/Prefabs/EslesmeFab/4.prefab
  artifactKey: Guid(5166fcb76d746194d9d4c38bfc4ac493) Importer(815301076,1909f56bfc062723c751e8b465ee728b)
Start importing Assets/Prefabs/EslesmeFab/4.prefab using Guid(5166fcb76d746194d9d4c38bfc4ac493) Importer(815301076,1909f56bfc062723c751e8b465ee728b)  -> (artifact id: '790dac1938c76863b8041192b9f64acc') in 0.043991 seconds 
========================================================================
Received Import Request.
  Time since last request: 4.788111 seconds.
  path: Assets/Prefabs/EslesmeFab/4.prefab
  artifactKey: Guid(5166fcb76d746194d9d4c38bfc4ac493) Importer(815301076,1909f56bfc062723c751e8b465ee728b)
Start importing Assets/Prefabs/EslesmeFab/4.prefab using Guid(5166fcb76d746194d9d4c38bfc4ac493) Importer(815301076,1909f56bfc062723c751e8b465ee728b)  -> (artifact id: '4eb178e77262f23cc64977a0408f2a22') in 0.039754 seconds 
========================================================================
Received Import Request.
  Time since last request: 1.969648 seconds.
  path: Assets/Prefabs/EslesmeFab/4.prefab
  artifactKey: Guid(5166fcb76d746194d9d4c38bfc4ac493) Importer(815301076,1909f56bfc062723c751e8b465ee728b)
Start importing Assets/Prefabs/EslesmeFab/4.prefab using Guid(5166fcb76d746194d9d4c38bfc4ac493) Importer(815301076,1909f56bfc062723c751e8b465ee728b)  -> (artifact id: '4840e68fb2f366a5789419aa1d614b07') in 0.052889 seconds 
========================================================================
Received Import Request.
  Time since last request: 2.560341 seconds.
  path: Assets/Prefabs/EslesmeFab/4.prefab
  artifactKey: Guid(5166fcb76d746194d9d4c38bfc4ac493) Importer(815301076,1909f56bfc062723c751e8b465ee728b)
Start importing Assets/Prefabs/EslesmeFab/4.prefab using Guid(5166fcb76d746194d9d4c38bfc4ac493) Importer(815301076,1909f56bfc062723c751e8b465ee728b)  -> (artifact id: 'ab23b97d9ab722e22b1450222a80d08b') in 0.047361 seconds 
========================================================================
Received Import Request.
  Time since last request: 2.999584 seconds.
  path: Assets/Prefabs/EslesmeFab/4.prefab
  artifactKey: Guid(5166fcb76d746194d9d4c38bfc4ac493) Importer(815301076,1909f56bfc062723c751e8b465ee728b)
Start importing Assets/Prefabs/EslesmeFab/4.prefab using Guid(5166fcb76d746194d9d4c38bfc4ac493) Importer(815301076,1909f56bfc062723c751e8b465ee728b)  -> (artifact id: 'c5366e5e7719087d917eb976df499955') in 0.048611 seconds 
========================================================================
Received Import Request.
  Time since last request: 0.965973 seconds.
  path: Assets/Prefabs/EslesmeFab/4.prefab
  artifactKey: Guid(5166fcb76d746194d9d4c38bfc4ac493) Importer(815301076,1909f56bfc062723c751e8b465ee728b)
Start importing Assets/Prefabs/EslesmeFab/4.prefab using Guid(5166fcb76d746194d9d4c38bfc4ac493) Importer(815301076,1909f56bfc062723c751e8b465ee728b)  -> (artifact id: '1a6cc54071c580cc87bd8fc3bb8dca35') in 0.049973 seconds 
========================================================================
Received Import Request.
  Time since last request: 5.197675 seconds.
  path: Assets/Prefabs/EslesmeFab/4.prefab
  artifactKey: Guid(5166fcb76d746194d9d4c38bfc4ac493) Importer(815301076,1909f56bfc062723c751e8b465ee728b)
Start importing Assets/Prefabs/EslesmeFab/4.prefab using Guid(5166fcb76d746194d9d4c38bfc4ac493) Importer(815301076,1909f56bfc062723c751e8b465ee728b)  -> (artifact id: '6066d137f7d83b25696ae29e64e872a0') in 0.047450 seconds 
========================================================================
Received Import Request.
  Time since last request: 1.152884 seconds.
  path: Assets/Prefabs/EslesmeFab/4.prefab
  artifactKey: Guid(5166fcb76d746194d9d4c38bfc4ac493) Importer(815301076,1909f56bfc062723c751e8b465ee728b)
Start importing Assets/Prefabs/EslesmeFab/4.prefab using Guid(5166fcb76d746194d9d4c38bfc4ac493) Importer(815301076,1909f56bfc062723c751e8b465ee728b)  -> (artifact id: 'e956f7f1081f8cb86add6e1791290113') in 0.044170 seconds 
========================================================================
Received Import Request.
  Time since last request: 5.603665 seconds.
  path: Assets/Prefabs/EslesmeFab/4.prefab
  artifactKey: Guid(5166fcb76d746194d9d4c38bfc4ac493) Importer(815301076,1909f56bfc062723c751e8b465ee728b)
Start importing Assets/Prefabs/EslesmeFab/4.prefab using Guid(5166fcb76d746194d9d4c38bfc4ac493) Importer(815301076,1909f56bfc062723c751e8b465ee728b)  -> (artifact id: '4c02877278581bc6b2b6d6b2b827c755') in 0.044858 seconds 
========================================================================
Received Import Request.
  Time since last request: 4.187553 seconds.
  path: Assets/Prefabs/EslesmeFab/4.prefab
  artifactKey: Guid(5166fcb76d746194d9d4c38bfc4ac493) Importer(815301076,1909f56bfc062723c751e8b465ee728b)
Start importing Assets/Prefabs/EslesmeFab/4.prefab using Guid(5166fcb76d746194d9d4c38bfc4ac493) Importer(815301076,1909f56bfc062723c751e8b465ee728b)  -> (artifact id: '8447db70b83797fb27bedcff6c238a0d') in 0.039265 seconds 
========================================================================
Received Import Request.
  Time since last request: 17.059588 seconds.
  path: Assets/Prefabs/EslesmeFab/5.prefab
  artifactKey: Guid(2115e412c76329348b0ed0a2c510a49f) Importer(815301076,1909f56bfc062723c751e8b465ee728b)
Start importing Assets/Prefabs/EslesmeFab/5.prefab using Guid(2115e412c76329348b0ed0a2c510a49f) Importer(815301076,1909f56bfc062723c751e8b465ee728b)  -> (artifact id: 'f6285921bcfee7d1b7eb3f913fc86361') in 0.037962 seconds 
========================================================================
Received Import Request.
  Time since last request: 6.810920 seconds.
  path: Assets/Prefabs/EslesmeFab/5.prefab
  artifactKey: Guid(2115e412c76329348b0ed0a2c510a49f) Importer(815301076,1909f56bfc062723c751e8b465ee728b)
Start importing Assets/Prefabs/EslesmeFab/5.prefab using Guid(2115e412c76329348b0ed0a2c510a49f) Importer(815301076,1909f56bfc062723c751e8b465ee728b)  -> (artifact id: 'eb2088ff26a97128a0eef5fce2c9ecf4') in 0.036341 seconds 
========================================================================
Received Import Request.
  Time since last request: 5.635481 seconds.
  path: Assets/Prefabs/EslesmeFab/5.prefab
  artifactKey: Guid(2115e412c76329348b0ed0a2c510a49f) Importer(815301076,1909f56bfc062723c751e8b465ee728b)
Start importing Assets/Prefabs/EslesmeFab/5.prefab using Guid(2115e412c76329348b0ed0a2c510a49f) Importer(815301076,1909f56bfc062723c751e8b465ee728b)  -> (artifact id: '2410a8d377efdb53d10f324904f25e35') in 0.046866 seconds 
========================================================================
Received Import Request.
  Time since last request: 1.140435 seconds.
  path: Assets/Prefabs/EslesmeFab/5.prefab
  artifactKey: Guid(2115e412c76329348b0ed0a2c510a49f) Importer(815301076,1909f56bfc062723c751e8b465ee728b)
Start importing Assets/Prefabs/EslesmeFab/5.prefab using Guid(2115e412c76329348b0ed0a2c510a49f) Importer(815301076,1909f56bfc062723c751e8b465ee728b)  -> (artifact id: 'e8ca46941c4a57fdfc57fe3170325b1c') in 0.048808 seconds 
========================================================================
Received Import Request.
  Time since last request: 4.401282 seconds.
  path: Assets/Prefabs/EslesmeFab/5.prefab
  artifactKey: Guid(2115e412c76329348b0ed0a2c510a49f) Importer(815301076,1909f56bfc062723c751e8b465ee728b)
Start importing Assets/Prefabs/EslesmeFab/5.prefab using Guid(2115e412c76329348b0ed0a2c510a49f) Importer(815301076,1909f56bfc062723c751e8b465ee728b)  -> (artifact id: 'a17037e60df375201de2de4a0e62f51a') in 0.043073 seconds 
========================================================================
Received Import Request.
  Time since last request: 0.956099 seconds.
  path: Assets/Prefabs/EslesmeFab/5.prefab
  artifactKey: Guid(2115e412c76329348b0ed0a2c510a49f) Importer(815301076,1909f56bfc062723c751e8b465ee728b)
Start importing Assets/Prefabs/EslesmeFab/5.prefab using Guid(2115e412c76329348b0ed0a2c510a49f) Importer(815301076,1909f56bfc062723c751e8b465ee728b)  -> (artifact id: '48b8b1f5e2242e8d9e27ff9037ad56b2') in 0.047052 seconds 
========================================================================
Received Import Request.
  Time since last request: 6.441225 seconds.
  path: Assets/Prefabs/EslesmeFab/5.prefab
  artifactKey: Guid(2115e412c76329348b0ed0a2c510a49f) Importer(815301076,1909f56bfc062723c751e8b465ee728b)
Start importing Assets/Prefabs/EslesmeFab/5.prefab using Guid(2115e412c76329348b0ed0a2c510a49f) Importer(815301076,1909f56bfc062723c751e8b465ee728b)  -> (artifact id: '04d4998556129443364504d0a3ef5aef') in 0.038400 seconds 
========================================================================
Received Import Request.
  Time since last request: 4.193504 seconds.
  path: Assets/Prefabs/EslesmeFab/5.prefab
  artifactKey: Guid(2115e412c76329348b0ed0a2c510a49f) Importer(815301076,1909f56bfc062723c751e8b465ee728b)
Start importing Assets/Prefabs/EslesmeFab/5.prefab using Guid(2115e412c76329348b0ed0a2c510a49f) Importer(815301076,1909f56bfc062723c751e8b465ee728b)  -> (artifact id: '861678694d14f015d6321cf9eabe27c4') in 0.045472 seconds 
========================================================================
Received Import Request.
  Time since last request: 2.778628 seconds.
  path: Assets/Prefabs/EslesmeFab/5.prefab
  artifactKey: Guid(2115e412c76329348b0ed0a2c510a49f) Importer(815301076,1909f56bfc062723c751e8b465ee728b)
Start importing Assets/Prefabs/EslesmeFab/5.prefab using Guid(2115e412c76329348b0ed0a2c510a49f) Importer(815301076,1909f56bfc062723c751e8b465ee728b)  -> (artifact id: '41a0e797d16ce083d8cb437e1dc3f7b3') in 0.050633 seconds 
========================================================================
Received Import Request.
  Time since last request: 4.387141 seconds.
  path: Assets/Prefabs/EslesmeFab/5.prefab
  artifactKey: Guid(2115e412c76329348b0ed0a2c510a49f) Importer(815301076,1909f56bfc062723c751e8b465ee728b)
Start importing Assets/Prefabs/EslesmeFab/5.prefab using Guid(2115e412c76329348b0ed0a2c510a49f) Importer(815301076,1909f56bfc062723c751e8b465ee728b)  -> (artifact id: 'c239ab7d470b825f14773f7c9001c46b') in 0.045757 seconds 
========================================================================
Received Import Request.
  Time since last request: 3.787870 seconds.
  path: Assets/Prefabs/EslesmeFab/5.prefab
  artifactKey: Guid(2115e412c76329348b0ed0a2c510a49f) Importer(815301076,1909f56bfc062723c751e8b465ee728b)
Start importing Assets/Prefabs/EslesmeFab/5.prefab using Guid(2115e412c76329348b0ed0a2c510a49f) Importer(815301076,1909f56bfc062723c751e8b465ee728b)  -> (artifact id: '777e2d325576711778d76782e2d7eb31') in 0.042436 seconds 
========================================================================
Received Import Request.
  Time since last request: 16.063250 seconds.
  path: Assets/Prefabs/EslesmeFab/6.prefab
  artifactKey: Guid(ac9bc0b9c9f1d5e4facedd499cf6ca40) Importer(815301076,1909f56bfc062723c751e8b465ee728b)
Start importing Assets/Prefabs/EslesmeFab/6.prefab using Guid(ac9bc0b9c9f1d5e4facedd499cf6ca40) Importer(815301076,1909f56bfc062723c751e8b465ee728b)  -> (artifact id: 'cc1bfcb5532d721baa92aba47160427a') in 0.047733 seconds 
========================================================================
Received Import Request.
  Time since last request: 8.429830 seconds.
  path: Assets/Prefabs/EslesmeFab/6.prefab
  artifactKey: Guid(ac9bc0b9c9f1d5e4facedd499cf6ca40) Importer(815301076,1909f56bfc062723c751e8b465ee728b)
Start importing Assets/Prefabs/EslesmeFab/6.prefab using Guid(ac9bc0b9c9f1d5e4facedd499cf6ca40) Importer(815301076,1909f56bfc062723c751e8b465ee728b)  -> (artifact id: 'fe3454d55f34807658f5835f4d091d5f') in 0.046626 seconds 
========================================================================
Received Import Request.
  Time since last request: 7.430321 seconds.
  path: Assets/Prefabs/EslesmeFab/6.prefab
  artifactKey: Guid(ac9bc0b9c9f1d5e4facedd499cf6ca40) Importer(815301076,1909f56bfc062723c751e8b465ee728b)
Start importing Assets/Prefabs/EslesmeFab/6.prefab using Guid(ac9bc0b9c9f1d5e4facedd499cf6ca40) Importer(815301076,1909f56bfc062723c751e8b465ee728b)  -> (artifact id: '0d3a9c7206818fbe5a66426a8c37667e') in 0.048675 seconds 
========================================================================
Received Import Request.
  Time since last request: 0.738253 seconds.
  path: Assets/Prefabs/EslesmeFab/6.prefab
  artifactKey: Guid(ac9bc0b9c9f1d5e4facedd499cf6ca40) Importer(815301076,1909f56bfc062723c751e8b465ee728b)
Start importing Assets/Prefabs/EslesmeFab/6.prefab using Guid(ac9bc0b9c9f1d5e4facedd499cf6ca40) Importer(815301076,1909f56bfc062723c751e8b465ee728b)  -> (artifact id: 'fc92cf0a59a47ff49386e8831ec00d47') in 0.042485 seconds 
========================================================================
Received Import Request.
  Time since last request: 4.406856 seconds.
  path: Assets/Prefabs/EslesmeFab/6.prefab
  artifactKey: Guid(ac9bc0b9c9f1d5e4facedd499cf6ca40) Importer(815301076,1909f56bfc062723c751e8b465ee728b)
Start importing Assets/Prefabs/EslesmeFab/6.prefab using Guid(ac9bc0b9c9f1d5e4facedd499cf6ca40) Importer(815301076,1909f56bfc062723c751e8b465ee728b)  -> (artifact id: '061bbb18e4fc99a16d0e4a3d6918b597') in 0.043464 seconds 
========================================================================
Received Import Request.
  Time since last request: 4.792406 seconds.
  path: Assets/Prefabs/EslesmeFab/6.prefab
  artifactKey: Guid(ac9bc0b9c9f1d5e4facedd499cf6ca40) Importer(815301076,1909f56bfc062723c751e8b465ee728b)
Start importing Assets/Prefabs/EslesmeFab/6.prefab using Guid(ac9bc0b9c9f1d5e4facedd499cf6ca40) Importer(815301076,1909f56bfc062723c751e8b465ee728b)  -> (artifact id: '50306ff11b7c6d048dd4de1ca08d58d4') in 0.047549 seconds 
========================================================================
Received Import Request.
  Time since last request: 1.360118 seconds.
  path: Assets/Prefabs/EslesmeFab/6.prefab
  artifactKey: Guid(ac9bc0b9c9f1d5e4facedd499cf6ca40) Importer(815301076,1909f56bfc062723c751e8b465ee728b)
Start importing Assets/Prefabs/EslesmeFab/6.prefab using Guid(ac9bc0b9c9f1d5e4facedd499cf6ca40) Importer(815301076,1909f56bfc062723c751e8b465ee728b)  -> (artifact id: '1fcc0d0c1ba02b0d186c691f034d1917') in 0.047580 seconds 
========================================================================
Received Import Request.
  Time since last request: 3.795519 seconds.
  path: Assets/Prefabs/EslesmeFab/6.prefab
  artifactKey: Guid(ac9bc0b9c9f1d5e4facedd499cf6ca40) Importer(815301076,1909f56bfc062723c751e8b465ee728b)
Start importing Assets/Prefabs/EslesmeFab/6.prefab using Guid(ac9bc0b9c9f1d5e4facedd499cf6ca40) Importer(815301076,1909f56bfc062723c751e8b465ee728b)  -> (artifact id: 'b5964efb85f5264bda843e46a70a8cd2') in 0.040009 seconds 
========================================================================
Received Import Request.
  Time since last request: 4.203127 seconds.
  path: Assets/Prefabs/EslesmeFab/6.prefab
  artifactKey: Guid(ac9bc0b9c9f1d5e4facedd499cf6ca40) Importer(815301076,1909f56bfc062723c751e8b465ee728b)
Start importing Assets/Prefabs/EslesmeFab/6.prefab using Guid(ac9bc0b9c9f1d5e4facedd499cf6ca40) Importer(815301076,1909f56bfc062723c751e8b465ee728b)  -> (artifact id: 'd4a3353e06d6fea640b69732e584545f') in 0.049537 seconds 
========================================================================
Received Import Request.
  Time since last request: 11.756702 seconds.
  path: Assets/Prefabs/EslesmeFab/7.prefab
  artifactKey: Guid(0fe230a31f812814d8cad0a08e3db807) Importer(815301076,1909f56bfc062723c751e8b465ee728b)
Start importing Assets/Prefabs/EslesmeFab/7.prefab using Guid(0fe230a31f812814d8cad0a08e3db807) Importer(815301076,1909f56bfc062723c751e8b465ee728b)  -> (artifact id: '15bb83f7cb00c69e672a58d7f9be4c86') in 0.045426 seconds 
========================================================================
Received Import Request.
  Time since last request: 5.192995 seconds.
  path: Assets/Prefabs/EslesmeFab/7.prefab
  artifactKey: Guid(0fe230a31f812814d8cad0a08e3db807) Importer(815301076,1909f56bfc062723c751e8b465ee728b)
Start importing Assets/Prefabs/EslesmeFab/7.prefab using Guid(0fe230a31f812814d8cad0a08e3db807) Importer(815301076,1909f56bfc062723c751e8b465ee728b)  -> (artifact id: 'f2e7ec0767addb2561b658128ae7867c') in 0.038079 seconds 
========================================================================
Received Import Request.
  Time since last request: 3.792956 seconds.
  path: Assets/Prefabs/EslesmeFab/7.prefab
  artifactKey: Guid(0fe230a31f812814d8cad0a08e3db807) Importer(815301076,1909f56bfc062723c751e8b465ee728b)
Start importing Assets/Prefabs/EslesmeFab/7.prefab using Guid(0fe230a31f812814d8cad0a08e3db807) Importer(815301076,1909f56bfc062723c751e8b465ee728b)  -> (artifact id: 'd73814e3129cacbf251d2dfb15f0c1f3') in 0.044186 seconds 
========================================================================
Received Import Request.
  Time since last request: 1.350362 seconds.
  path: Assets/Prefabs/EslesmeFab/7.prefab
  artifactKey: Guid(0fe230a31f812814d8cad0a08e3db807) Importer(815301076,1909f56bfc062723c751e8b465ee728b)
Start importing Assets/Prefabs/EslesmeFab/7.prefab using Guid(0fe230a31f812814d8cad0a08e3db807) Importer(815301076,1909f56bfc062723c751e8b465ee728b)  -> (artifact id: '3631e80ddd2d1382c0ec6e14a577d4d9') in 0.046968 seconds 
========================================================================
Received Import Request.
  Time since last request: 4.593186 seconds.
  path: Assets/Prefabs/EslesmeFab/7.prefab
  artifactKey: Guid(0fe230a31f812814d8cad0a08e3db807) Importer(815301076,1909f56bfc062723c751e8b465ee728b)
Start importing Assets/Prefabs/EslesmeFab/7.prefab using Guid(0fe230a31f812814d8cad0a08e3db807) Importer(815301076,1909f56bfc062723c751e8b465ee728b)  -> (artifact id: '080e3abe09c246a0e470d2b5f482cb58') in 0.040193 seconds 
========================================================================
Received Import Request.
  Time since last request: 1.561330 seconds.
  path: Assets/Prefabs/EslesmeFab/7.prefab
  artifactKey: Guid(0fe230a31f812814d8cad0a08e3db807) Importer(815301076,1909f56bfc062723c751e8b465ee728b)
Start importing Assets/Prefabs/EslesmeFab/7.prefab using Guid(0fe230a31f812814d8cad0a08e3db807) Importer(815301076,1909f56bfc062723c751e8b465ee728b)  -> (artifact id: 'c6dff3fa3797eb322ed02f07aff5641e') in 0.043367 seconds 
========================================================================
Received Import Request.
  Time since last request: 9.252684 seconds.
  path: Assets/Prefabs/EslesmeFab/7.prefab
  artifactKey: Guid(0fe230a31f812814d8cad0a08e3db807) Importer(815301076,1909f56bfc062723c751e8b465ee728b)
Start importing Assets/Prefabs/EslesmeFab/7.prefab using Guid(0fe230a31f812814d8cad0a08e3db807) Importer(815301076,1909f56bfc062723c751e8b465ee728b)  -> (artifact id: '59ae030f71ba38221fa83e2412452fdc') in 0.051882 seconds 
========================================================================
Received Import Request.
  Time since last request: 14.151738 seconds.
  path: Assets/Prefabs/EslesmeFab/7.prefab
  artifactKey: Guid(0fe230a31f812814d8cad0a08e3db807) Importer(815301076,1909f56bfc062723c751e8b465ee728b)
Start importing Assets/Prefabs/EslesmeFab/7.prefab using Guid(0fe230a31f812814d8cad0a08e3db807) Importer(815301076,1909f56bfc062723c751e8b465ee728b)  -> (artifact id: '981e74c7789c0f290e5bfac4a2f2eb59') in 0.041822 seconds 
========================================================================
Received Import Request.
  Time since last request: 2.593158 seconds.
  path: Assets/Prefabs/EslesmeFab/7.prefab
  artifactKey: Guid(0fe230a31f812814d8cad0a08e3db807) Importer(815301076,1909f56bfc062723c751e8b465ee728b)
Start importing Assets/Prefabs/EslesmeFab/7.prefab using Guid(0fe230a31f812814d8cad0a08e3db807) Importer(815301076,1909f56bfc062723c751e8b465ee728b)  -> (artifact id: '1d4ad32b79f1ab214096f51197dd624c') in 0.046833 seconds 
========================================================================
Received Import Request.
  Time since last request: 0.970607 seconds.
  path: Assets/Prefabs/EslesmeFab/7.prefab
  artifactKey: Guid(0fe230a31f812814d8cad0a08e3db807) Importer(815301076,1909f56bfc062723c751e8b465ee728b)
Start importing Assets/Prefabs/EslesmeFab/7.prefab using Guid(0fe230a31f812814d8cad0a08e3db807) Importer(815301076,1909f56bfc062723c751e8b465ee728b)  -> (artifact id: '0e4519bc4a6a54cc84170804f1b4a920') in 0.041316 seconds 
========================================================================
Received Import Request.
  Time since last request: 9.157005 seconds.
  path: Assets/Prefabs/EslesmeFab/7.prefab
  artifactKey: Guid(0fe230a31f812814d8cad0a08e3db807) Importer(815301076,1909f56bfc062723c751e8b465ee728b)
Start importing Assets/Prefabs/EslesmeFab/7.prefab using Guid(0fe230a31f812814d8cad0a08e3db807) Importer(815301076,1909f56bfc062723c751e8b465ee728b)  -> (artifact id: '8d7a76192a900fa7cf79f27de8dd6fa3') in 0.049312 seconds 
========================================================================
Received Import Request.
  Time since last request: 3.567551 seconds.
  path: Assets/Prefabs/EslesmeFab/7.prefab
  artifactKey: Guid(0fe230a31f812814d8cad0a08e3db807) Importer(815301076,1909f56bfc062723c751e8b465ee728b)
Start importing Assets/Prefabs/EslesmeFab/7.prefab using Guid(0fe230a31f812814d8cad0a08e3db807) Importer(815301076,1909f56bfc062723c751e8b465ee728b)  -> (artifact id: '219c7250b6dc15c0e2118d3d5fa32ffa') in 0.048288 seconds 
========================================================================
Received Import Request.
  Time since last request: 4.986201 seconds.
  path: Assets/Prefabs/EslesmeFab/7.prefab
  artifactKey: Guid(0fe230a31f812814d8cad0a08e3db807) Importer(815301076,1909f56bfc062723c751e8b465ee728b)
Start importing Assets/Prefabs/EslesmeFab/7.prefab using Guid(0fe230a31f812814d8cad0a08e3db807) Importer(815301076,1909f56bfc062723c751e8b465ee728b)  -> (artifact id: '99237035b1871289401769eef39790de') in 0.048460 seconds 
========================================================================
Received Import Request.
  Time since last request: 11.857672 seconds.
  path: Assets/Prefabs/EslesmeFab/7.prefab
  artifactKey: Guid(0fe230a31f812814d8cad0a08e3db807) Importer(815301076,1909f56bfc062723c751e8b465ee728b)
Start importing Assets/Prefabs/EslesmeFab/7.prefab using Guid(0fe230a31f812814d8cad0a08e3db807) Importer(815301076,1909f56bfc062723c751e8b465ee728b)  -> (artifact id: '152b1ed541ab5ecd3095632f8eef3951') in 0.045883 seconds 
========================================================================
Received Import Request.
  Time since last request: 6.008705 seconds.
  path: Assets/Prefabs/EslesmeFab/7.prefab
  artifactKey: Guid(0fe230a31f812814d8cad0a08e3db807) Importer(815301076,1909f56bfc062723c751e8b465ee728b)
Start importing Assets/Prefabs/EslesmeFab/7.prefab using Guid(0fe230a31f812814d8cad0a08e3db807) Importer(815301076,1909f56bfc062723c751e8b465ee728b)  -> (artifact id: '6e8005551ce9bcbdab36d2210a07fe71') in 0.040851 seconds 
========================================================================
Received Import Request.
  Time since last request: 8.225459 seconds.
  path: Assets/Prefabs/EslesmeFab/7.prefab
  artifactKey: Guid(0fe230a31f812814d8cad0a08e3db807) Importer(815301076,1909f56bfc062723c751e8b465ee728b)
Start importing Assets/Prefabs/EslesmeFab/7.prefab using Guid(0fe230a31f812814d8cad0a08e3db807) Importer(815301076,1909f56bfc062723c751e8b465ee728b)  -> (artifact id: '164bc463964767d0d5091f98c258158c') in 0.045559 seconds 
========================================================================
Received Import Request.
  Time since last request: 4.277228 seconds.
  path: Assets/Prefabs/EslesmeFab/7.prefab
  artifactKey: Guid(0fe230a31f812814d8cad0a08e3db807) Importer(815301076,1909f56bfc062723c751e8b465ee728b)
Start importing Assets/Prefabs/EslesmeFab/7.prefab using Guid(0fe230a31f812814d8cad0a08e3db807) Importer(815301076,1909f56bfc062723c751e8b465ee728b)  -> (artifact id: 'ce5e0d5e8b9a41e1ff301217fe951379') in 0.047565 seconds 
========================================================================
Received Import Request.
  Time since last request: 12.899950 seconds.
  path: Assets/Prefabs/EslesmeFab/7.prefab
  artifactKey: Guid(0fe230a31f812814d8cad0a08e3db807) Importer(815301076,1909f56bfc062723c751e8b465ee728b)
Start importing Assets/Prefabs/EslesmeFab/7.prefab using Guid(0fe230a31f812814d8cad0a08e3db807) Importer(815301076,1909f56bfc062723c751e8b465ee728b)  -> (artifact id: 'a6021395c5715729e0d692287894b368') in 0.049148 seconds 
========================================================================
Received Import Request.
  Time since last request: 2.765678 seconds.
  path: Assets/Prefabs/EslesmeFab/7.prefab
  artifactKey: Guid(0fe230a31f812814d8cad0a08e3db807) Importer(815301076,1909f56bfc062723c751e8b465ee728b)
Start importing Assets/Prefabs/EslesmeFab/7.prefab using Guid(0fe230a31f812814d8cad0a08e3db807) Importer(815301076,1909f56bfc062723c751e8b465ee728b)  -> (artifact id: '5a9025457cad08c194fb0350a37898ef') in 0.046778 seconds 
========================================================================
Received Import Request.
  Time since last request: 32.359011 seconds.
  path: Assets/Prefabs/EslesmeFab/8.prefab
  artifactKey: Guid(f27d59fa4127f8b40b114538da1eb1e0) Importer(815301076,1909f56bfc062723c751e8b465ee728b)
Start importing Assets/Prefabs/EslesmeFab/8.prefab using Guid(f27d59fa4127f8b40b114538da1eb1e0) Importer(815301076,1909f56bfc062723c751e8b465ee728b)  -> (artifact id: 'c028aa8d0a565d3f0a4bb622340f192e') in 0.045148 seconds 
========================================================================
Received Import Request.
  Time since last request: 7.205174 seconds.
  path: Assets/Prefabs/EslesmeFab/8.prefab
  artifactKey: Guid(f27d59fa4127f8b40b114538da1eb1e0) Importer(815301076,1909f56bfc062723c751e8b465ee728b)
Start importing Assets/Prefabs/EslesmeFab/8.prefab using Guid(f27d59fa4127f8b40b114538da1eb1e0) Importer(815301076,1909f56bfc062723c751e8b465ee728b)  -> (artifact id: '7fc6fb5639142d9dead2e2ac589856e5') in 0.044838 seconds 
========================================================================
Received Import Request.
  Time since last request: 5.401945 seconds.
  path: Assets/Prefabs/EslesmeFab/8.prefab
  artifactKey: Guid(f27d59fa4127f8b40b114538da1eb1e0) Importer(815301076,1909f56bfc062723c751e8b465ee728b)
Start importing Assets/Prefabs/EslesmeFab/8.prefab using Guid(f27d59fa4127f8b40b114538da1eb1e0) Importer(815301076,1909f56bfc062723c751e8b465ee728b)  -> (artifact id: '4b45a6c7d989ec3de532060842e3bc74') in 0.048996 seconds 
========================================================================
Received Import Request.
  Time since last request: 4.374409 seconds.
  path: Assets/Prefabs/EslesmeFab/8.prefab
  artifactKey: Guid(f27d59fa4127f8b40b114538da1eb1e0) Importer(815301076,1909f56bfc062723c751e8b465ee728b)
Start importing Assets/Prefabs/EslesmeFab/8.prefab using Guid(f27d59fa4127f8b40b114538da1eb1e0) Importer(815301076,1909f56bfc062723c751e8b465ee728b)  -> (artifact id: '286426cebae2b84bda9ff05055c536a7') in 0.049686 seconds 
========================================================================
Received Import Request.
  Time since last request: 2.953669 seconds.
  path: Assets/Prefabs/EslesmeFab/8.prefab
  artifactKey: Guid(f27d59fa4127f8b40b114538da1eb1e0) Importer(815301076,1909f56bfc062723c751e8b465ee728b)
Start importing Assets/Prefabs/EslesmeFab/8.prefab using Guid(f27d59fa4127f8b40b114538da1eb1e0) Importer(815301076,1909f56bfc062723c751e8b465ee728b)  -> (artifact id: 'f96912b8e21cc134ad056b90b74e8f75') in 0.050213 seconds 
========================================================================
Received Import Request.
  Time since last request: 1.148986 seconds.
  path: Assets/Prefabs/EslesmeFab/8.prefab
  artifactKey: Guid(f27d59fa4127f8b40b114538da1eb1e0) Importer(815301076,1909f56bfc062723c751e8b465ee728b)
Start importing Assets/Prefabs/EslesmeFab/8.prefab using Guid(f27d59fa4127f8b40b114538da1eb1e0) Importer(815301076,1909f56bfc062723c751e8b465ee728b)  -> (artifact id: 'e094b2c5fd533248a20ae450ac7474af') in 0.043860 seconds 
========================================================================
Received Import Request.
  Time since last request: 4.774554 seconds.
  path: Assets/Prefabs/EslesmeFab/8.prefab
  artifactKey: Guid(f27d59fa4127f8b40b114538da1eb1e0) Importer(815301076,1909f56bfc062723c751e8b465ee728b)
Start importing Assets/Prefabs/EslesmeFab/8.prefab using Guid(f27d59fa4127f8b40b114538da1eb1e0) Importer(815301076,1909f56bfc062723c751e8b465ee728b)  -> (artifact id: '9a63fb89917f75622ee06f5ce5c73851') in 0.047127 seconds 
========================================================================
Received Import Request.
  Time since last request: 5.199613 seconds.
  path: Assets/Prefabs/EslesmeFab/8.prefab
  artifactKey: Guid(f27d59fa4127f8b40b114538da1eb1e0) Importer(815301076,1909f56bfc062723c751e8b465ee728b)
Start importing Assets/Prefabs/EslesmeFab/8.prefab using Guid(f27d59fa4127f8b40b114538da1eb1e0) Importer(815301076,1909f56bfc062723c751e8b465ee728b)  -> (artifact id: '5a2b9063ddd57495b5fc45f7f251fb69') in 0.042787 seconds 
========================================================================
Received Prepare
Registering precompiled user dll's ...
Registered in 0.007408 seconds.
Begin MonoManager ReloadAssembly
Native extension for UWP target not found
Native extension for WindowsStandalone target not found
Native extension for iOS target not found
Native extension for Android target not found
Refreshing native plugins compatible for Editor in 1.38 ms, found 2 plugins.
Preloading 0 native plugins for Editor in 0.00 ms.
Mono: successfully reloaded assembly
- Completed reload, in  1.707 seconds
Domain Reload Profiling:
	ReloadAssembly (1708ms)
		BeginReloadAssembly (186ms)
			ExecutionOrderSort (0ms)
			DisableScriptedObjects (10ms)
			BackupInstance (0ms)
			ReleaseScriptingObjects (0ms)
			CreateAndSetChildDomain (54ms)
		EndReloadAssembly (1393ms)
			LoadAssemblies (111ms)
			RebuildTransferFunctionScriptingTraits (0ms)
			SetupTypeCache (301ms)
			ReleaseScriptCaches (2ms)
			RebuildScriptCaches (62ms)
			SetupLoadedEditorAssemblies (781ms)
				LogAssemblyErrors (0ms)
				InitializePlatformSupportModulesInManaged (35ms)
				SetLoadedEditorAssemblies (0ms)
				RefreshPlugins (1ms)
				BeforeProcessingInitializeOnLoad (114ms)
				ProcessInitializeOnLoadAttributes (508ms)
				ProcessInitializeOnLoadMethodAttributes (110ms)
				AfterProcessingInitializeOnLoad (11ms)
				EditorAssembliesLoaded (0ms)
			ExecutionOrderSort2 (0ms)
			AwakeInstancesAfterBackupRestoration (48ms)
Platform modules already initialized, skipping
Refreshing native plugins compatible for Editor in 7.13 ms, found 2 plugins.
Preloading 0 native plugins for Editor in 0.00 ms.
Unloading 4357 Unused Serialized files (Serialized files now loaded: 0)
Unloading 47 unused Assets / (0.6 MB). Loaded Objects now: 5033.
Memory consumption went from 280.3 MB to 279.7 MB.
Total: 5.225400 ms (FindLiveObjects: 0.515600 ms CreateObjectMapping: 0.114000 ms MarkObjects: 4.231300 ms  DeleteObjects: 0.362600 ms)

AssetImportParameters requested are different than current active one (requested -> active):
  custom:video-decoder-ogg-theora: a1e56fd34408186e4bbccfd4996cb3dc -> 
  custom:container-muxer-webm: aa71ff27fc2769a1b78a27578f13a17b -> 
  custom:container-demuxer-webm: 4f35f7cbe854078d1ac9338744f61a02 -> 
  custom:video-encoder-webm-vp8: eb34c28f22e8b96e1ab97ce403110664 -> 
  custom:audio-encoder-webm-vorbis: bf7c407c2cedff20999df2af8eb42d56 -> 
  custom:framework-win-MediaFoundation: 216162199b28c13a410421893ffa2e32 -> 
  custom:container-demuxer-ogg: 62fdf1f143b41e24485cea50d1cbac27 -> 
  custom:video-decoder-webm-vp8: 9c59270c3fd7afecdb556c50c9e8de78 -> 
  custom:audio-decoder-ogg-vorbis: bf7c407c2cedff20999df2af8eb42d56 -> 
========================================================================
Received Import Request.
  Time since last request: 48.534754 seconds.
  path: Assets/Prefabs/EslesmeFab/2.prefab
  artifactKey: Guid(173fd8bca66691345be231a07b598a02) Importer(815301076,1909f56bfc062723c751e8b465ee728b)
Start importing Assets/Prefabs/EslesmeFab/2.prefab using Guid(173fd8bca66691345be231a07b598a02) Importer(815301076,1909f56bfc062723c751e8b465ee728b)  -> (artifact id: 'cbc089c9815055ccedaa8bea97da67dd') in 0.298759 seconds 
========================================================================
Received Import Request.
  Time since last request: 2.119025 seconds.
  path: Assets/Prefabs/EslesmeFab/2.prefab
  artifactKey: Guid(173fd8bca66691345be231a07b598a02) Importer(815301076,1909f56bfc062723c751e8b465ee728b)
Start importing Assets/Prefabs/EslesmeFab/2.prefab using Guid(173fd8bca66691345be231a07b598a02) Importer(815301076,1909f56bfc062723c751e8b465ee728b)  -> (artifact id: '8f5f639179e3b5e264dfc1b902cdf184') in 0.046150 seconds 
========================================================================
Received Import Request.
  Time since last request: 3.578402 seconds.
  path: Assets/Prefabs/EslesmeFab/2.prefab
  artifactKey: Guid(173fd8bca66691345be231a07b598a02) Importer(815301076,1909f56bfc062723c751e8b465ee728b)
Start importing Assets/Prefabs/EslesmeFab/2.prefab using Guid(173fd8bca66691345be231a07b598a02) Importer(815301076,1909f56bfc062723c751e8b465ee728b)  -> (artifact id: '8d9df1b0fe4734c3b3e6be67b5299794') in 0.036313 seconds 
========================================================================
Received Import Request.
  Time since last request: 2.996388 seconds.
  path: Assets/Prefabs/EslesmeFab/2.prefab
  artifactKey: Guid(173fd8bca66691345be231a07b598a02) Importer(815301076,1909f56bfc062723c751e8b465ee728b)
Start importing Assets/Prefabs/EslesmeFab/2.prefab using Guid(173fd8bca66691345be231a07b598a02) Importer(815301076,1909f56bfc062723c751e8b465ee728b)  -> (artifact id: '4c23214a301b868fb1394e1890c044dc') in 0.048473 seconds 
========================================================================
Received Import Request.
  Time since last request: 10.243770 seconds.
  path: Assets/Prefabs/EslesmeFab/2.prefab
  artifactKey: Guid(173fd8bca66691345be231a07b598a02) Importer(815301076,1909f56bfc062723c751e8b465ee728b)
Start importing Assets/Prefabs/EslesmeFab/2.prefab using Guid(173fd8bca66691345be231a07b598a02) Importer(815301076,1909f56bfc062723c751e8b465ee728b)  -> (artifact id: '05ce7f878b17cad3a16858cc799b2fbe') in 0.046359 seconds 
========================================================================
Received Import Request.
  Time since last request: 1.542597 seconds.
  path: Assets/Prefabs/EslesmeFab/2.prefab
  artifactKey: Guid(173fd8bca66691345be231a07b598a02) Importer(815301076,1909f56bfc062723c751e8b465ee728b)
Start importing Assets/Prefabs/EslesmeFab/2.prefab using Guid(173fd8bca66691345be231a07b598a02) Importer(815301076,1909f56bfc062723c751e8b465ee728b)  -> (artifact id: '7ee01260c71a52ed44d59ea2483a0e04') in 0.045300 seconds 
========================================================================
Received Import Request.
  Time since last request: 6.419605 seconds.
  path: Assets/Prefabs/EslesmeFab/2.prefab
  artifactKey: Guid(173fd8bca66691345be231a07b598a02) Importer(815301076,1909f56bfc062723c751e8b465ee728b)
Start importing Assets/Prefabs/EslesmeFab/2.prefab using Guid(173fd8bca66691345be231a07b598a02) Importer(815301076,1909f56bfc062723c751e8b465ee728b)  -> (artifact id: '6313e827231dc2cae7d55e41e975b64f') in 0.040137 seconds 
========================================================================
Received Import Request.
  Time since last request: 3.377539 seconds.
  path: Assets/Prefabs/EslesmeFab/2.prefab
  artifactKey: Guid(173fd8bca66691345be231a07b598a02) Importer(815301076,1909f56bfc062723c751e8b465ee728b)
Start importing Assets/Prefabs/EslesmeFab/2.prefab using Guid(173fd8bca66691345be231a07b598a02) Importer(815301076,1909f56bfc062723c751e8b465ee728b)  -> (artifact id: 'e1b7437a816e40979464dec5da1740d7') in 0.049075 seconds 
========================================================================
Received Import Request.
  Time since last request: 2.166898 seconds.
  path: Assets/Prefabs/EslesmeFab/2.prefab
  artifactKey: Guid(173fd8bca66691345be231a07b598a02) Importer(815301076,1909f56bfc062723c751e8b465ee728b)
Start importing Assets/Prefabs/EslesmeFab/2.prefab using Guid(173fd8bca66691345be231a07b598a02) Importer(815301076,1909f56bfc062723c751e8b465ee728b)  -> (artifact id: '964c8d0926712b058d4cb19b9425f5f8') in 0.037664 seconds 
========================================================================
Received Import Request.
  Time since last request: 1.757153 seconds.
  path: Assets/Prefabs/EslesmeFab/2.prefab
  artifactKey: Guid(173fd8bca66691345be231a07b598a02) Importer(815301076,1909f56bfc062723c751e8b465ee728b)
Start importing Assets/Prefabs/EslesmeFab/2.prefab using Guid(173fd8bca66691345be231a07b598a02) Importer(815301076,1909f56bfc062723c751e8b465ee728b)  -> (artifact id: 'ac02c880dc405a3b95d62cb6066bedd8') in 0.048523 seconds 
========================================================================
Received Import Request.
  Time since last request: 1.989617 seconds.
  path: Assets/Prefabs/EslesmeFab/2.prefab
  artifactKey: Guid(173fd8bca66691345be231a07b598a02) Importer(815301076,1909f56bfc062723c751e8b465ee728b)
Start importing Assets/Prefabs/EslesmeFab/2.prefab using Guid(173fd8bca66691345be231a07b598a02) Importer(815301076,1909f56bfc062723c751e8b465ee728b)  -> (artifact id: '7a9476dbd80e42a7cb75eb9e74544cb4') in 0.041853 seconds 
========================================================================
Received Import Request.
  Time since last request: 2.180531 seconds.
  path: Assets/Prefabs/EslesmeFab/2.prefab
  artifactKey: Guid(173fd8bca66691345be231a07b598a02) Importer(815301076,1909f56bfc062723c751e8b465ee728b)
Start importing Assets/Prefabs/EslesmeFab/2.prefab using Guid(173fd8bca66691345be231a07b598a02) Importer(815301076,1909f56bfc062723c751e8b465ee728b)  -> (artifact id: 'ebeec72efc29e396807faa4ed59e0646') in 0.045797 seconds 
========================================================================
Received Import Request.
  Time since last request: 7.010660 seconds.
  path: Assets/Prefabs/EslesmeFab/2.prefab
  artifactKey: Guid(173fd8bca66691345be231a07b598a02) Importer(815301076,1909f56bfc062723c751e8b465ee728b)
Start importing Assets/Prefabs/EslesmeFab/2.prefab using Guid(173fd8bca66691345be231a07b598a02) Importer(815301076,1909f56bfc062723c751e8b465ee728b)  -> (artifact id: 'deebfed91ba9a7cfec0f1dfab4b69c45') in 0.040705 seconds 
========================================================================
Received Import Request.
  Time since last request: 3.791621 seconds.
  path: Assets/Prefabs/EslesmeFab/2.prefab
  artifactKey: Guid(173fd8bca66691345be231a07b598a02) Importer(815301076,1909f56bfc062723c751e8b465ee728b)
Start importing Assets/Prefabs/EslesmeFab/2.prefab using Guid(173fd8bca66691345be231a07b598a02) Importer(815301076,1909f56bfc062723c751e8b465ee728b)  -> (artifact id: '3b19cec07c13830159fc94e672a203ab') in 0.043936 seconds 
========================================================================
Received Import Request.
  Time since last request: 4.808834 seconds.
  path: Assets/Prefabs/EslesmeFab/2.prefab
  artifactKey: Guid(173fd8bca66691345be231a07b598a02) Importer(815301076,1909f56bfc062723c751e8b465ee728b)
Start importing Assets/Prefabs/EslesmeFab/2.prefab using Guid(173fd8bca66691345be231a07b598a02) Importer(815301076,1909f56bfc062723c751e8b465ee728b)  -> (artifact id: '8a6ebc0964e6fd8397fcd10cfd64c7a3') in 0.044326 seconds 
========================================================================
Received Import Request.
  Time since last request: 11.178285 seconds.
  path: Assets/Prefabs/EslesmeFab/3.prefab
  artifactKey: Guid(16f65c28a1c54ac43a3ef578cfd2324e) Importer(815301076,1909f56bfc062723c751e8b465ee728b)
Start importing Assets/Prefabs/EslesmeFab/3.prefab using Guid(16f65c28a1c54ac43a3ef578cfd2324e) Importer(815301076,1909f56bfc062723c751e8b465ee728b)  -> (artifact id: '7b8c9e7b1f184527acf39bc6ab6009fb') in 0.046698 seconds 
========================================================================
Received Import Request.
  Time since last request: 1.957031 seconds.
  path: Assets/Prefabs/EslesmeFab/3.prefab
  artifactKey: Guid(16f65c28a1c54ac43a3ef578cfd2324e) Importer(815301076,1909f56bfc062723c751e8b465ee728b)
Start importing Assets/Prefabs/EslesmeFab/3.prefab using Guid(16f65c28a1c54ac43a3ef578cfd2324e) Importer(815301076,1909f56bfc062723c751e8b465ee728b)  -> (artifact id: 'dd1fca061e6771ca44def0e722330965') in 0.040286 seconds 
========================================================================
Received Import Request.
  Time since last request: 3.206310 seconds.
  path: Assets/Prefabs/EslesmeFab/3.prefab
  artifactKey: Guid(16f65c28a1c54ac43a3ef578cfd2324e) Importer(815301076,1909f56bfc062723c751e8b465ee728b)
Start importing Assets/Prefabs/EslesmeFab/3.prefab using Guid(16f65c28a1c54ac43a3ef578cfd2324e) Importer(815301076,1909f56bfc062723c751e8b465ee728b)  -> (artifact id: '5e98fc4b0bae621aa64acdcd2ef204f4') in 0.046015 seconds 
========================================================================
Received Import Request.
  Time since last request: 3.171970 seconds.
  path: Assets/Prefabs/EslesmeFab/3.prefab
  artifactKey: Guid(16f65c28a1c54ac43a3ef578cfd2324e) Importer(815301076,1909f56bfc062723c751e8b465ee728b)
Start importing Assets/Prefabs/EslesmeFab/3.prefab using Guid(16f65c28a1c54ac43a3ef578cfd2324e) Importer(815301076,1909f56bfc062723c751e8b465ee728b)  -> (artifact id: '4e173a0e77535838adfc09ecbac1c3f0') in 0.048551 seconds 
========================================================================
Received Import Request.
  Time since last request: 9.750130 seconds.
  path: Assets/Prefabs/EslesmeFab/4.prefab
  artifactKey: Guid(5166fcb76d746194d9d4c38bfc4ac493) Importer(815301076,1909f56bfc062723c751e8b465ee728b)
Start importing Assets/Prefabs/EslesmeFab/4.prefab using Guid(5166fcb76d746194d9d4c38bfc4ac493) Importer(815301076,1909f56bfc062723c751e8b465ee728b)  -> (artifact id: '2e10385ac951e35ec193d24fbc99287a') in 0.047360 seconds 
========================================================================
Received Import Request.
  Time since last request: 4.773684 seconds.
  path: Assets/Prefabs/EslesmeFab/4.prefab
  artifactKey: Guid(5166fcb76d746194d9d4c38bfc4ac493) Importer(815301076,1909f56bfc062723c751e8b465ee728b)
Start importing Assets/Prefabs/EslesmeFab/4.prefab using Guid(5166fcb76d746194d9d4c38bfc4ac493) Importer(815301076,1909f56bfc062723c751e8b465ee728b)  -> (artifact id: '629535b3f3fc49d359d6c0b5b6398dd8') in 0.047416 seconds 
========================================================================
Received Import Request.
  Time since last request: 3.398903 seconds.
  path: Assets/Prefabs/EslesmeFab/4.prefab
  artifactKey: Guid(5166fcb76d746194d9d4c38bfc4ac493) Importer(815301076,1909f56bfc062723c751e8b465ee728b)
Start importing Assets/Prefabs/EslesmeFab/4.prefab using Guid(5166fcb76d746194d9d4c38bfc4ac493) Importer(815301076,1909f56bfc062723c751e8b465ee728b)  -> (artifact id: '87608650d426afd71e3a3c3ce065d1b4') in 0.046151 seconds 
========================================================================
Received Import Request.
  Time since last request: 3.193615 seconds.
  path: Assets/Prefabs/EslesmeFab/4.prefab
  artifactKey: Guid(5166fcb76d746194d9d4c38bfc4ac493) Importer(815301076,1909f56bfc062723c751e8b465ee728b)
Start importing Assets/Prefabs/EslesmeFab/4.prefab using Guid(5166fcb76d746194d9d4c38bfc4ac493) Importer(815301076,1909f56bfc062723c751e8b465ee728b)  -> (artifact id: '76fe493c4f11af09d7a9a03b8e3590fa') in 0.050437 seconds 
========================================================================
Received Import Request.
  Time since last request: 4.157381 seconds.
  path: Assets/Prefabs/EslesmeFab/4.prefab
  artifactKey: Guid(5166fcb76d746194d9d4c38bfc4ac493) Importer(815301076,1909f56bfc062723c751e8b465ee728b)
Start importing Assets/Prefabs/EslesmeFab/4.prefab using Guid(5166fcb76d746194d9d4c38bfc4ac493) Importer(815301076,1909f56bfc062723c751e8b465ee728b)  -> (artifact id: '9750559471e670b0108f23bbae1a937c') in 0.048642 seconds 
========================================================================
Received Import Request.
  Time since last request: 3.788359 seconds.
  path: Assets/Prefabs/EslesmeFab/4.prefab
  artifactKey: Guid(5166fcb76d746194d9d4c38bfc4ac493) Importer(815301076,1909f56bfc062723c751e8b465ee728b)
Start importing Assets/Prefabs/EslesmeFab/4.prefab using Guid(5166fcb76d746194d9d4c38bfc4ac493) Importer(815301076,1909f56bfc062723c751e8b465ee728b)  -> (artifact id: '1533d1a5c2532d8d6ced97a015e1355e') in 0.051639 seconds 
========================================================================
Received Import Request.
  Time since last request: 14.517889 seconds.
  path: Assets/Prefabs/EslesmeFab/6.prefab
  artifactKey: Guid(ac9bc0b9c9f1d5e4facedd499cf6ca40) Importer(815301076,1909f56bfc062723c751e8b465ee728b)
Start importing Assets/Prefabs/EslesmeFab/6.prefab using Guid(ac9bc0b9c9f1d5e4facedd499cf6ca40) Importer(815301076,1909f56bfc062723c751e8b465ee728b)  -> (artifact id: 'fcc2c52b0e0ed46279d799fbb9460c71') in 0.053994 seconds 
========================================================================
Received Import Request.
  Time since last request: 1.560923 seconds.
  path: Assets/Prefabs/EslesmeFab/6.prefab
  artifactKey: Guid(ac9bc0b9c9f1d5e4facedd499cf6ca40) Importer(815301076,1909f56bfc062723c751e8b465ee728b)
Start importing Assets/Prefabs/EslesmeFab/6.prefab using Guid(ac9bc0b9c9f1d5e4facedd499cf6ca40) Importer(815301076,1909f56bfc062723c751e8b465ee728b)  -> (artifact id: '677ab587a2153ef19ccb91333eea7188') in 0.051261 seconds 
========================================================================
Received Import Request.
  Time since last request: 6.812048 seconds.
  path: Assets/Prefabs/EslesmeFab/6.prefab
  artifactKey: Guid(ac9bc0b9c9f1d5e4facedd499cf6ca40) Importer(815301076,1909f56bfc062723c751e8b465ee728b)
Start importing Assets/Prefabs/EslesmeFab/6.prefab using Guid(ac9bc0b9c9f1d5e4facedd499cf6ca40) Importer(815301076,1909f56bfc062723c751e8b465ee728b)  -> (artifact id: 'a9fcf5f7aa7f8622b649a631ab5ef5ad') in 0.052962 seconds 
========================================================================
Received Import Request.
  Time since last request: 4.186836 seconds.
  path: Assets/Prefabs/EslesmeFab/6.prefab
  artifactKey: Guid(ac9bc0b9c9f1d5e4facedd499cf6ca40) Importer(815301076,1909f56bfc062723c751e8b465ee728b)
Start importing Assets/Prefabs/EslesmeFab/6.prefab using Guid(ac9bc0b9c9f1d5e4facedd499cf6ca40) Importer(815301076,1909f56bfc062723c751e8b465ee728b)  -> (artifact id: '05587946624932e00d774ca79eda1130') in 0.054871 seconds 
========================================================================
Received Import Request.
  Time since last request: 3.579559 seconds.
  path: Assets/Prefabs/EslesmeFab/6.prefab
  artifactKey: Guid(ac9bc0b9c9f1d5e4facedd499cf6ca40) Importer(815301076,1909f56bfc062723c751e8b465ee728b)
Start importing Assets/Prefabs/EslesmeFab/6.prefab using Guid(ac9bc0b9c9f1d5e4facedd499cf6ca40) Importer(815301076,1909f56bfc062723c751e8b465ee728b)  -> (artifact id: '25dcefb966ce7dce24af71c0b8f55cea') in 0.050827 seconds 
========================================================================
Received Import Request.
  Time since last request: 6.620229 seconds.
  path: Assets/Prefabs/EslesmeFab/6.prefab
  artifactKey: Guid(ac9bc0b9c9f1d5e4facedd499cf6ca40) Importer(815301076,1909f56bfc062723c751e8b465ee728b)
Start importing Assets/Prefabs/EslesmeFab/6.prefab using Guid(ac9bc0b9c9f1d5e4facedd499cf6ca40) Importer(815301076,1909f56bfc062723c751e8b465ee728b)  -> (artifact id: '8262fc59eb637c44a10d4997c6ed52d0') in 0.048763 seconds 
========================================================================
Received Import Request.
  Time since last request: 3.186260 seconds.
  path: Assets/Prefabs/EslesmeFab/6.prefab
  artifactKey: Guid(ac9bc0b9c9f1d5e4facedd499cf6ca40) Importer(815301076,1909f56bfc062723c751e8b465ee728b)
Start importing Assets/Prefabs/EslesmeFab/6.prefab using Guid(ac9bc0b9c9f1d5e4facedd499cf6ca40) Importer(815301076,1909f56bfc062723c751e8b465ee728b)  -> (artifact id: 'c4a207a1c4a4e15a89083920bd0f224a') in 0.045611 seconds 
========================================================================
Received Import Request.
  Time since last request: 8.705955 seconds.
  path: Assets/Prefabs/EslesmeFab/7.prefab
  artifactKey: Guid(0fe230a31f812814d8cad0a08e3db807) Importer(815301076,1909f56bfc062723c751e8b465ee728b)
Start importing Assets/Prefabs/EslesmeFab/7.prefab using Guid(0fe230a31f812814d8cad0a08e3db807) Importer(815301076,1909f56bfc062723c751e8b465ee728b)  -> (artifact id: '08d1f9a18888f0f0358a83bb3a1a04ef') in 0.045823 seconds 
========================================================================
Received Import Request.
  Time since last request: 1.744497 seconds.
  path: Assets/Prefabs/EslesmeFab/7.prefab
  artifactKey: Guid(0fe230a31f812814d8cad0a08e3db807) Importer(815301076,1909f56bfc062723c751e8b465ee728b)
Start importing Assets/Prefabs/EslesmeFab/7.prefab using Guid(0fe230a31f812814d8cad0a08e3db807) Importer(815301076,1909f56bfc062723c751e8b465ee728b)  -> (artifact id: '78a8095d0ae7686e6bffdb5764175acc') in 0.045448 seconds 
========================================================================
Received Import Request.
  Time since last request: 4.815343 seconds.
  path: Assets/Prefabs/EslesmeFab/7.prefab
  artifactKey: Guid(0fe230a31f812814d8cad0a08e3db807) Importer(815301076,1909f56bfc062723c751e8b465ee728b)
Start importing Assets/Prefabs/EslesmeFab/7.prefab using Guid(0fe230a31f812814d8cad0a08e3db807) Importer(815301076,1909f56bfc062723c751e8b465ee728b)  -> (artifact id: 'f9f029d5bfc6b8a47b5d7905da9a81c6') in 0.048291 seconds 
========================================================================
Received Import Request.
  Time since last request: 4.631379 seconds.
  path: Assets/Prefabs/EslesmeFab/7.prefab
  artifactKey: Guid(0fe230a31f812814d8cad0a08e3db807) Importer(815301076,1909f56bfc062723c751e8b465ee728b)
Start importing Assets/Prefabs/EslesmeFab/7.prefab using Guid(0fe230a31f812814d8cad0a08e3db807) Importer(815301076,1909f56bfc062723c751e8b465ee728b)  -> (artifact id: 'bbc0af820b006e4d4307ff41a318bf2f') in 0.052186 seconds 
========================================================================
Received Import Request.
  Time since last request: 2.557503 seconds.
  path: Assets/Prefabs/EslesmeFab/7.prefab
  artifactKey: Guid(0fe230a31f812814d8cad0a08e3db807) Importer(815301076,1909f56bfc062723c751e8b465ee728b)
Start importing Assets/Prefabs/EslesmeFab/7.prefab using Guid(0fe230a31f812814d8cad0a08e3db807) Importer(815301076,1909f56bfc062723c751e8b465ee728b)  -> (artifact id: '446a0eaab8011b51047c9aac4a0d83c6') in 0.052964 seconds 
========================================================================
Received Import Request.
  Time since last request: 5.903453 seconds.
  path: Assets/Prefabs/EslesmeFab/8.prefab
  artifactKey: Guid(f27d59fa4127f8b40b114538da1eb1e0) Importer(815301076,1909f56bfc062723c751e8b465ee728b)
Start importing Assets/Prefabs/EslesmeFab/8.prefab using Guid(f27d59fa4127f8b40b114538da1eb1e0) Importer(815301076,1909f56bfc062723c751e8b465ee728b)  -> (artifact id: '8c8ede6dd0205bb2e2e205e475723538') in 0.041446 seconds 
========================================================================
Received Import Request.
  Time since last request: 2.567533 seconds.
  path: Assets/Prefabs/EslesmeFab/8.prefab
  artifactKey: Guid(f27d59fa4127f8b40b114538da1eb1e0) Importer(815301076,1909f56bfc062723c751e8b465ee728b)
Start importing Assets/Prefabs/EslesmeFab/8.prefab using Guid(f27d59fa4127f8b40b114538da1eb1e0) Importer(815301076,1909f56bfc062723c751e8b465ee728b)  -> (artifact id: '442405d9b98667ca13020d98f6dccc7b') in 0.052780 seconds 
========================================================================
Received Import Request.
  Time since last request: 1.957514 seconds.
  path: Assets/Prefabs/EslesmeFab/8.prefab
  artifactKey: Guid(f27d59fa4127f8b40b114538da1eb1e0) Importer(815301076,1909f56bfc062723c751e8b465ee728b)
Start importing Assets/Prefabs/EslesmeFab/8.prefab using Guid(f27d59fa4127f8b40b114538da1eb1e0) Importer(815301076,1909f56bfc062723c751e8b465ee728b)  -> (artifact id: '900f913cfcce99c7b3c8503917162b79') in 0.053835 seconds 
========================================================================
Received Import Request.
  Time since last request: 0.942615 seconds.
  path: Assets/Prefabs/EslesmeFab/8.prefab
  artifactKey: Guid(f27d59fa4127f8b40b114538da1eb1e0) Importer(815301076,1909f56bfc062723c751e8b465ee728b)
Start importing Assets/Prefabs/EslesmeFab/8.prefab using Guid(f27d59fa4127f8b40b114538da1eb1e0) Importer(815301076,1909f56bfc062723c751e8b465ee728b)  -> (artifact id: '15bf0142fc87a69b8355c02a2b370ab4') in 0.043166 seconds 
========================================================================
Received Import Request.
  Time since last request: 5.425781 seconds.
  path: Assets/Prefabs/EslesmeFab/8.prefab
  artifactKey: Guid(f27d59fa4127f8b40b114538da1eb1e0) Importer(815301076,1909f56bfc062723c751e8b465ee728b)
Start importing Assets/Prefabs/EslesmeFab/8.prefab using Guid(f27d59fa4127f8b40b114538da1eb1e0) Importer(815301076,1909f56bfc062723c751e8b465ee728b)  -> (artifact id: '3e85df7b322cfa2cf6e69aef67460ee3') in 0.048271 seconds 
========================================================================
Received Import Request.
  Time since last request: 3.176858 seconds.
  path: Assets/Prefabs/EslesmeFab/8.prefab
  artifactKey: Guid(f27d59fa4127f8b40b114538da1eb1e0) Importer(815301076,1909f56bfc062723c751e8b465ee728b)
Start importing Assets/Prefabs/EslesmeFab/8.prefab using Guid(f27d59fa4127f8b40b114538da1eb1e0) Importer(815301076,1909f56bfc062723c751e8b465ee728b)  -> (artifact id: '4d1ef65739b4f9b35ee671d01e8696ca') in 0.050121 seconds 
========================================================================
Received Import Request.
  Time since last request: 2.563551 seconds.
  path: Assets/Prefabs/EslesmeFab/8.prefab
  artifactKey: Guid(f27d59fa4127f8b40b114538da1eb1e0) Importer(815301076,1909f56bfc062723c751e8b465ee728b)
Start importing Assets/Prefabs/EslesmeFab/8.prefab using Guid(f27d59fa4127f8b40b114538da1eb1e0) Importer(815301076,1909f56bfc062723c751e8b465ee728b)  -> (artifact id: '166d56f641c0e2b4a8fff53734bdb32b') in 0.043861 seconds 
========================================================================
Received Prepare
Registering precompiled user dll's ...
Registered in 0.006871 seconds.
Begin MonoManager ReloadAssembly
Native extension for UWP target not found
Native extension for WindowsStandalone target not found
Native extension for iOS target not found
Native extension for Android target not found
Refreshing native plugins compatible for Editor in 2.25 ms, found 2 plugins.
Preloading 0 native plugins for Editor in 0.00 ms.
Mono: successfully reloaded assembly
- Completed reload, in  1.744 seconds
Domain Reload Profiling:
	ReloadAssembly (1745ms)
		BeginReloadAssembly (180ms)
			ExecutionOrderSort (0ms)
			DisableScriptedObjects (11ms)
			BackupInstance (0ms)
			ReleaseScriptingObjects (0ms)
			CreateAndSetChildDomain (58ms)
		EndReloadAssembly (1450ms)
			LoadAssemblies (107ms)
			RebuildTransferFunctionScriptingTraits (0ms)
			SetupTypeCache (324ms)
			ReleaseScriptCaches (3ms)
			RebuildScriptCaches (71ms)
			SetupLoadedEditorAssemblies (792ms)
				LogAssemblyErrors (0ms)
				InitializePlatformSupportModulesInManaged (42ms)
				SetLoadedEditorAssemblies (1ms)
				RefreshPlugins (2ms)
				BeforeProcessingInitializeOnLoad (118ms)
				ProcessInitializeOnLoadAttributes (504ms)
				ProcessInitializeOnLoadMethodAttributes (112ms)
				AfterProcessingInitializeOnLoad (13ms)
				EditorAssembliesLoaded (0ms)
			ExecutionOrderSort2 (0ms)
			AwakeInstancesAfterBackupRestoration (48ms)
Platform modules already initialized, skipping
Refreshing native plugins compatible for Editor in 5.98 ms, found 2 plugins.
Preloading 0 native plugins for Editor in 0.00 ms.
Unloading 4357 Unused Serialized files (Serialized files now loaded: 0)
Unloading 47 unused Assets / (0.6 MB). Loaded Objects now: 5076.
Memory consumption went from 280.5 MB to 279.8 MB.
Total: 7.299300 ms (FindLiveObjects: 0.698900 ms CreateObjectMapping: 0.109000 ms MarkObjects: 5.977200 ms  DeleteObjects: 0.512300 ms)

AssetImportParameters requested are different than current active one (requested -> active):
  custom:video-decoder-ogg-theora: a1e56fd34408186e4bbccfd4996cb3dc -> 
  custom:container-muxer-webm: aa71ff27fc2769a1b78a27578f13a17b -> 
  custom:container-demuxer-webm: 4f35f7cbe854078d1ac9338744f61a02 -> 
  custom:video-encoder-webm-vp8: eb34c28f22e8b96e1ab97ce403110664 -> 
  custom:audio-encoder-webm-vorbis: bf7c407c2cedff20999df2af8eb42d56 -> 
  custom:framework-win-MediaFoundation: 216162199b28c13a410421893ffa2e32 -> 
  custom:container-demuxer-ogg: 62fdf1f143b41e24485cea50d1cbac27 -> 
  custom:video-decoder-webm-vp8: 9c59270c3fd7afecdb556c50c9e8de78 -> 
  custom:audio-decoder-ogg-vorbis: bf7c407c2cedff20999df2af8eb42d56 -> 
========================================================================
Received Prepare
Refreshing native plugins compatible for Editor in 10.22 ms, found 2 plugins.
Preloading 0 native plugins for Editor in 0.00 ms.
Unloading 47 Unused Serialized files (Serialized files now loaded: 0)
Unloading 47 unused Assets / (0.6 MB). Loaded Objects now: 5076.
Memory consumption went from 193.3 MB to 192.6 MB.
Total: 5.189300 ms (FindLiveObjects: 0.471700 ms CreateObjectMapping: 0.211400 ms MarkObjects: 4.132000 ms  DeleteObjects: 0.372700 ms)

AssetImportParameters requested are different than current active one (requested -> active):
  custom:video-decoder-ogg-theora: a1e56fd34408186e4bbccfd4996cb3dc -> 
  custom:container-muxer-webm: aa71ff27fc2769a1b78a27578f13a17b -> 
  custom:container-demuxer-webm: 4f35f7cbe854078d1ac9338744f61a02 -> 
  custom:video-encoder-webm-vp8: eb34c28f22e8b96e1ab97ce403110664 -> 
  custom:audio-encoder-webm-vorbis: bf7c407c2cedff20999df2af8eb42d56 -> 
  custom:framework-win-MediaFoundation: 216162199b28c13a410421893ffa2e32 -> 
  custom:container-demuxer-ogg: 62fdf1f143b41e24485cea50d1cbac27 -> 
  custom:video-decoder-webm-vp8: 9c59270c3fd7afecdb556c50c9e8de78 -> 
  custom:audio-decoder-ogg-vorbis: bf7c407c2cedff20999df2af8eb42d56 -> 
