Using pre-set license
Built from '2021.2/staging' branch; Version is '2021.2.16f1 (559fc0ec6670) revision 5611456'; Using compiler version '192829333'; Build Type 'Release'
OS: 'Windows 10  (10.0.19044) 64bit Professional' Language: 'tr' Physical Memory: 16315 MB
BatchMode: 1, IsHumanControllingUs: 0, StartBugReporterOnCrash: 0, Is64bit: 1, IsPro: 1

COMMAND LINE ARGUMENTS:
C:\Program Files\Unity\Hub\Editor\2021.2.16f1\Editor\Unity.exe
-adb2
-batchMode
-noUpm
-name
AssetImportWorker13
-projectPath
C:/Games/MyGames/GreenKids
-logFile
Logs/AssetImportWorker13.log
-srvPort
53183
Successfully changed project path to: C:/Games/MyGames/GreenKids
C:/Games/MyGames/GreenKids
[UnityMemory] Configuration Parameters - Can be set up in boot.config
    "memorysetup-bucket-allocator-granularity=16"
    "memorysetup-bucket-allocator-bucket-count=8"
    "memorysetup-bucket-allocator-block-size=33554432"
    "memorysetup-bucket-allocator-block-count=8"
    "memorysetup-main-allocator-block-size=16777216"
    "memorysetup-thread-allocator-block-size=16777216"
    "memorysetup-gfx-main-allocator-block-size=16777216"
    "memorysetup-gfx-thread-allocator-block-size=16777216"
    "memorysetup-cache-allocator-block-size=4194304"
    "memorysetup-typetree-allocator-block-size=2097152"
    "memorysetup-profiler-bucket-allocator-granularity=16"
    "memorysetup-profiler-bucket-allocator-bucket-count=8"
    "memorysetup-profiler-bucket-allocator-block-size=33554432"
    "memorysetup-profiler-bucket-allocator-block-count=8"
    "memorysetup-profiler-allocator-block-size=16777216"
    "memorysetup-profiler-editor-allocator-block-size=1048576"
    "memorysetup-temp-allocator-size-main=16777216"
    "memorysetup-job-temp-allocator-block-size=2097152"
    "memorysetup-job-temp-allocator-block-size-background=1048576"
    "memorysetup-job-temp-allocator-reduction-small-platforms=262144"
    "memorysetup-temp-allocator-size-background-worker=32768"
    "memorysetup-temp-allocator-size-job-worker=262144"
    "memorysetup-temp-allocator-size-preload-manager=33554432"
    "memorysetup-temp-allocator-size-nav-mesh-worker=65536"
    "memorysetup-temp-allocator-size-audio-worker=65536"
    "memorysetup-temp-allocator-size-cloud-worker=32768"
    "memorysetup-temp-allocator-size-gi-baking-worker=262144"
    "memorysetup-temp-allocator-size-gfx=262144"
Refreshing native plugins compatible for Editor in 101.37 ms, found 2 plugins.
Preloading 0 native plugins for Editor in 0.00 ms.
Initialize engine version: 2021.2.16f1 (559fc0ec6670)
[Subsystems] Discovering subsystems at path C:/Program Files/Unity/Hub/Editor/2021.2.16f1/Editor/Data/Resources/UnitySubsystems
[Subsystems] Discovering subsystems at path C:/Games/MyGames/GreenKids/Assets
GfxDevice: creating device client; threaded=0; jobified=0
Direct3D:
    Version:  Direct3D 11.0 [level 11.1]
    Renderer: NVIDIA GeForce GTX 1660 (ID=0x2184)
    Vendor:   NVIDIA
    VRAM:     5992 MB
    Driver:   30.0.15.1179
Initialize mono
Mono path[0] = 'C:/Program Files/Unity/Hub/Editor/2021.2.16f1/Editor/Data/Managed'
Mono path[1] = 'C:/Program Files/Unity/Hub/Editor/2021.2.16f1/Editor/Data/MonoBleedingEdge/lib/mono/unityjit-win32'
Mono config path = 'C:/Program Files/Unity/Hub/Editor/2021.2.16f1/Editor/Data/MonoBleedingEdge/etc'
Using monoOptions --debugger-agent=transport=dt_socket,embedding=1,server=y,suspend=n,address=127.0.0.1:56912
Begin MonoManager ReloadAssembly
Registering precompiled unity dll's ...
Register platform support module: C:/Program Files/Unity/Hub/Editor/2021.2.16f1/Editor/Data/PlaybackEngines/AndroidPlayer/UnityEditor.Android.Extensions.dll
Register platform support module: C:/Program Files/Unity/Hub/Editor/2021.2.16f1/Editor/Data/PlaybackEngines/iOSSupport/UnityEditor.iOS.Extensions.dll
Register platform support module: C:/Program Files/Unity/Hub/Editor/2021.2.16f1/Editor/Data/PlaybackEngines/WindowsStandaloneSupport/UnityEditor.WindowsStandalone.Extensions.dll
Register platform support module: C:/Program Files/Unity/Hub/Editor/2021.2.16f1/Editor/Data/PlaybackEngines/MetroSupport/UnityEditor.UWP.Extensions.dll
Registered in 0.013085 seconds.
Native extension for UWP target not found
Native extension for WindowsStandalone target not found
[usbmuxd] Start listen thread
[usbmuxd] Listen thread started
Native extension for iOS target not found
Native extension for Android target not found
Refreshing native plugins compatible for Editor in 96.27 ms, found 2 plugins.
Preloading 0 native plugins for Editor in 0.00 ms.
Mono: successfully reloaded assembly
- Completed reload, in  0.832 seconds
Domain Reload Profiling:
	ReloadAssembly (833ms)
		BeginReloadAssembly (92ms)
			ExecutionOrderSort (0ms)
			DisableScriptedObjects (0ms)
			BackupInstance (0ms)
			ReleaseScriptingObjects (0ms)
			CreateAndSetChildDomain (1ms)
		EndReloadAssembly (606ms)
			LoadAssemblies (91ms)
			RebuildTransferFunctionScriptingTraits (0ms)
			SetupTypeCache (141ms)
			ReleaseScriptCaches (0ms)
			RebuildScriptCaches (39ms)
			SetupLoadedEditorAssemblies (356ms)
				LogAssemblyErrors (0ms)
				InitializePlatformSupportModulesInManaged (78ms)
				SetLoadedEditorAssemblies (0ms)
				RefreshPlugins (96ms)
				BeforeProcessingInitializeOnLoad (2ms)
				ProcessInitializeOnLoadAttributes (123ms)
				ProcessInitializeOnLoadMethodAttributes (56ms)
				AfterProcessingInitializeOnLoad (0ms)
				EditorAssembliesLoaded (0ms)
			ExecutionOrderSort2 (0ms)
			AwakeInstancesAfterBackupRestoration (0ms)
Platform modules already initialized, skipping
Registering precompiled user dll's ...
Registered in 0.009130 seconds.
Begin MonoManager ReloadAssembly
Native extension for UWP target not found
Native extension for WindowsStandalone target not found
Native extension for iOS target not found
Native extension for Android target not found
Refreshing native plugins compatible for Editor in 106.28 ms, found 2 plugins.
Preloading 0 native plugins for Editor in 0.00 ms.
Mono: successfully reloaded assembly
- Completed reload, in  3.093 seconds
Domain Reload Profiling:
	ReloadAssembly (3094ms)
		BeginReloadAssembly (223ms)
			ExecutionOrderSort (0ms)
			DisableScriptedObjects (6ms)
			BackupInstance (0ms)
			ReleaseScriptingObjects (0ms)
			CreateAndSetChildDomain (124ms)
		EndReloadAssembly (2748ms)
			LoadAssemblies (102ms)
			RebuildTransferFunctionScriptingTraits (0ms)
			SetupTypeCache (343ms)
			ReleaseScriptCaches (1ms)
			RebuildScriptCaches (81ms)
			SetupLoadedEditorAssemblies (2143ms)
				LogAssemblyErrors (0ms)
				InitializePlatformSupportModulesInManaged (34ms)
				SetLoadedEditorAssemblies (0ms)
				RefreshPlugins (106ms)
				BeforeProcessingInitializeOnLoad (128ms)
				ProcessInitializeOnLoadAttributes (1752ms)
				ProcessInitializeOnLoadMethodAttributes (108ms)
				AfterProcessingInitializeOnLoad (14ms)
				EditorAssembliesLoaded (0ms)
			ExecutionOrderSort2 (0ms)
			AwakeInstancesAfterBackupRestoration (8ms)
Platform modules already initialized, skipping
========================================================================
Worker process is ready to serve import requests
Launched and connected shader compiler UnityShaderCompiler.exe after 0.07 seconds
Refreshing native plugins compatible for Editor in 1.25 ms, found 2 plugins.
Preloading 0 native plugins for Editor in 0.00 ms.
Unloading 4516 Unused Serialized files (Serialized files now loaded: 0)
Unloading 54 unused Assets / (0.7 MB). Loaded Objects now: 4978.
Memory consumption went from 282.8 MB to 282.1 MB.
Total: 5.001000 ms (FindLiveObjects: 0.580800 ms CreateObjectMapping: 0.243600 ms MarkObjects: 3.812400 ms  DeleteObjects: 0.362300 ms)

AssetImportParameters requested are different than current active one (requested -> active):
  custom:video-decoder-ogg-theora: a1e56fd34408186e4bbccfd4996cb3dc -> 
  custom:container-muxer-webm: aa71ff27fc2769a1b78a27578f13a17b -> 
  custom:container-demuxer-webm: 4f35f7cbe854078d1ac9338744f61a02 -> 
  custom:video-encoder-webm-vp8: eb34c28f22e8b96e1ab97ce403110664 -> 
  custom:audio-encoder-webm-vorbis: bf7c407c2cedff20999df2af8eb42d56 -> 
  custom:framework-win-MediaFoundation: 216162199b28c13a410421893ffa2e32 -> 
  custom:SearchIndexIgnoredProperties: e643bd26f0fe6173181afceb89e7c659 -> 
  custom:container-demuxer-ogg: 62fdf1f143b41e24485cea50d1cbac27 -> 
  custom:video-decoder-webm-vp8: 9c59270c3fd7afecdb556c50c9e8de78 -> 
  custom:audio-decoder-ogg-vorbis: bf7c407c2cedff20999df2af8eb42d56 -> 
========================================================================
Received Import Request.
  Time since last request: 82158.116876 seconds.
  path: Assets/Sprites/Meyvalar/havuç.png
  artifactKey: Guid(e375989a75e9c0d4c90a61b4707aafe1) Importer(815301076,1909f56bfc062723c751e8b465ee728b)
Start importing Assets/Sprites/Meyvalar/havuç.png using Guid(e375989a75e9c0d4c90a61b4707aafe1) Importer(815301076,1909f56bfc062723c751e8b465ee728b)  -> (artifact id: '5570d4952c693c9ca2f0669d0d5606b7') in 0.315940 seconds 
========================================================================
Received Import Request.
  Time since last request: 0.000052 seconds.
  path: Assets/Sprites/Meyvalar/hindistancevizi.png
  artifactKey: Guid(4ace2c79ba6028c4299c96b103c70237) Importer(815301076,1909f56bfc062723c751e8b465ee728b)
Start importing Assets/Sprites/Meyvalar/hindistancevizi.png using Guid(4ace2c79ba6028c4299c96b103c70237) Importer(815301076,1909f56bfc062723c751e8b465ee728b)  -> (artifact id: 'fdd44611d84a79bea8d1d6b47174c158') in 0.134292 seconds 
========================================================================
Received Import Request.
  Time since last request: 0.000051 seconds.
  path: Assets/Sprites/Meyvalar/karpuz.png
  artifactKey: Guid(8b1c782af8624ce4bbfed875c9b95c9a) Importer(815301076,1909f56bfc062723c751e8b465ee728b)
Start importing Assets/Sprites/Meyvalar/karpuz.png using Guid(8b1c782af8624ce4bbfed875c9b95c9a) Importer(815301076,1909f56bfc062723c751e8b465ee728b)  -> (artifact id: '8771e6b6dab583ac30816978f686c427') in 0.138415 seconds 
========================================================================
Received Import Request.
  Time since last request: 112.024383 seconds.
  path: Assets/Prefabs/1.prefab
  artifactKey: Guid(b99f9f28ef776984ba43e2ecea714765) Importer(815301076,1909f56bfc062723c751e8b465ee728b)
Start importing Assets/Prefabs/1.prefab using Guid(b99f9f28ef776984ba43e2ecea714765) Importer(815301076,1909f56bfc062723c751e8b465ee728b)  -> (artifact id: '1e5f9fdb9b3b3984714d9ee3ce33106c') in 0.319136 seconds 
========================================================================
Received Import Request.
  Time since last request: 0.000039 seconds.
  path: Assets/Prefabs/5 1.prefab
  artifactKey: Guid(aa6a59bae240d2349b5f02f15078c27a) Importer(815301076,1909f56bfc062723c751e8b465ee728b)
Start importing Assets/Prefabs/5 1.prefab using Guid(aa6a59bae240d2349b5f02f15078c27a) Importer(815301076,1909f56bfc062723c751e8b465ee728b)  -> (artifact id: '71164ec3c6aa814b1492fc3f66ae6e0c') in 0.064319 seconds 
========================================================================
Received Import Request.
  Time since last request: 0.000045 seconds.
  path: Assets/Prefabs/2 1.prefab
  artifactKey: Guid(d6f58ec70fef2dc4b847a960997b44ce) Importer(815301076,1909f56bfc062723c751e8b465ee728b)
Start importing Assets/Prefabs/2 1.prefab using Guid(d6f58ec70fef2dc4b847a960997b44ce) Importer(815301076,1909f56bfc062723c751e8b465ee728b)  -> (artifact id: '1188d20a8ef626f3850478164f804570') in 0.060289 seconds 
========================================================================
Received Import Request.
  Time since last request: 0.000031 seconds.
  path: Assets/Prefabs/8 1.prefab
  artifactKey: Guid(5828bdc6564d9d34ea175de6ca75d46b) Importer(815301076,1909f56bfc062723c751e8b465ee728b)
Start importing Assets/Prefabs/8 1.prefab using Guid(5828bdc6564d9d34ea175de6ca75d46b) Importer(815301076,1909f56bfc062723c751e8b465ee728b)  -> (artifact id: '5e3fea43e5360fa931223c3e065fd477') in 0.062835 seconds 
========================================================================
Received Import Request.
  Time since last request: 0.000039 seconds.
  path: Assets/Prefabs/4 1.prefab
  artifactKey: Guid(3a2c857a5d347e945acfbf1ee24fc179) Importer(815301076,1909f56bfc062723c751e8b465ee728b)
Start importing Assets/Prefabs/4 1.prefab using Guid(3a2c857a5d347e945acfbf1ee24fc179) Importer(815301076,1909f56bfc062723c751e8b465ee728b)  -> (artifact id: '88d136c79770c78009f91cdb63c395d7') in 0.059855 seconds 
========================================================================
Received Import Request.
  Time since last request: 0.000057 seconds.
  path: Assets/Prefabs/6.prefab
  artifactKey: Guid(1a0d9fc4dd892334b81d78a47b685916) Importer(815301076,1909f56bfc062723c751e8b465ee728b)
Start importing Assets/Prefabs/6.prefab using Guid(1a0d9fc4dd892334b81d78a47b685916) Importer(815301076,1909f56bfc062723c751e8b465ee728b)  -> (artifact id: '1e10a768bd95196c065350b846035448') in 0.062742 seconds 
========================================================================
Received Import Request.
  Time since last request: 0.000047 seconds.
  path: Assets/Prefabs/6 1.prefab
  artifactKey: Guid(06919fde15aba454fbdfe3abe30b0872) Importer(815301076,1909f56bfc062723c751e8b465ee728b)
Start importing Assets/Prefabs/6 1.prefab using Guid(06919fde15aba454fbdfe3abe30b0872) Importer(815301076,1909f56bfc062723c751e8b465ee728b)  -> (artifact id: '60fc2250ce2a42dab6290120ead80fa2') in 0.056797 seconds 
========================================================================
Received Import Request.
  Time since last request: 0.000034 seconds.
  path: Assets/Prefabs/3 1.prefab
  artifactKey: Guid(372eb5f58f1580c4a97853843713551f) Importer(815301076,1909f56bfc062723c751e8b465ee728b)
Start importing Assets/Prefabs/3 1.prefab using Guid(372eb5f58f1580c4a97853843713551f) Importer(815301076,1909f56bfc062723c751e8b465ee728b)  -> (artifact id: '3997d6a21b0c7eaf5586fa52b98bcc9e') in 0.063770 seconds 
========================================================================
Received Import Request.
  Time since last request: 14.872283 seconds.
  path: Assets/Prefabs/kare_sayi4.prefab
  artifactKey: Guid(5ec8dcf4813327a4287ec65de7149c24) Importer(815301076,1909f56bfc062723c751e8b465ee728b)
Start importing Assets/Prefabs/kare_sayi4.prefab using Guid(5ec8dcf4813327a4287ec65de7149c24) Importer(815301076,1909f56bfc062723c751e8b465ee728b)  -> (artifact id: '0a674a5c5da6742d4561b1099f8882e4') in 0.052847 seconds 
========================================================================
Received Import Request.
  Time since last request: 0.000031 seconds.
  path: Assets/Prefabs/kare_yuva6.prefab
  artifactKey: Guid(9d5750bf2a5aa744bb565c72c1512eea) Importer(815301076,1909f56bfc062723c751e8b465ee728b)
Start importing Assets/Prefabs/kare_yuva6.prefab using Guid(9d5750bf2a5aa744bb565c72c1512eea) Importer(815301076,1909f56bfc062723c751e8b465ee728b)  -> (artifact id: 'ecfc135932c3a286c36f057b26c3b494') in 0.058048 seconds 
========================================================================
Received Import Request.
  Time since last request: 0.000035 seconds.
  path: Assets/Prefabs/kare_yuva4.prefab
  artifactKey: Guid(10487228b931d294c939c60583b16ebc) Importer(815301076,1909f56bfc062723c751e8b465ee728b)
Start importing Assets/Prefabs/kare_yuva4.prefab using Guid(10487228b931d294c939c60583b16ebc) Importer(815301076,1909f56bfc062723c751e8b465ee728b)  -> (artifact id: 'd3e52908843191aa7faab807b22fce14') in 0.042198 seconds 
========================================================================
Received Import Request.
  Time since last request: 7.957120 seconds.
  path: Assets/Prefabs/kare_sayi4.prefab
  artifactKey: Guid(5ec8dcf4813327a4287ec65de7149c24) Importer(815301076,1909f56bfc062723c751e8b465ee728b)
Start importing Assets/Prefabs/kare_sayi4.prefab using Guid(5ec8dcf4813327a4287ec65de7149c24) Importer(815301076,1909f56bfc062723c751e8b465ee728b)  -> (artifact id: '0fbc54e4449d5dafd18b261caa839f97') in 0.052793 seconds 
========================================================================
Received Import Request.
  Time since last request: 0.000029 seconds.
  path: Assets/Prefabs/kare_sayi6.prefab
  artifactKey: Guid(b10b870ede4ab89409af75e1f159d966) Importer(815301076,1909f56bfc062723c751e8b465ee728b)
Start importing Assets/Prefabs/kare_sayi6.prefab using Guid(b10b870ede4ab89409af75e1f159d966) Importer(815301076,1909f56bfc062723c751e8b465ee728b)  -> (artifact id: '61f5d8c19e416c44476318530681cb3d') in 0.044509 seconds 
========================================================================
Received Import Request.
  Time since last request: 0.000041 seconds.
  path: Assets/Prefabs/kare_yuva4.prefab
  artifactKey: Guid(10487228b931d294c939c60583b16ebc) Importer(815301076,1909f56bfc062723c751e8b465ee728b)
Start importing Assets/Prefabs/kare_yuva4.prefab using Guid(10487228b931d294c939c60583b16ebc) Importer(815301076,1909f56bfc062723c751e8b465ee728b)  -> (artifact id: '8fc3e5f4f1d05735defb85bd6d7e02e1') in 0.034800 seconds 
========================================================================
Received Import Request.
  Time since last request: 2.887652 seconds.
  path: Assets/Prefabs/kare_sayi4.prefab
  artifactKey: Guid(5ec8dcf4813327a4287ec65de7149c24) Importer(815301076,1909f56bfc062723c751e8b465ee728b)
Start importing Assets/Prefabs/kare_sayi4.prefab using Guid(5ec8dcf4813327a4287ec65de7149c24) Importer(815301076,1909f56bfc062723c751e8b465ee728b)  -> (artifact id: 'a8f8d04fa2b9d55a36785ecb46e55e8e') in 0.049908 seconds 
========================================================================
Received Import Request.
  Time since last request: 0.000037 seconds.
  path: Assets/Prefabs/kare_yuva6.prefab
  artifactKey: Guid(9d5750bf2a5aa744bb565c72c1512eea) Importer(815301076,1909f56bfc062723c751e8b465ee728b)
Start importing Assets/Prefabs/kare_yuva6.prefab using Guid(9d5750bf2a5aa744bb565c72c1512eea) Importer(815301076,1909f56bfc062723c751e8b465ee728b)  -> (artifact id: '92877da3f7f9f94f7a735094d97d4cfa') in 0.049356 seconds 
========================================================================
Received Import Request.
  Time since last request: 0.000069 seconds.
  path: Assets/Prefabs/kare_yuva4.prefab
  artifactKey: Guid(10487228b931d294c939c60583b16ebc) Importer(815301076,1909f56bfc062723c751e8b465ee728b)
Start importing Assets/Prefabs/kare_yuva4.prefab using Guid(10487228b931d294c939c60583b16ebc) Importer(815301076,1909f56bfc062723c751e8b465ee728b)  -> (artifact id: 'da8aa8ca521ef2d7e81c6608a9e50200') in 0.038253 seconds 
========================================================================
Received Import Request.
  Time since last request: 10.796456 seconds.
  path: Assets/Prefabs/kare_sayi4.prefab
  artifactKey: Guid(5ec8dcf4813327a4287ec65de7149c24) Importer(815301076,1909f56bfc062723c751e8b465ee728b)
Start importing Assets/Prefabs/kare_sayi4.prefab using Guid(5ec8dcf4813327a4287ec65de7149c24) Importer(815301076,1909f56bfc062723c751e8b465ee728b)  -> (artifact id: '63e21d0cd576d7a6f0b71438974d31c2') in 0.060534 seconds 
========================================================================
Received Import Request.
  Time since last request: 0.000041 seconds.
  path: Assets/Prefabs/kare_yuva5.prefab
  artifactKey: Guid(8460665222b850c438db9315daead913) Importer(815301076,1909f56bfc062723c751e8b465ee728b)
Start importing Assets/Prefabs/kare_yuva5.prefab using Guid(8460665222b850c438db9315daead913) Importer(815301076,1909f56bfc062723c751e8b465ee728b)  -> (artifact id: '088eafeb8c3f3e13aebfa99a219854a5') in 0.041914 seconds 
========================================================================
Received Import Request.
  Time since last request: 4.754266 seconds.
  path: Assets/Prefabs/kare_sayi4.prefab
  artifactKey: Guid(5ec8dcf4813327a4287ec65de7149c24) Importer(815301076,1909f56bfc062723c751e8b465ee728b)
Start importing Assets/Prefabs/kare_sayi4.prefab using Guid(5ec8dcf4813327a4287ec65de7149c24) Importer(815301076,1909f56bfc062723c751e8b465ee728b)  -> (artifact id: '2d0366756c6b481df5381e5739c47df2') in 0.043680 seconds 
========================================================================
Received Import Request.
  Time since last request: 0.000032 seconds.
  path: Assets/Prefabs/kare_sayi6.prefab
  artifactKey: Guid(b10b870ede4ab89409af75e1f159d966) Importer(815301076,1909f56bfc062723c751e8b465ee728b)
Start importing Assets/Prefabs/kare_sayi6.prefab using Guid(b10b870ede4ab89409af75e1f159d966) Importer(815301076,1909f56bfc062723c751e8b465ee728b)  -> (artifact id: 'f74e62f7ef27400e7b197a272423ec9d') in 0.040471 seconds 
========================================================================
Received Import Request.
  Time since last request: 8.405663 seconds.
  path: Assets/Prefabs/kare_sayi4.prefab
  artifactKey: Guid(5ec8dcf4813327a4287ec65de7149c24) Importer(815301076,1909f56bfc062723c751e8b465ee728b)
Start importing Assets/Prefabs/kare_sayi4.prefab using Guid(5ec8dcf4813327a4287ec65de7149c24) Importer(815301076,1909f56bfc062723c751e8b465ee728b)  -> (artifact id: 'd6886bc4b834da8a033fd087eaea243d') in 0.022339 seconds 
========================================================================
Received Import Request.
  Time since last request: 0.000053 seconds.
  path: Assets/Prefabs/kare_sayi6.prefab
  artifactKey: Guid(b10b870ede4ab89409af75e1f159d966) Importer(815301076,1909f56bfc062723c751e8b465ee728b)
Start importing Assets/Prefabs/kare_sayi6.prefab using Guid(b10b870ede4ab89409af75e1f159d966) Importer(815301076,1909f56bfc062723c751e8b465ee728b)  -> (artifact id: 'e313352095cd12e22cdacbee92f2fe45') in 0.021147 seconds 
========================================================================
Received Import Request.
  Time since last request: 12.743664 seconds.
  path: Assets/Prefabs/kare_sayi4.prefab
  artifactKey: Guid(5ec8dcf4813327a4287ec65de7149c24) Importer(815301076,1909f56bfc062723c751e8b465ee728b)
Start importing Assets/Prefabs/kare_sayi4.prefab using Guid(5ec8dcf4813327a4287ec65de7149c24) Importer(815301076,1909f56bfc062723c751e8b465ee728b)  -> (artifact id: '4221971eb919e5f28366dbc2215de296') in 0.016895 seconds 
========================================================================
Received Import Request.
  Time since last request: 0.000040 seconds.
  path: Assets/Prefabs/kare_yuva6.prefab
  artifactKey: Guid(9d5750bf2a5aa744bb565c72c1512eea) Importer(815301076,1909f56bfc062723c751e8b465ee728b)
Start importing Assets/Prefabs/kare_yuva6.prefab using Guid(9d5750bf2a5aa744bb565c72c1512eea) Importer(815301076,1909f56bfc062723c751e8b465ee728b)  -> (artifact id: '948f9ce0a41ebe9036bf923b8d3aa998') in 0.019772 seconds 
========================================================================
Received Import Request.
  Time since last request: 0.000039 seconds.
  path: Assets/Prefabs/kare_yuva4.prefab
  artifactKey: Guid(10487228b931d294c939c60583b16ebc) Importer(815301076,1909f56bfc062723c751e8b465ee728b)
Start importing Assets/Prefabs/kare_yuva4.prefab using Guid(10487228b931d294c939c60583b16ebc) Importer(815301076,1909f56bfc062723c751e8b465ee728b)  -> (artifact id: 'a8b8b799b8f2411ddbfbfcba2cdd8730') in 0.015079 seconds 
========================================================================
Received Import Request.
  Time since last request: 57.219880 seconds.
  path: Assets/Prefabs/kare_sayi4.prefab
  artifactKey: Guid(5ec8dcf4813327a4287ec65de7149c24) Importer(815301076,1909f56bfc062723c751e8b465ee728b)
Start importing Assets/Prefabs/kare_sayi4.prefab using Guid(5ec8dcf4813327a4287ec65de7149c24) Importer(815301076,1909f56bfc062723c751e8b465ee728b)  -> (artifact id: 'f8d46162f436aa6261555bcc7b544fac') in 0.044719 seconds 
========================================================================
Received Import Request.
  Time since last request: 0.000060 seconds.
  path: Assets/Prefabs/kare_yuva5.prefab
  artifactKey: Guid(8460665222b850c438db9315daead913) Importer(815301076,1909f56bfc062723c751e8b465ee728b)
Start importing Assets/Prefabs/kare_yuva5.prefab using Guid(8460665222b850c438db9315daead913) Importer(815301076,1909f56bfc062723c751e8b465ee728b)  -> (artifact id: '999e418468b94cf14057d9b013737e54') in 0.040411 seconds 
========================================================================
Received Import Request.
  Time since last request: 0.000033 seconds.
  path: Assets/Prefabs/kare_yuva4.prefab
  artifactKey: Guid(10487228b931d294c939c60583b16ebc) Importer(815301076,1909f56bfc062723c751e8b465ee728b)
Start importing Assets/Prefabs/kare_yuva4.prefab using Guid(10487228b931d294c939c60583b16ebc) Importer(815301076,1909f56bfc062723c751e8b465ee728b)  -> (artifact id: '5e7b784f0bd7f5a0712ba3db8542168b') in 0.037627 seconds 
========================================================================
Received Import Request.
  Time since last request: 2.276200 seconds.
  path: Assets/Prefabs/kare_sayi4.prefab
  artifactKey: Guid(5ec8dcf4813327a4287ec65de7149c24) Importer(815301076,1909f56bfc062723c751e8b465ee728b)
Start importing Assets/Prefabs/kare_sayi4.prefab using Guid(5ec8dcf4813327a4287ec65de7149c24) Importer(815301076,1909f56bfc062723c751e8b465ee728b)  -> (artifact id: '609c4b6edcfb7dc436cea40b2ea9f7ad') in 0.046545 seconds 
========================================================================
Received Import Request.
  Time since last request: 0.000064 seconds.
  path: Assets/Prefabs/kare_sayi6.prefab
  artifactKey: Guid(b10b870ede4ab89409af75e1f159d966) Importer(815301076,1909f56bfc062723c751e8b465ee728b)
Start importing Assets/Prefabs/kare_sayi6.prefab using Guid(b10b870ede4ab89409af75e1f159d966) Importer(815301076,1909f56bfc062723c751e8b465ee728b)  -> (artifact id: 'f32e1e04f5d46e720022bce544f60182') in 0.043151 seconds 
========================================================================
Received Import Request.
  Time since last request: 13.287767 seconds.
  path: Assets/Prefabs/kare_sayi4.prefab
  artifactKey: Guid(5ec8dcf4813327a4287ec65de7149c24) Importer(815301076,1909f56bfc062723c751e8b465ee728b)
Start importing Assets/Prefabs/kare_sayi4.prefab using Guid(5ec8dcf4813327a4287ec65de7149c24) Importer(815301076,1909f56bfc062723c751e8b465ee728b)  -> (artifact id: 'be331e47d6aa17270f985eb7ed3353a7') in 0.052425 seconds 
========================================================================
Received Import Request.
  Time since last request: 0.000038 seconds.
  path: Assets/Prefabs/kare_sayi6.prefab
  artifactKey: Guid(b10b870ede4ab89409af75e1f159d966) Importer(815301076,1909f56bfc062723c751e8b465ee728b)
Start importing Assets/Prefabs/kare_sayi6.prefab using Guid(b10b870ede4ab89409af75e1f159d966) Importer(815301076,1909f56bfc062723c751e8b465ee728b)  -> (artifact id: 'a440d29f3811856eaad9a3c5917934f9') in 0.040527 seconds 
========================================================================
Received Import Request.
  Time since last request: 9.004466 seconds.
  path: Assets/Prefabs/kare_sayi4.prefab
  artifactKey: Guid(5ec8dcf4813327a4287ec65de7149c24) Importer(815301076,1909f56bfc062723c751e8b465ee728b)
Start importing Assets/Prefabs/kare_sayi4.prefab using Guid(5ec8dcf4813327a4287ec65de7149c24) Importer(815301076,1909f56bfc062723c751e8b465ee728b)  -> (artifact id: 'a265de594d5f33117a9b960c2152838b') in 0.048740 seconds 
========================================================================
Received Import Request.
  Time since last request: 0.000042 seconds.
  path: Assets/Prefabs/kare_sayi6.prefab
  artifactKey: Guid(b10b870ede4ab89409af75e1f159d966) Importer(815301076,1909f56bfc062723c751e8b465ee728b)
Start importing Assets/Prefabs/kare_sayi6.prefab using Guid(b10b870ede4ab89409af75e1f159d966) Importer(815301076,1909f56bfc062723c751e8b465ee728b)  -> (artifact id: '4de75303d58d46beb6318058a07c0565') in 0.043804 seconds 
========================================================================
Received Import Request.
  Time since last request: 7.574984 seconds.
  path: Assets/Prefabs/kare_sayi4.prefab
  artifactKey: Guid(5ec8dcf4813327a4287ec65de7149c24) Importer(815301076,1909f56bfc062723c751e8b465ee728b)
Start importing Assets/Prefabs/kare_sayi4.prefab using Guid(5ec8dcf4813327a4287ec65de7149c24) Importer(815301076,1909f56bfc062723c751e8b465ee728b)  -> (artifact id: 'e8355cf6b00906b8e883f269b62f4470') in 0.045044 seconds 
========================================================================
Received Import Request.
  Time since last request: 0.000031 seconds.
  path: Assets/Prefabs/kare_sayi6.prefab
  artifactKey: Guid(b10b870ede4ab89409af75e1f159d966) Importer(815301076,1909f56bfc062723c751e8b465ee728b)
Start importing Assets/Prefabs/kare_sayi6.prefab using Guid(b10b870ede4ab89409af75e1f159d966) Importer(815301076,1909f56bfc062723c751e8b465ee728b)  -> (artifact id: '91f3dd45e8281076866846920768b8e9') in 0.044557 seconds 
========================================================================
Received Import Request.
  Time since last request: 0.000037 seconds.
  path: Assets/Prefabs/kare_yuva4.prefab
  artifactKey: Guid(10487228b931d294c939c60583b16ebc) Importer(815301076,1909f56bfc062723c751e8b465ee728b)
Start importing Assets/Prefabs/kare_yuva4.prefab using Guid(10487228b931d294c939c60583b16ebc) Importer(815301076,1909f56bfc062723c751e8b465ee728b)  -> (artifact id: '31d104c1c874b42f4cf542ce4c0edfc4') in 0.041729 seconds 
========================================================================
Received Import Request.
  Time since last request: 2.890834 seconds.
  path: Assets/Prefabs/kare_sayi4.prefab
  artifactKey: Guid(5ec8dcf4813327a4287ec65de7149c24) Importer(815301076,1909f56bfc062723c751e8b465ee728b)
Start importing Assets/Prefabs/kare_sayi4.prefab using Guid(5ec8dcf4813327a4287ec65de7149c24) Importer(815301076,1909f56bfc062723c751e8b465ee728b)  -> (artifact id: '68a1f40fa225bbe8e7b3eba0f9dc31fd') in 0.045941 seconds 
========================================================================
Received Import Request.
  Time since last request: 0.000032 seconds.
  path: Assets/Prefabs/kare_yuva6.prefab
  artifactKey: Guid(9d5750bf2a5aa744bb565c72c1512eea) Importer(815301076,1909f56bfc062723c751e8b465ee728b)
Start importing Assets/Prefabs/kare_yuva6.prefab using Guid(9d5750bf2a5aa744bb565c72c1512eea) Importer(815301076,1909f56bfc062723c751e8b465ee728b)  -> (artifact id: 'ccc770fbfcfd9b7ef48380d0f10cca68') in 0.049226 seconds 
========================================================================
Received Import Request.
  Time since last request: 4.563767 seconds.
  path: Assets/Prefabs/kare_sayi4.prefab
  artifactKey: Guid(5ec8dcf4813327a4287ec65de7149c24) Importer(815301076,1909f56bfc062723c751e8b465ee728b)
Start importing Assets/Prefabs/kare_sayi4.prefab using Guid(5ec8dcf4813327a4287ec65de7149c24) Importer(815301076,1909f56bfc062723c751e8b465ee728b)  -> (artifact id: '023f8f34ca3a1eac0b9b4fc202d371af') in 0.036778 seconds 
========================================================================
Received Import Request.
  Time since last request: 0.000038 seconds.
  path: Assets/Prefabs/kare_yuva6.prefab
  artifactKey: Guid(9d5750bf2a5aa744bb565c72c1512eea) Importer(815301076,1909f56bfc062723c751e8b465ee728b)
Start importing Assets/Prefabs/kare_yuva6.prefab using Guid(9d5750bf2a5aa744bb565c72c1512eea) Importer(815301076,1909f56bfc062723c751e8b465ee728b)  -> (artifact id: '179802e691df2020de2205b111f94c8e') in 0.041910 seconds 
Editor requested this worker to shutdown with reason: Scaling down because of idle timeout
AssetImportWorker is now disconnected from the server
Process exiting
Exiting without the bug reporter. Application will terminate with return code 0