Using pre-set license
Built from '2021.2/staging' branch; Version is '2021.2.16f1 (559fc0ec6670) revision 5611456'; Using compiler version '192829333'; Build Type 'Release'
OS: 'Windows 10  (10.0.19044) 64bit Professional' Language: 'tr' Physical Memory: 16315 MB
BatchMode: 1, IsHumanControllingUs: 0, StartBugReporterOnCrash: 0, Is64bit: 1, IsPro: 1

COMMAND LINE ARGUMENTS:
C:\Program Files\Unity\Hub\Editor\2021.2.16f1\Editor\Unity.exe
-adb2
-batchMode
-noUpm
-name
AssetImportWorker25
-projectPath
C:/Games/MyGames/GreenKids
-logFile
Logs/AssetImportWorker25.log
-srvPort
53183
Successfully changed project path to: C:/Games/MyGames/GreenKids
C:/Games/MyGames/GreenKids
[UnityMemory] Configuration Parameters - Can be set up in boot.config
    "memorysetup-bucket-allocator-granularity=16"
    "memorysetup-bucket-allocator-bucket-count=8"
    "memorysetup-bucket-allocator-block-size=33554432"
    "memorysetup-bucket-allocator-block-count=8"
    "memorysetup-main-allocator-block-size=16777216"
    "memorysetup-thread-allocator-block-size=16777216"
    "memorysetup-gfx-main-allocator-block-size=16777216"
    "memorysetup-gfx-thread-allocator-block-size=16777216"
    "memorysetup-cache-allocator-block-size=4194304"
    "memorysetup-typetree-allocator-block-size=2097152"
    "memorysetup-profiler-bucket-allocator-granularity=16"
    "memorysetup-profiler-bucket-allocator-bucket-count=8"
    "memorysetup-profiler-bucket-allocator-block-size=33554432"
    "memorysetup-profiler-bucket-allocator-block-count=8"
    "memorysetup-profiler-allocator-block-size=16777216"
    "memorysetup-profiler-editor-allocator-block-size=1048576"
    "memorysetup-temp-allocator-size-main=16777216"
    "memorysetup-job-temp-allocator-block-size=2097152"
    "memorysetup-job-temp-allocator-block-size-background=1048576"
    "memorysetup-job-temp-allocator-reduction-small-platforms=262144"
    "memorysetup-temp-allocator-size-background-worker=32768"
    "memorysetup-temp-allocator-size-job-worker=262144"
    "memorysetup-temp-allocator-size-preload-manager=33554432"
    "memorysetup-temp-allocator-size-nav-mesh-worker=65536"
    "memorysetup-temp-allocator-size-audio-worker=65536"
    "memorysetup-temp-allocator-size-cloud-worker=32768"
    "memorysetup-temp-allocator-size-gi-baking-worker=262144"
    "memorysetup-temp-allocator-size-gfx=262144"
Refreshing native plugins compatible for Editor in 134.01 ms, found 2 plugins.
Preloading 0 native plugins for Editor in 0.00 ms.
Initialize engine version: 2021.2.16f1 (559fc0ec6670)
[Subsystems] Discovering subsystems at path C:/Program Files/Unity/Hub/Editor/2021.2.16f1/Editor/Data/Resources/UnitySubsystems
[Subsystems] Discovering subsystems at path C:/Games/MyGames/GreenKids/Assets
GfxDevice: creating device client; threaded=0; jobified=0
Direct3D:
    Version:  Direct3D 11.0 [level 11.1]
    Renderer: NVIDIA GeForce GTX 1660 (ID=0x2184)
    Vendor:   NVIDIA
    VRAM:     5992 MB
    Driver:   30.0.15.1179
Initialize mono
Mono path[0] = 'C:/Program Files/Unity/Hub/Editor/2021.2.16f1/Editor/Data/Managed'
Mono path[1] = 'C:/Program Files/Unity/Hub/Editor/2021.2.16f1/Editor/Data/MonoBleedingEdge/lib/mono/unityjit-win32'
Mono config path = 'C:/Program Files/Unity/Hub/Editor/2021.2.16f1/Editor/Data/MonoBleedingEdge/etc'
Using monoOptions --debugger-agent=transport=dt_socket,embedding=1,server=y,suspend=n,address=127.0.0.1:56892
Begin MonoManager ReloadAssembly
Registering precompiled unity dll's ...
Register platform support module: C:/Program Files/Unity/Hub/Editor/2021.2.16f1/Editor/Data/PlaybackEngines/AndroidPlayer/UnityEditor.Android.Extensions.dll
Register platform support module: C:/Program Files/Unity/Hub/Editor/2021.2.16f1/Editor/Data/PlaybackEngines/iOSSupport/UnityEditor.iOS.Extensions.dll
Register platform support module: C:/Program Files/Unity/Hub/Editor/2021.2.16f1/Editor/Data/PlaybackEngines/WindowsStandaloneSupport/UnityEditor.WindowsStandalone.Extensions.dll
Register platform support module: C:/Program Files/Unity/Hub/Editor/2021.2.16f1/Editor/Data/PlaybackEngines/MetroSupport/UnityEditor.UWP.Extensions.dll
Registered in 0.010357 seconds.
Native extension for UWP target not found
Native extension for WindowsStandalone target not found
[usbmuxd] Start listen thread
[usbmuxd] Listen thread started
Native extension for iOS target not found
Native extension for Android target not found
Refreshing native plugins compatible for Editor in 98.21 ms, found 2 plugins.
Preloading 0 native plugins for Editor in 0.00 ms.
Mono: successfully reloaded assembly
- Completed reload, in  0.832 seconds
Domain Reload Profiling:
	ReloadAssembly (833ms)
		BeginReloadAssembly (110ms)
			ExecutionOrderSort (0ms)
			DisableScriptedObjects (0ms)
			BackupInstance (0ms)
			ReleaseScriptingObjects (0ms)
			CreateAndSetChildDomain (1ms)
		EndReloadAssembly (586ms)
			LoadAssemblies (106ms)
			RebuildTransferFunctionScriptingTraits (0ms)
			SetupTypeCache (136ms)
			ReleaseScriptCaches (0ms)
			RebuildScriptCaches (32ms)
			SetupLoadedEditorAssemblies (359ms)
				LogAssemblyErrors (0ms)
				InitializePlatformSupportModulesInManaged (82ms)
				SetLoadedEditorAssemblies (0ms)
				RefreshPlugins (98ms)
				BeforeProcessingInitializeOnLoad (1ms)
				ProcessInitializeOnLoadAttributes (120ms)
				ProcessInitializeOnLoadMethodAttributes (56ms)
				AfterProcessingInitializeOnLoad (0ms)
				EditorAssembliesLoaded (0ms)
			ExecutionOrderSort2 (0ms)
			AwakeInstancesAfterBackupRestoration (0ms)
Platform modules already initialized, skipping
Registering precompiled user dll's ...
Registered in 0.007478 seconds.
Begin MonoManager ReloadAssembly
Native extension for UWP target not found
Native extension for WindowsStandalone target not found
Native extension for iOS target not found
Native extension for Android target not found
Refreshing native plugins compatible for Editor in 102.53 ms, found 2 plugins.
Preloading 0 native plugins for Editor in 0.00 ms.
Mono: successfully reloaded assembly
- Completed reload, in  2.331 seconds
Domain Reload Profiling:
	ReloadAssembly (2332ms)
		BeginReloadAssembly (236ms)
			ExecutionOrderSort (0ms)
			DisableScriptedObjects (6ms)
			BackupInstance (0ms)
			ReleaseScriptingObjects (0ms)
			CreateAndSetChildDomain (129ms)
		EndReloadAssembly (1961ms)
			LoadAssemblies (104ms)
			RebuildTransferFunctionScriptingTraits (0ms)
			SetupTypeCache (319ms)
			ReleaseScriptCaches (1ms)
			RebuildScriptCaches (81ms)
			SetupLoadedEditorAssemblies (1412ms)
				LogAssemblyErrors (0ms)
				InitializePlatformSupportModulesInManaged (29ms)
				SetLoadedEditorAssemblies (0ms)
				RefreshPlugins (103ms)
				BeforeProcessingInitializeOnLoad (124ms)
				ProcessInitializeOnLoadAttributes (1044ms)
				ProcessInitializeOnLoadMethodAttributes (103ms)
				AfterProcessingInitializeOnLoad (9ms)
				EditorAssembliesLoaded (0ms)
			ExecutionOrderSort2 (0ms)
			AwakeInstancesAfterBackupRestoration (6ms)
Platform modules already initialized, skipping
========================================================================
Worker process is ready to serve import requests
Launched and connected shader compiler UnityShaderCompiler.exe after 0.07 seconds
Refreshing native plugins compatible for Editor in 1.32 ms, found 2 plugins.
Preloading 0 native plugins for Editor in 0.00 ms.
Unloading 4516 Unused Serialized files (Serialized files now loaded: 0)
Unloading 54 unused Assets / (0.7 MB). Loaded Objects now: 4978.
Memory consumption went from 282.8 MB to 282.1 MB.
Total: 5.448400 ms (FindLiveObjects: 0.650900 ms CreateObjectMapping: 0.121800 ms MarkObjects: 4.302800 ms  DeleteObjects: 0.371000 ms)

AssetImportParameters requested are different than current active one (requested -> active):
  custom:video-decoder-ogg-theora: a1e56fd34408186e4bbccfd4996cb3dc -> 
  custom:container-muxer-webm: aa71ff27fc2769a1b78a27578f13a17b -> 
  custom:container-demuxer-webm: 4f35f7cbe854078d1ac9338744f61a02 -> 
  custom:video-encoder-webm-vp8: eb34c28f22e8b96e1ab97ce403110664 -> 
  custom:audio-encoder-webm-vorbis: bf7c407c2cedff20999df2af8eb42d56 -> 
  custom:framework-win-MediaFoundation: 216162199b28c13a410421893ffa2e32 -> 
  custom:SearchIndexIgnoredProperties: e643bd26f0fe6173181afceb89e7c659 -> 
  custom:container-demuxer-ogg: 62fdf1f143b41e24485cea50d1cbac27 -> 
  custom:video-decoder-webm-vp8: 9c59270c3fd7afecdb556c50c9e8de78 -> 
  custom:audio-decoder-ogg-vorbis: bf7c407c2cedff20999df2af8eb42d56 -> 
========================================================================
Received Import Request.
  Time since last request: 85578.061555 seconds.
  path: Assets/Prefabs/1 1.prefab
  artifactKey: Guid(dc5660bc8345ba6459e44337a4f8a763) Importer(815301076,1909f56bfc062723c751e8b465ee728b)
Start importing Assets/Prefabs/1 1.prefab using Guid(dc5660bc8345ba6459e44337a4f8a763) Importer(815301076,1909f56bfc062723c751e8b465ee728b)  -> (artifact id: '0ad490f933404948fffa75c1db808613') in 0.408556 seconds 
========================================================================
Received Import Request.
  Time since last request: 0.000042 seconds.
  path: Assets/Prefabs/kare_sayi5.prefab
  artifactKey: Guid(602af13e20e8e72489d37fb83e1dc0d6) Importer(815301076,1909f56bfc062723c751e8b465ee728b)
Start importing Assets/Prefabs/kare_sayi5.prefab using Guid(602af13e20e8e72489d37fb83e1dc0d6) Importer(815301076,1909f56bfc062723c751e8b465ee728b)  -> (artifact id: '046c1eef61e4566c2d84bb63bb93dee6') in 0.091872 seconds 
========================================================================
Received Import Request.
  Time since last request: 0.000047 seconds.
  path: Assets/Prefabs/kare_sayi6 1.prefab
  artifactKey: Guid(3d711755e35a8bd4bbea6e6b6696b83f) Importer(815301076,1909f56bfc062723c751e8b465ee728b)
Start importing Assets/Prefabs/kare_sayi6 1.prefab using Guid(3d711755e35a8bd4bbea6e6b6696b83f) Importer(815301076,1909f56bfc062723c751e8b465ee728b)  -> (artifact id: '21912f3e7dbb2138699d11a9b35e68d6') in 0.111679 seconds 
========================================================================
Received Import Request.
  Time since last request: 0.000031 seconds.
  path: Assets/Prefabs/7.prefab
  artifactKey: Guid(c6d073d8e765687439a7e8704163b64b) Importer(815301076,1909f56bfc062723c751e8b465ee728b)
Start importing Assets/Prefabs/7.prefab using Guid(c6d073d8e765687439a7e8704163b64b) Importer(815301076,1909f56bfc062723c751e8b465ee728b)  -> (artifact id: 'f0144e33c9834aaff9a5015756653658') in 0.056982 seconds 
========================================================================
Received Import Request.
  Time since last request: 0.000041 seconds.
  path: Assets/Prefabs/kare_yuva6.prefab
  artifactKey: Guid(9d5750bf2a5aa744bb565c72c1512eea) Importer(815301076,1909f56bfc062723c751e8b465ee728b)
Start importing Assets/Prefabs/kare_yuva6.prefab using Guid(9d5750bf2a5aa744bb565c72c1512eea) Importer(815301076,1909f56bfc062723c751e8b465ee728b)  -> (artifact id: 'ed3e28205c3a36dc38770fd5ea515406') in 0.095319 seconds 
========================================================================
Received Import Request.
  Time since last request: 0.000028 seconds.
  path: Assets/Prefabs/5 1.prefab
  artifactKey: Guid(aa6a59bae240d2349b5f02f15078c27a) Importer(815301076,1909f56bfc062723c751e8b465ee728b)
Start importing Assets/Prefabs/5 1.prefab using Guid(aa6a59bae240d2349b5f02f15078c27a) Importer(815301076,1909f56bfc062723c751e8b465ee728b)  -> (artifact id: 'b872c09d76743fd4717ab243a9b99cb5') in 0.064116 seconds 
========================================================================
Received Import Request.
  Time since last request: 0.000061 seconds.
  path: Assets/Prefabs/kare_sayi2.prefab
  artifactKey: Guid(22a45c31f9985a64e9a3e08f6ad55c58) Importer(815301076,1909f56bfc062723c751e8b465ee728b)
Start importing Assets/Prefabs/kare_sayi2.prefab using Guid(22a45c31f9985a64e9a3e08f6ad55c58) Importer(815301076,1909f56bfc062723c751e8b465ee728b)  -> (artifact id: 'dfcc081d70631a786f42d04b00ae26d8') in 0.041010 seconds 
========================================================================
Received Import Request.
  Time since last request: 0.000023 seconds.
  path: Assets/Prefabs/kare_sayi4.prefab
  artifactKey: Guid(5ec8dcf4813327a4287ec65de7149c24) Importer(815301076,1909f56bfc062723c751e8b465ee728b)
Start importing Assets/Prefabs/kare_sayi4.prefab using Guid(5ec8dcf4813327a4287ec65de7149c24) Importer(815301076,1909f56bfc062723c751e8b465ee728b)  -> (artifact id: '603f97eeb9fd2bc219decb75f393eb16') in 0.053295 seconds 
========================================================================
Received Import Request.
  Time since last request: 0.000025 seconds.
  path: Assets/Prefabs/3.prefab
  artifactKey: Guid(2243d0f13d452eb429c2654c936e16cf) Importer(815301076,1909f56bfc062723c751e8b465ee728b)
Start importing Assets/Prefabs/3.prefab using Guid(2243d0f13d452eb429c2654c936e16cf) Importer(815301076,1909f56bfc062723c751e8b465ee728b)  -> (artifact id: 'b5aeec51825f3ecb2e0c857bca242cc9') in 0.054205 seconds 
========================================================================
Received Import Request.
  Time since last request: 0.000027 seconds.
  path: Assets/Prefabs/2 1.prefab
  artifactKey: Guid(d6f58ec70fef2dc4b847a960997b44ce) Importer(815301076,1909f56bfc062723c751e8b465ee728b)
Start importing Assets/Prefabs/2 1.prefab using Guid(d6f58ec70fef2dc4b847a960997b44ce) Importer(815301076,1909f56bfc062723c751e8b465ee728b)  -> (artifact id: '87d25f85eb0eb253aacfa7261c5099cb') in 0.052514 seconds 
========================================================================
Received Import Request.
  Time since last request: 0.000067 seconds.
  path: Assets/Prefabs/kare_sayi5 1.prefab
  artifactKey: Guid(7d76a5323e4673c4eaa18fb6763972ab) Importer(815301076,1909f56bfc062723c751e8b465ee728b)
Start importing Assets/Prefabs/kare_sayi5 1.prefab using Guid(7d76a5323e4673c4eaa18fb6763972ab) Importer(815301076,1909f56bfc062723c751e8b465ee728b)  -> (artifact id: '79b968f8aeabb1e2705ed28854a7c9bd') in 0.074700 seconds 
========================================================================
Received Import Request.
  Time since last request: 0.000040 seconds.
  path: Assets/Prefabs/kare_sayi6.prefab
  artifactKey: Guid(b10b870ede4ab89409af75e1f159d966) Importer(815301076,1909f56bfc062723c751e8b465ee728b)
Start importing Assets/Prefabs/kare_sayi6.prefab using Guid(b10b870ede4ab89409af75e1f159d966) Importer(815301076,1909f56bfc062723c751e8b465ee728b)  -> (artifact id: '5a2a6ba21e5abad10ca4ef52ed02df5e') in 0.090393 seconds 
========================================================================
Received Import Request.
  Time since last request: 0.000026 seconds.
  path: Assets/Prefabs/7 1.prefab
  artifactKey: Guid(a1e81f7036011554899e78baf02a54c6) Importer(815301076,1909f56bfc062723c751e8b465ee728b)
Start importing Assets/Prefabs/7 1.prefab using Guid(a1e81f7036011554899e78baf02a54c6) Importer(815301076,1909f56bfc062723c751e8b465ee728b)  -> (artifact id: '607ebfaec0318cf7b074798e947f1284') in 0.064934 seconds 
========================================================================
Received Import Request.
  Time since last request: 0.000032 seconds.
  path: Assets/Prefabs/8 1.prefab
  artifactKey: Guid(5828bdc6564d9d34ea175de6ca75d46b) Importer(815301076,1909f56bfc062723c751e8b465ee728b)
Start importing Assets/Prefabs/8 1.prefab using Guid(5828bdc6564d9d34ea175de6ca75d46b) Importer(815301076,1909f56bfc062723c751e8b465ee728b)  -> (artifact id: 'b06ef656dfd2ced5ab6f5483d5dade43') in 0.054322 seconds 
========================================================================
Received Import Request.
  Time since last request: 0.000030 seconds.
  path: Assets/Prefabs/5.prefab
  artifactKey: Guid(95f95f3748220d345a0e9ddd6b82db11) Importer(815301076,1909f56bfc062723c751e8b465ee728b)
Start importing Assets/Prefabs/5.prefab using Guid(95f95f3748220d345a0e9ddd6b82db11) Importer(815301076,1909f56bfc062723c751e8b465ee728b)  -> (artifact id: 'a3567091c56169cfca648264f50b07fa') in 0.053490 seconds 
========================================================================
Received Import Request.
  Time since last request: 0.000034 seconds.
  path: Assets/Prefabs/4 1.prefab
  artifactKey: Guid(3a2c857a5d347e945acfbf1ee24fc179) Importer(815301076,1909f56bfc062723c751e8b465ee728b)
Start importing Assets/Prefabs/4 1.prefab using Guid(3a2c857a5d347e945acfbf1ee24fc179) Importer(815301076,1909f56bfc062723c751e8b465ee728b)  -> (artifact id: '2e7feb9d718fc195e4985694fc63575d') in 0.057075 seconds 
========================================================================
Received Import Request.
  Time since last request: 0.000035 seconds.
  path: Assets/Prefabs/kare_sayi1.prefab
  artifactKey: Guid(ce687fdb0ecbbd74f8103bb5bc149ad2) Importer(815301076,1909f56bfc062723c751e8b465ee728b)
Start importing Assets/Prefabs/kare_sayi1.prefab using Guid(ce687fdb0ecbbd74f8103bb5bc149ad2) Importer(815301076,1909f56bfc062723c751e8b465ee728b)  -> (artifact id: '4d5d2b64eb08678a551d778333705249') in 0.034481 seconds 
========================================================================
Received Import Request.
  Time since last request: 0.000034 seconds.
  path: Assets/Prefabs/kare_sayi4 1.prefab
  artifactKey: Guid(86387b5da6259ff479c04c1bf5b3a0fb) Importer(815301076,1909f56bfc062723c751e8b465ee728b)
Start importing Assets/Prefabs/kare_sayi4 1.prefab using Guid(86387b5da6259ff479c04c1bf5b3a0fb) Importer(815301076,1909f56bfc062723c751e8b465ee728b)  -> (artifact id: '3e2d24a0a3db13ee179bd9d24118f3c5') in 0.049309 seconds 
========================================================================
Received Import Request.
  Time since last request: 0.000028 seconds.
  path: Assets/Prefabs/2.prefab
  artifactKey: Guid(973b892494916d54cad316760160f551) Importer(815301076,1909f56bfc062723c751e8b465ee728b)
Start importing Assets/Prefabs/2.prefab using Guid(973b892494916d54cad316760160f551) Importer(815301076,1909f56bfc062723c751e8b465ee728b)  -> (artifact id: '24b88d2c29f1df4ceef2db2f87eeed3c') in 0.053919 seconds 
========================================================================
Received Import Request.
  Time since last request: 0.000029 seconds.
  path: Assets/Prefabs/6.prefab
  artifactKey: Guid(1a0d9fc4dd892334b81d78a47b685916) Importer(815301076,1909f56bfc062723c751e8b465ee728b)
Start importing Assets/Prefabs/6.prefab using Guid(1a0d9fc4dd892334b81d78a47b685916) Importer(815301076,1909f56bfc062723c751e8b465ee728b)  -> (artifact id: 'e7d9cbb2e5c3e0f0c4d7d701f106a919') in 0.053529 seconds 
========================================================================
Received Import Request.
  Time since last request: 0.000037 seconds.
  path: Assets/Prefabs/4.prefab
  artifactKey: Guid(74f7695ebc6593348bfc0cc75a470628) Importer(815301076,1909f56bfc062723c751e8b465ee728b)
Start importing Assets/Prefabs/4.prefab using Guid(74f7695ebc6593348bfc0cc75a470628) Importer(815301076,1909f56bfc062723c751e8b465ee728b)  -> (artifact id: '9ade05ba15c450dedc7e81a9b349db07') in 0.055259 seconds 
========================================================================
Received Import Request.
  Time since last request: 0.000024 seconds.
  path: Assets/Prefabs/1.prefab
  artifactKey: Guid(b99f9f28ef776984ba43e2ecea714765) Importer(815301076,1909f56bfc062723c751e8b465ee728b)
Start importing Assets/Prefabs/1.prefab using Guid(b99f9f28ef776984ba43e2ecea714765) Importer(815301076,1909f56bfc062723c751e8b465ee728b)  -> (artifact id: '91582597baa532e81f63d3d7c54dbbb8') in 0.044951 seconds 
========================================================================
Received Import Request.
  Time since last request: 0.000039 seconds.
  path: Assets/Prefabs/kare_sayi3.prefab
  artifactKey: Guid(7e6e0eead4a4b514ab202eb4bb42e779) Importer(815301076,1909f56bfc062723c751e8b465ee728b)
Start importing Assets/Prefabs/kare_sayi3.prefab using Guid(7e6e0eead4a4b514ab202eb4bb42e779) Importer(815301076,1909f56bfc062723c751e8b465ee728b)  -> (artifact id: '46d760664d07fb9759ee1fd9a9728e63') in 0.032142 seconds 
========================================================================
Received Import Request.
  Time since last request: 0.000024 seconds.
  path: Assets/Prefabs/6 1.prefab
  artifactKey: Guid(06919fde15aba454fbdfe3abe30b0872) Importer(815301076,1909f56bfc062723c751e8b465ee728b)
Start importing Assets/Prefabs/6 1.prefab using Guid(06919fde15aba454fbdfe3abe30b0872) Importer(815301076,1909f56bfc062723c751e8b465ee728b)  -> (artifact id: '4e9d859db3e2119802e03d7089e979da') in 0.052564 seconds 
========================================================================
Received Import Request.
  Time since last request: 0.000039 seconds.
  path: Assets/Prefabs/kare_yuva5.prefab
  artifactKey: Guid(8460665222b850c438db9315daead913) Importer(815301076,1909f56bfc062723c751e8b465ee728b)
Start importing Assets/Prefabs/kare_yuva5.prefab using Guid(8460665222b850c438db9315daead913) Importer(815301076,1909f56bfc062723c751e8b465ee728b)  -> (artifact id: '0fb2e72f6f84d085c6b4c3d9b44066ff') in 0.060554 seconds 
========================================================================
Received Import Request.
  Time since last request: 0.000067 seconds.
  path: Assets/Prefabs/8.prefab
  artifactKey: Guid(b160923597255f94380a8e78704c2cee) Importer(815301076,1909f56bfc062723c751e8b465ee728b)
Start importing Assets/Prefabs/8.prefab using Guid(b160923597255f94380a8e78704c2cee) Importer(815301076,1909f56bfc062723c751e8b465ee728b)  -> (artifact id: '76cee78e7196b7853ac6f3c55849a86f') in 0.063124 seconds 
========================================================================
Received Import Request.
  Time since last request: 0.000034 seconds.
  path: Assets/Prefabs/3 1.prefab
  artifactKey: Guid(372eb5f58f1580c4a97853843713551f) Importer(815301076,1909f56bfc062723c751e8b465ee728b)
Start importing Assets/Prefabs/3 1.prefab using Guid(372eb5f58f1580c4a97853843713551f) Importer(815301076,1909f56bfc062723c751e8b465ee728b)  -> (artifact id: 'e69527b3d13d798b178cb89d8eefa869') in 0.058764 seconds 
========================================================================
Received Import Request.
  Time since last request: 0.000032 seconds.
  path: Assets/Prefabs/kare_yuva4.prefab
  artifactKey: Guid(10487228b931d294c939c60583b16ebc) Importer(815301076,1909f56bfc062723c751e8b465ee728b)
Start importing Assets/Prefabs/kare_yuva4.prefab using Guid(10487228b931d294c939c60583b16ebc) Importer(815301076,1909f56bfc062723c751e8b465ee728b)  -> (artifact id: '902a64c20b561b160f6bcbead35db3cb') in 0.063946 seconds 
========================================================================
Received Prepare
Registering precompiled user dll's ...
Registered in 0.006582 seconds.
Begin MonoManager ReloadAssembly
Native extension for UWP target not found
Native extension for WindowsStandalone target not found
Native extension for iOS target not found
Native extension for Android target not found
Refreshing native plugins compatible for Editor in 1.65 ms, found 2 plugins.
Preloading 0 native plugins for Editor in 0.00 ms.
Mono: successfully reloaded assembly
- Completed reload, in  1.626 seconds
Domain Reload Profiling:
	ReloadAssembly (1627ms)
		BeginReloadAssembly (190ms)
			ExecutionOrderSort (0ms)
			DisableScriptedObjects (12ms)
			BackupInstance (0ms)
			ReleaseScriptingObjects (0ms)
			CreateAndSetChildDomain (65ms)
		EndReloadAssembly (1318ms)
			LoadAssemblies (111ms)
			RebuildTransferFunctionScriptingTraits (0ms)
			SetupTypeCache (293ms)
			ReleaseScriptCaches (2ms)
			RebuildScriptCaches (64ms)
			SetupLoadedEditorAssemblies (706ms)
				LogAssemblyErrors (0ms)
				InitializePlatformSupportModulesInManaged (38ms)
				SetLoadedEditorAssemblies (0ms)
				RefreshPlugins (2ms)
				BeforeProcessingInitializeOnLoad (108ms)
				ProcessInitializeOnLoadAttributes (453ms)
				ProcessInitializeOnLoadMethodAttributes (94ms)
				AfterProcessingInitializeOnLoad (10ms)
				EditorAssembliesLoaded (0ms)
			ExecutionOrderSort2 (0ms)
			AwakeInstancesAfterBackupRestoration (43ms)
Platform modules already initialized, skipping
Refreshing native plugins compatible for Editor in 6.59 ms, found 2 plugins.
Preloading 0 native plugins for Editor in 0.00 ms.
Unloading 4357 Unused Serialized files (Serialized files now loaded: 0)
Unloading 47 unused Assets / (0.6 MB). Loaded Objects now: 5034.
Memory consumption went from 280.2 MB to 279.5 MB.
Total: 6.464700 ms (FindLiveObjects: 0.701300 ms CreateObjectMapping: 0.145000 ms MarkObjects: 5.086800 ms  DeleteObjects: 0.529500 ms)

AssetImportParameters requested are different than current active one (requested -> active):
  custom:video-decoder-ogg-theora: a1e56fd34408186e4bbccfd4996cb3dc -> 
  custom:container-muxer-webm: aa71ff27fc2769a1b78a27578f13a17b -> 
  custom:container-demuxer-webm: 4f35f7cbe854078d1ac9338744f61a02 -> 
  custom:video-encoder-webm-vp8: eb34c28f22e8b96e1ab97ce403110664 -> 
  custom:audio-encoder-webm-vorbis: bf7c407c2cedff20999df2af8eb42d56 -> 
  custom:framework-win-MediaFoundation: 216162199b28c13a410421893ffa2e32 -> 
  custom:SearchIndexIgnoredProperties: e643bd26f0fe6173181afceb89e7c659 -> 
  custom:container-demuxer-ogg: 62fdf1f143b41e24485cea50d1cbac27 -> 
  custom:video-decoder-webm-vp8: 9c59270c3fd7afecdb556c50c9e8de78 -> 
  custom:audio-decoder-ogg-vorbis: bf7c407c2cedff20999df2af8eb42d56 -> 
========================================================================
Received Import Request.
  Time since last request: 48.122003 seconds.
  path: Assets/Prefabs/1 1.prefab
  artifactKey: Guid(dc5660bc8345ba6459e44337a4f8a763) Importer(815301076,1909f56bfc062723c751e8b465ee728b)
Start importing Assets/Prefabs/1 1.prefab using Guid(dc5660bc8345ba6459e44337a4f8a763) Importer(815301076,1909f56bfc062723c751e8b465ee728b)  -> (artifact id: '1bc72048d07d8595ad3b1c0f258195cd') in 0.336518 seconds 
========================================================================
Received Import Request.
  Time since last request: 0.000035 seconds.
  path: Assets/Prefabs/7.prefab
  artifactKey: Guid(c6d073d8e765687439a7e8704163b64b) Importer(815301076,1909f56bfc062723c751e8b465ee728b)
Start importing Assets/Prefabs/7.prefab using Guid(c6d073d8e765687439a7e8704163b64b) Importer(815301076,1909f56bfc062723c751e8b465ee728b)  -> (artifact id: '3712489448cac74d8b888b68ed392444') in 0.064366 seconds 
========================================================================
Received Import Request.
  Time since last request: 0.000060 seconds.
  path: Assets/Prefabs/5 1.prefab
  artifactKey: Guid(aa6a59bae240d2349b5f02f15078c27a) Importer(815301076,1909f56bfc062723c751e8b465ee728b)
Start importing Assets/Prefabs/5 1.prefab using Guid(aa6a59bae240d2349b5f02f15078c27a) Importer(815301076,1909f56bfc062723c751e8b465ee728b)  -> (artifact id: 'aaf50171d0fd06458e07cb18bba24dfc') in 0.058930 seconds 
========================================================================
Received Import Request.
  Time since last request: 0.000038 seconds.
  path: Assets/Prefabs/kare_sayi4.prefab
  artifactKey: Guid(5ec8dcf4813327a4287ec65de7149c24) Importer(815301076,1909f56bfc062723c751e8b465ee728b)
Start importing Assets/Prefabs/kare_sayi4.prefab using Guid(5ec8dcf4813327a4287ec65de7149c24) Importer(815301076,1909f56bfc062723c751e8b465ee728b)  -> (artifact id: 'd3e0a1884efa819663c6862cabc4565b') in 0.073983 seconds 
========================================================================
Received Import Request.
  Time since last request: 0.000033 seconds.
  path: Assets/Prefabs/kare_sayi6.prefab
  artifactKey: Guid(b10b870ede4ab89409af75e1f159d966) Importer(815301076,1909f56bfc062723c751e8b465ee728b)
Start importing Assets/Prefabs/kare_sayi6.prefab using Guid(b10b870ede4ab89409af75e1f159d966) Importer(815301076,1909f56bfc062723c751e8b465ee728b)  -> (artifact id: '8e7a3aa7393ff48e534af7aeb0cf0cc7') in 0.100622 seconds 
========================================================================
Received Import Request.
  Time since last request: 0.000036 seconds.
  path: Assets/Prefabs/4 1.prefab
  artifactKey: Guid(3a2c857a5d347e945acfbf1ee24fc179) Importer(815301076,1909f56bfc062723c751e8b465ee728b)
Start importing Assets/Prefabs/4 1.prefab using Guid(3a2c857a5d347e945acfbf1ee24fc179) Importer(815301076,1909f56bfc062723c751e8b465ee728b)  -> (artifact id: '7d8226f86bbb7f3a47965b6116e9ea5a') in 0.053200 seconds 
========================================================================
Received Import Request.
  Time since last request: 0.000045 seconds.
  path: Assets/Prefabs/2.prefab
  artifactKey: Guid(973b892494916d54cad316760160f551) Importer(815301076,1909f56bfc062723c751e8b465ee728b)
Start importing Assets/Prefabs/2.prefab using Guid(973b892494916d54cad316760160f551) Importer(815301076,1909f56bfc062723c751e8b465ee728b)  -> (artifact id: '97d0ba1e90ceae4411056f0fd82cb1ae') in 0.055536 seconds 
========================================================================
Received Import Request.
  Time since last request: 0.000037 seconds.
  path: Assets/Prefabs/kare_sayi3.prefab
  artifactKey: Guid(7e6e0eead4a4b514ab202eb4bb42e779) Importer(815301076,1909f56bfc062723c751e8b465ee728b)
Start importing Assets/Prefabs/kare_sayi3.prefab using Guid(7e6e0eead4a4b514ab202eb4bb42e779) Importer(815301076,1909f56bfc062723c751e8b465ee728b)  -> (artifact id: '961c35858ed486a6014066639d84d8d1') in 0.035437 seconds 
========================================================================
Received Import Request.
  Time since last request: 0.000036 seconds.
  path: Assets/Prefabs/8.prefab
  artifactKey: Guid(b160923597255f94380a8e78704c2cee) Importer(815301076,1909f56bfc062723c751e8b465ee728b)
Start importing Assets/Prefabs/8.prefab using Guid(b160923597255f94380a8e78704c2cee) Importer(815301076,1909f56bfc062723c751e8b465ee728b)  -> (artifact id: '400d3028a30c00267dce589dbf592676') in 0.063672 seconds 
