Using pre-set license
Built from '2021.2/staging' branch; Version is '2021.2.16f1 (559fc0ec6670) revision 5611456'; Using compiler version '192829333'; Build Type 'Release'
OS: 'Windows 10  (10.0.19044) 64bit Professional' Language: 'tr' Physical Memory: 16315 MB
BatchMode: 1, IsHumanControllingUs: 0, StartBugReporterOnCrash: 0, Is64bit: 1, IsPro: 1

COMMAND LINE ARGUMENTS:
C:\Program Files\Unity\Hub\Editor\2021.2.16f1\Editor\Unity.exe
-adb2
-batchMode
-noUpm
-name
AssetImportWorker14
-projectPath
C:/Games/MyGames/GreenKids
-logFile
Logs/AssetImportWorker14.log
-srvPort
53183
Successfully changed project path to: C:/Games/MyGames/GreenKids
C:/Games/MyGames/GreenKids
[UnityMemory] Configuration Parameters - Can be set up in boot.config
    "memorysetup-bucket-allocator-granularity=16"
    "memorysetup-bucket-allocator-bucket-count=8"
    "memorysetup-bucket-allocator-block-size=33554432"
    "memorysetup-bucket-allocator-block-count=8"
    "memorysetup-main-allocator-block-size=16777216"
    "memorysetup-thread-allocator-block-size=16777216"
    "memorysetup-gfx-main-allocator-block-size=16777216"
    "memorysetup-gfx-thread-allocator-block-size=16777216"
    "memorysetup-cache-allocator-block-size=4194304"
    "memorysetup-typetree-allocator-block-size=2097152"
    "memorysetup-profiler-bucket-allocator-granularity=16"
    "memorysetup-profiler-bucket-allocator-bucket-count=8"
    "memorysetup-profiler-bucket-allocator-block-size=33554432"
    "memorysetup-profiler-bucket-allocator-block-count=8"
    "memorysetup-profiler-allocator-block-size=16777216"
    "memorysetup-profiler-editor-allocator-block-size=1048576"
    "memorysetup-temp-allocator-size-main=16777216"
    "memorysetup-job-temp-allocator-block-size=2097152"
    "memorysetup-job-temp-allocator-block-size-background=1048576"
    "memorysetup-job-temp-allocator-reduction-small-platforms=262144"
    "memorysetup-temp-allocator-size-background-worker=32768"
    "memorysetup-temp-allocator-size-job-worker=262144"
    "memorysetup-temp-allocator-size-preload-manager=33554432"
    "memorysetup-temp-allocator-size-nav-mesh-worker=65536"
    "memorysetup-temp-allocator-size-audio-worker=65536"
    "memorysetup-temp-allocator-size-cloud-worker=32768"
    "memorysetup-temp-allocator-size-gi-baking-worker=262144"
    "memorysetup-temp-allocator-size-gfx=262144"
Refreshing native plugins compatible for Editor in 117.60 ms, found 2 plugins.
Preloading 0 native plugins for Editor in 0.00 ms.
Initialize engine version: 2021.2.16f1 (559fc0ec6670)
[Subsystems] Discovering subsystems at path C:/Program Files/Unity/Hub/Editor/2021.2.16f1/Editor/Data/Resources/UnitySubsystems
[Subsystems] Discovering subsystems at path C:/Games/MyGames/GreenKids/Assets
GfxDevice: creating device client; threaded=0; jobified=0
Direct3D:
    Version:  Direct3D 11.0 [level 11.1]
    Renderer: NVIDIA GeForce GTX 1660 (ID=0x2184)
    Vendor:   NVIDIA
    VRAM:     5992 MB
    Driver:   30.0.15.1179
Initialize mono
Mono path[0] = 'C:/Program Files/Unity/Hub/Editor/2021.2.16f1/Editor/Data/Managed'
Mono path[1] = 'C:/Program Files/Unity/Hub/Editor/2021.2.16f1/Editor/Data/MonoBleedingEdge/lib/mono/unityjit-win32'
Mono config path = 'C:/Program Files/Unity/Hub/Editor/2021.2.16f1/Editor/Data/MonoBleedingEdge/etc'
Using monoOptions --debugger-agent=transport=dt_socket,embedding=1,server=y,suspend=n,address=127.0.0.1:56508
Begin MonoManager ReloadAssembly
Registering precompiled unity dll's ...
Register platform support module: C:/Program Files/Unity/Hub/Editor/2021.2.16f1/Editor/Data/PlaybackEngines/AndroidPlayer/UnityEditor.Android.Extensions.dll
Register platform support module: C:/Program Files/Unity/Hub/Editor/2021.2.16f1/Editor/Data/PlaybackEngines/iOSSupport/UnityEditor.iOS.Extensions.dll
Register platform support module: C:/Program Files/Unity/Hub/Editor/2021.2.16f1/Editor/Data/PlaybackEngines/WindowsStandaloneSupport/UnityEditor.WindowsStandalone.Extensions.dll
Register platform support module: C:/Program Files/Unity/Hub/Editor/2021.2.16f1/Editor/Data/PlaybackEngines/MetroSupport/UnityEditor.UWP.Extensions.dll
Registered in 0.014720 seconds.
Native extension for UWP target not found
Native extension for WindowsStandalone target not found
[usbmuxd] Start listen thread
[usbmuxd] Listen thread started
Native extension for iOS target not found
Native extension for Android target not found
Refreshing native plugins compatible for Editor in 112.73 ms, found 2 plugins.
Preloading 0 native plugins for Editor in 0.00 ms.
Mono: successfully reloaded assembly
- Completed reload, in  0.866 seconds
Domain Reload Profiling:
	ReloadAssembly (867ms)
		BeginReloadAssembly (92ms)
			ExecutionOrderSort (0ms)
			DisableScriptedObjects (0ms)
			BackupInstance (0ms)
			ReleaseScriptingObjects (0ms)
			CreateAndSetChildDomain (1ms)
		EndReloadAssembly (623ms)
			LoadAssemblies (90ms)
			RebuildTransferFunctionScriptingTraits (0ms)
			SetupTypeCache (141ms)
			ReleaseScriptCaches (0ms)
			RebuildScriptCaches (38ms)
			SetupLoadedEditorAssemblies (373ms)
				LogAssemblyErrors (0ms)
				InitializePlatformSupportModulesInManaged (81ms)
				SetLoadedEditorAssemblies (0ms)
				RefreshPlugins (113ms)
				BeforeProcessingInitializeOnLoad (2ms)
				ProcessInitializeOnLoadAttributes (125ms)
				ProcessInitializeOnLoadMethodAttributes (52ms)
				AfterProcessingInitializeOnLoad (0ms)
				EditorAssembliesLoaded (0ms)
			ExecutionOrderSort2 (0ms)
			AwakeInstancesAfterBackupRestoration (0ms)
Platform modules already initialized, skipping
Registering precompiled user dll's ...
Registered in 0.008427 seconds.
Begin MonoManager ReloadAssembly
Native extension for UWP target not found
Native extension for WindowsStandalone target not found
Native extension for iOS target not found
Native extension for Android target not found
Refreshing native plugins compatible for Editor in 107.23 ms, found 2 plugins.
Preloading 0 native plugins for Editor in 0.00 ms.
Mono: successfully reloaded assembly
- Completed reload, in  2.530 seconds
Domain Reload Profiling:
	ReloadAssembly (2531ms)
		BeginReloadAssembly (240ms)
			ExecutionOrderSort (0ms)
			DisableScriptedObjects (8ms)
			BackupInstance (0ms)
			ReleaseScriptingObjects (0ms)
			CreateAndSetChildDomain (129ms)
		EndReloadAssembly (2136ms)
			LoadAssemblies (108ms)
			RebuildTransferFunctionScriptingTraits (0ms)
			SetupTypeCache (358ms)
			ReleaseScriptCaches (1ms)
			RebuildScriptCaches (99ms)
			SetupLoadedEditorAssemblies (1500ms)
				LogAssemblyErrors (0ms)
				InitializePlatformSupportModulesInManaged (34ms)
				SetLoadedEditorAssemblies (0ms)
				RefreshPlugins (107ms)
				BeforeProcessingInitializeOnLoad (133ms)
				ProcessInitializeOnLoadAttributes (1109ms)
				ProcessInitializeOnLoadMethodAttributes (104ms)
				AfterProcessingInitializeOnLoad (12ms)
				EditorAssembliesLoaded (0ms)
			ExecutionOrderSort2 (0ms)
			AwakeInstancesAfterBackupRestoration (7ms)
Platform modules already initialized, skipping
========================================================================
Worker process is ready to serve import requests
Launched and connected shader compiler UnityShaderCompiler.exe after 0.08 seconds
Refreshing native plugins compatible for Editor in 1.52 ms, found 2 plugins.
Preloading 0 native plugins for Editor in 0.00 ms.
Unloading 4516 Unused Serialized files (Serialized files now loaded: 0)
Unloading 54 unused Assets / (0.7 MB). Loaded Objects now: 4978.
Memory consumption went from 282.8 MB to 282.2 MB.
Total: 5.578200 ms (FindLiveObjects: 0.677000 ms CreateObjectMapping: 0.178800 ms MarkObjects: 4.267100 ms  DeleteObjects: 0.453700 ms)

AssetImportParameters requested are different than current active one (requested -> active):
  custom:video-decoder-ogg-theora: a1e56fd34408186e4bbccfd4996cb3dc -> 
  custom:container-muxer-webm: aa71ff27fc2769a1b78a27578f13a17b -> 
  custom:container-demuxer-webm: 4f35f7cbe854078d1ac9338744f61a02 -> 
  custom:video-encoder-webm-vp8: eb34c28f22e8b96e1ab97ce403110664 -> 
  custom:audio-encoder-webm-vorbis: bf7c407c2cedff20999df2af8eb42d56 -> 
  custom:framework-win-MediaFoundation: 216162199b28c13a410421893ffa2e32 -> 
  custom:SearchIndexIgnoredProperties: e643bd26f0fe6173181afceb89e7c659 -> 
  custom:container-demuxer-ogg: 62fdf1f143b41e24485cea50d1cbac27 -> 
  custom:video-decoder-webm-vp8: 9c59270c3fd7afecdb556c50c9e8de78 -> 
  custom:audio-decoder-ogg-vorbis: bf7c407c2cedff20999df2af8eb42d56 -> 
========================================================================
Received Import Request.
  Time since last request: 82286.467819 seconds.
  path: Assets/Prefabs/kare_sayi5.prefab
  artifactKey: Guid(602af13e20e8e72489d37fb83e1dc0d6) Importer(815301076,1909f56bfc062723c751e8b465ee728b)
Start importing Assets/Prefabs/kare_sayi5.prefab using Guid(602af13e20e8e72489d37fb83e1dc0d6) Importer(815301076,1909f56bfc062723c751e8b465ee728b)  -> (artifact id: '2b2c667f0a5869867b93dfecf6297bc5') in 0.375150 seconds 
========================================================================
Received Import Request.
  Time since last request: 7.754705 seconds.
  path: Assets/Prefabs/kare_sayi5.prefab
  artifactKey: Guid(602af13e20e8e72489d37fb83e1dc0d6) Importer(815301076,1909f56bfc062723c751e8b465ee728b)
Start importing Assets/Prefabs/kare_sayi5.prefab using Guid(602af13e20e8e72489d37fb83e1dc0d6) Importer(815301076,1909f56bfc062723c751e8b465ee728b)  -> (artifact id: 'cbdbd44592c7a2d474af68d722001887') in 0.054203 seconds 
========================================================================
Received Import Request.
  Time since last request: 0.000030 seconds.
  path: Assets/Prefabs/kare_yuva5.prefab
  artifactKey: Guid(8460665222b850c438db9315daead913) Importer(815301076,1909f56bfc062723c751e8b465ee728b)
Start importing Assets/Prefabs/kare_yuva5.prefab using Guid(8460665222b850c438db9315daead913) Importer(815301076,1909f56bfc062723c751e8b465ee728b)  -> (artifact id: '0e432e1b8d035f3e8680be27004ba661') in 0.046373 seconds 
========================================================================
Received Import Request.
  Time since last request: 2.931777 seconds.
  path: Assets/Prefabs/kare_sayi5.prefab
  artifactKey: Guid(602af13e20e8e72489d37fb83e1dc0d6) Importer(815301076,1909f56bfc062723c751e8b465ee728b)
Start importing Assets/Prefabs/kare_sayi5.prefab using Guid(602af13e20e8e72489d37fb83e1dc0d6) Importer(815301076,1909f56bfc062723c751e8b465ee728b)  -> (artifact id: '0742fdf4468f23df309c12b001ba1e78') in 0.057306 seconds 
========================================================================
Received Import Request.
  Time since last request: 0.000029 seconds.
  path: Assets/Prefabs/kare_yuva5.prefab
  artifactKey: Guid(8460665222b850c438db9315daead913) Importer(815301076,1909f56bfc062723c751e8b465ee728b)
Start importing Assets/Prefabs/kare_yuva5.prefab using Guid(8460665222b850c438db9315daead913) Importer(815301076,1909f56bfc062723c751e8b465ee728b)  -> (artifact id: '2f0c6c96dae9850dc59d8813db83fb7d') in 0.042482 seconds 
========================================================================
Received Import Request.
  Time since last request: 10.844819 seconds.
  path: Assets/Prefabs/kare_sayi5.prefab
  artifactKey: Guid(602af13e20e8e72489d37fb83e1dc0d6) Importer(815301076,1909f56bfc062723c751e8b465ee728b)
Start importing Assets/Prefabs/kare_sayi5.prefab using Guid(602af13e20e8e72489d37fb83e1dc0d6) Importer(815301076,1909f56bfc062723c751e8b465ee728b)  -> (artifact id: '12da282c3e98465292c42d951c6cc1a9') in 0.055312 seconds 
========================================================================
Received Import Request.
  Time since last request: 0.000043 seconds.
  path: Assets/Prefabs/kare_sayi6.prefab
  artifactKey: Guid(b10b870ede4ab89409af75e1f159d966) Importer(815301076,1909f56bfc062723c751e8b465ee728b)
Start importing Assets/Prefabs/kare_sayi6.prefab using Guid(b10b870ede4ab89409af75e1f159d966) Importer(815301076,1909f56bfc062723c751e8b465ee728b)  -> (artifact id: '673b1f621a9368bb3fed524f6d3d663e') in 0.042664 seconds 
========================================================================
Received Import Request.
  Time since last request: 0.000032 seconds.
  path: Assets/Prefabs/kare_yuva4.prefab
  artifactKey: Guid(10487228b931d294c939c60583b16ebc) Importer(815301076,1909f56bfc062723c751e8b465ee728b)
Start importing Assets/Prefabs/kare_yuva4.prefab using Guid(10487228b931d294c939c60583b16ebc) Importer(815301076,1909f56bfc062723c751e8b465ee728b)  -> (artifact id: '5f0b2e634fa538307736b6479175bcf0') in 0.039084 seconds 
========================================================================
Received Import Request.
  Time since last request: 4.709829 seconds.
  path: Assets/Prefabs/kare_sayi5.prefab
  artifactKey: Guid(602af13e20e8e72489d37fb83e1dc0d6) Importer(815301076,1909f56bfc062723c751e8b465ee728b)
Start importing Assets/Prefabs/kare_sayi5.prefab using Guid(602af13e20e8e72489d37fb83e1dc0d6) Importer(815301076,1909f56bfc062723c751e8b465ee728b)  -> (artifact id: 'f0cb7eca2c3561bcea97193833f6f348') in 0.041751 seconds 
========================================================================
Received Import Request.
  Time since last request: 0.000033 seconds.
  path: Assets/Prefabs/kare_yuva6.prefab
  artifactKey: Guid(9d5750bf2a5aa744bb565c72c1512eea) Importer(815301076,1909f56bfc062723c751e8b465ee728b)
Start importing Assets/Prefabs/kare_yuva6.prefab using Guid(9d5750bf2a5aa744bb565c72c1512eea) Importer(815301076,1909f56bfc062723c751e8b465ee728b)  -> (artifact id: '9965afc114eb2b429a4110d31c707c5b') in 0.042622 seconds 
========================================================================
Received Import Request.
  Time since last request: 8.403213 seconds.
  path: Assets/Prefabs/kare_sayi5.prefab
  artifactKey: Guid(602af13e20e8e72489d37fb83e1dc0d6) Importer(815301076,1909f56bfc062723c751e8b465ee728b)
Start importing Assets/Prefabs/kare_sayi5.prefab using Guid(602af13e20e8e72489d37fb83e1dc0d6) Importer(815301076,1909f56bfc062723c751e8b465ee728b)  -> (artifact id: '0b16903fa30a440b97baf74aa31c220d') in 0.022645 seconds 
========================================================================
Received Import Request.
  Time since last request: 0.000029 seconds.
  path: Assets/Prefabs/kare_yuva6.prefab
  artifactKey: Guid(9d5750bf2a5aa744bb565c72c1512eea) Importer(815301076,1909f56bfc062723c751e8b465ee728b)
Start importing Assets/Prefabs/kare_yuva6.prefab using Guid(9d5750bf2a5aa744bb565c72c1512eea) Importer(815301076,1909f56bfc062723c751e8b465ee728b)  -> (artifact id: 'd36377905f7852d5128b0ea02d3654ef') in 0.024093 seconds 
========================================================================
Received Import Request.
  Time since last request: 12.741609 seconds.
  path: Assets/Prefabs/kare_sayi5.prefab
  artifactKey: Guid(602af13e20e8e72489d37fb83e1dc0d6) Importer(815301076,1909f56bfc062723c751e8b465ee728b)
Start importing Assets/Prefabs/kare_sayi5.prefab using Guid(602af13e20e8e72489d37fb83e1dc0d6) Importer(815301076,1909f56bfc062723c751e8b465ee728b)  -> (artifact id: '37b79f39fc37a1f8ca80e442ec8b5e0d') in 0.025117 seconds 
========================================================================
Received Import Request.
  Time since last request: 0.000042 seconds.
  path: Assets/Prefabs/kare_yuva5.prefab
  artifactKey: Guid(8460665222b850c438db9315daead913) Importer(815301076,1909f56bfc062723c751e8b465ee728b)
Start importing Assets/Prefabs/kare_yuva5.prefab using Guid(8460665222b850c438db9315daead913) Importer(815301076,1909f56bfc062723c751e8b465ee728b)  -> (artifact id: 'f792c953b4e15014f8ef04e567980fbc') in 0.016353 seconds 
========================================================================
Received Import Request.
  Time since last request: 57.240248 seconds.
  path: Assets/Prefabs/kare_sayi5.prefab
  artifactKey: Guid(602af13e20e8e72489d37fb83e1dc0d6) Importer(815301076,1909f56bfc062723c751e8b465ee728b)
Start importing Assets/Prefabs/kare_sayi5.prefab using Guid(602af13e20e8e72489d37fb83e1dc0d6) Importer(815301076,1909f56bfc062723c751e8b465ee728b)  -> (artifact id: '9eee32073989f8ac2cf0ec419927d367') in 0.042972 seconds 
========================================================================
Received Import Request.
  Time since last request: 0.000058 seconds.
  path: Assets/Prefabs/kare_sayi6.prefab
  artifactKey: Guid(b10b870ede4ab89409af75e1f159d966) Importer(815301076,1909f56bfc062723c751e8b465ee728b)
Start importing Assets/Prefabs/kare_sayi6.prefab using Guid(b10b870ede4ab89409af75e1f159d966) Importer(815301076,1909f56bfc062723c751e8b465ee728b)  -> (artifact id: '9e507776cfd8d7de7a5c2602c5e141f7') in 0.045435 seconds 
========================================================================
Received Import Request.
  Time since last request: 2.319006 seconds.
  path: Assets/Prefabs/kare_sayi5.prefab
  artifactKey: Guid(602af13e20e8e72489d37fb83e1dc0d6) Importer(815301076,1909f56bfc062723c751e8b465ee728b)
Start importing Assets/Prefabs/kare_sayi5.prefab using Guid(602af13e20e8e72489d37fb83e1dc0d6) Importer(815301076,1909f56bfc062723c751e8b465ee728b)  -> (artifact id: 'baac232d8b8b5c1637d989bb7c1d2232') in 0.049910 seconds 
========================================================================
Received Import Request.
  Time since last request: 0.000041 seconds.
  path: Assets/Prefabs/kare_yuva5.prefab
  artifactKey: Guid(8460665222b850c438db9315daead913) Importer(815301076,1909f56bfc062723c751e8b465ee728b)
Start importing Assets/Prefabs/kare_yuva5.prefab using Guid(8460665222b850c438db9315daead913) Importer(815301076,1909f56bfc062723c751e8b465ee728b)  -> (artifact id: 'ddd57ef5fd8bbeca8fe8edb67e2abce8') in 0.039571 seconds 
========================================================================
Received Import Request.
  Time since last request: 13.286993 seconds.
  path: Assets/Prefabs/kare_sayi5.prefab
  artifactKey: Guid(602af13e20e8e72489d37fb83e1dc0d6) Importer(815301076,1909f56bfc062723c751e8b465ee728b)
Start importing Assets/Prefabs/kare_sayi5.prefab using Guid(602af13e20e8e72489d37fb83e1dc0d6) Importer(815301076,1909f56bfc062723c751e8b465ee728b)  -> (artifact id: '1d4dd21648d2407e7a918dee01f9aa9a') in 0.053225 seconds 
========================================================================
Received Import Request.
  Time since last request: 0.000031 seconds.
  path: Assets/Prefabs/kare_yuva5.prefab
  artifactKey: Guid(8460665222b850c438db9315daead913) Importer(815301076,1909f56bfc062723c751e8b465ee728b)
Start importing Assets/Prefabs/kare_yuva5.prefab using Guid(8460665222b850c438db9315daead913) Importer(815301076,1909f56bfc062723c751e8b465ee728b)  -> (artifact id: 'f34b6b8fbba294d863a554006a9f4062') in 0.042897 seconds 
========================================================================
Received Import Request.
  Time since last request: 9.002589 seconds.
  path: Assets/Prefabs/kare_sayi5.prefab
  artifactKey: Guid(602af13e20e8e72489d37fb83e1dc0d6) Importer(815301076,1909f56bfc062723c751e8b465ee728b)
Start importing Assets/Prefabs/kare_sayi5.prefab using Guid(602af13e20e8e72489d37fb83e1dc0d6) Importer(815301076,1909f56bfc062723c751e8b465ee728b)  -> (artifact id: '202e2547f0c086057968e3b7bde51910') in 0.051846 seconds 
========================================================================
Received Import Request.
  Time since last request: 0.000028 seconds.
  path: Assets/Prefabs/kare_yuva5.prefab
  artifactKey: Guid(8460665222b850c438db9315daead913) Importer(815301076,1909f56bfc062723c751e8b465ee728b)
Start importing Assets/Prefabs/kare_yuva5.prefab using Guid(8460665222b850c438db9315daead913) Importer(815301076,1909f56bfc062723c751e8b465ee728b)  -> (artifact id: '342c97e10d54588aecaeea9da3afe469') in 0.037886 seconds 
========================================================================
Received Import Request.
  Time since last request: 7.579729 seconds.
  path: Assets/Prefabs/kare_sayi5.prefab
  artifactKey: Guid(602af13e20e8e72489d37fb83e1dc0d6) Importer(815301076,1909f56bfc062723c751e8b465ee728b)
Start importing Assets/Prefabs/kare_sayi5.prefab using Guid(602af13e20e8e72489d37fb83e1dc0d6) Importer(815301076,1909f56bfc062723c751e8b465ee728b)  -> (artifact id: 'bd618e9722a2581e36251bf43f2f997b') in 0.039903 seconds 
========================================================================
Received Import Request.
  Time since last request: 0.000041 seconds.
  path: Assets/Prefabs/kare_yuva6.prefab
  artifactKey: Guid(9d5750bf2a5aa744bb565c72c1512eea) Importer(815301076,1909f56bfc062723c751e8b465ee728b)
Start importing Assets/Prefabs/kare_yuva6.prefab using Guid(9d5750bf2a5aa744bb565c72c1512eea) Importer(815301076,1909f56bfc062723c751e8b465ee728b)  -> (artifact id: '7979790ca784f82211c58dbfa20ffc67') in 0.048256 seconds 
========================================================================
Received Import Request.
  Time since last request: 2.942033 seconds.
  path: Assets/Prefabs/kare_sayi5.prefab
  artifactKey: Guid(602af13e20e8e72489d37fb83e1dc0d6) Importer(815301076,1909f56bfc062723c751e8b465ee728b)
Start importing Assets/Prefabs/kare_sayi5.prefab using Guid(602af13e20e8e72489d37fb83e1dc0d6) Importer(815301076,1909f56bfc062723c751e8b465ee728b)  -> (artifact id: '26efa313efa4c89d1c0a0c8ce30fa512') in 0.049731 seconds 
========================================================================
Received Import Request.
  Time since last request: 0.000048 seconds.
  path: Assets/Prefabs/kare_sayi6.prefab
  artifactKey: Guid(b10b870ede4ab89409af75e1f159d966) Importer(815301076,1909f56bfc062723c751e8b465ee728b)
Start importing Assets/Prefabs/kare_sayi6.prefab using Guid(b10b870ede4ab89409af75e1f159d966) Importer(815301076,1909f56bfc062723c751e8b465ee728b)  -> (artifact id: '19597a2e33e5d7d6019c22a4d6b93872') in 0.045680 seconds 
========================================================================
Received Import Request.
  Time since last request: 4.562307 seconds.
  path: Assets/Prefabs/kare_sayi5.prefab
  artifactKey: Guid(602af13e20e8e72489d37fb83e1dc0d6) Importer(815301076,1909f56bfc062723c751e8b465ee728b)
Start importing Assets/Prefabs/kare_sayi5.prefab using Guid(602af13e20e8e72489d37fb83e1dc0d6) Importer(815301076,1909f56bfc062723c751e8b465ee728b)  -> (artifact id: '032c086b216415f1edb0ea81936ca746') in 0.036666 seconds 
========================================================================
Received Import Request.
  Time since last request: 0.000036 seconds.
  path: Assets/Prefabs/kare_yuva5.prefab
  artifactKey: Guid(8460665222b850c438db9315daead913) Importer(815301076,1909f56bfc062723c751e8b465ee728b)
Start importing Assets/Prefabs/kare_yuva5.prefab using Guid(8460665222b850c438db9315daead913) Importer(815301076,1909f56bfc062723c751e8b465ee728b)  -> (artifact id: '72b6d1532e1ab0f9e206e99b0949d4a5') in 0.035848 seconds 
========================================================================
Received Import Request.
  Time since last request: 0.000053 seconds.
  path: Assets/Prefabs/kare_yuva4.prefab
  artifactKey: Guid(10487228b931d294c939c60583b16ebc) Importer(815301076,1909f56bfc062723c751e8b465ee728b)
Start importing Assets/Prefabs/kare_yuva4.prefab using Guid(10487228b931d294c939c60583b16ebc) Importer(815301076,1909f56bfc062723c751e8b465ee728b)  -> (artifact id: '1d6c729625f7cfa489412d5caf2d0c09') in 0.036338 seconds 
========================================================================
Received Import Request.
  Time since last request: 63.307995 seconds.
  path: Assets/Prefabs/kare_sayi4.prefab
  artifactKey: Guid(5ec8dcf4813327a4287ec65de7149c24) Importer(815301076,1909f56bfc062723c751e8b465ee728b)
Start importing Assets/Prefabs/kare_sayi4.prefab using Guid(5ec8dcf4813327a4287ec65de7149c24) Importer(815301076,1909f56bfc062723c751e8b465ee728b)  -> (artifact id: 'b55a40662635d28836284f2d6d9a4a1b') in 0.043997 seconds 
========================================================================
Received Import Request.
  Time since last request: 0.000033 seconds.
  path: Assets/Prefabs/kare_yuva6.prefab
  artifactKey: Guid(9d5750bf2a5aa744bb565c72c1512eea) Importer(815301076,1909f56bfc062723c751e8b465ee728b)
Start importing Assets/Prefabs/kare_yuva6.prefab using Guid(9d5750bf2a5aa744bb565c72c1512eea) Importer(815301076,1909f56bfc062723c751e8b465ee728b)  -> (artifact id: 'e0c18565a33b2cc27af060ff5be631ac') in 0.047601 seconds 
========================================================================
Received Import Request.
  Time since last request: 0.000035 seconds.
  path: Assets/Prefabs/kare_yuva5.prefab
  artifactKey: Guid(8460665222b850c438db9315daead913) Importer(815301076,1909f56bfc062723c751e8b465ee728b)
Start importing Assets/Prefabs/kare_yuva5.prefab using Guid(8460665222b850c438db9315daead913) Importer(815301076,1909f56bfc062723c751e8b465ee728b)  -> (artifact id: 'fd93cbf4a562b0f0bdac528c73cc4dd4') in 0.035077 seconds 
========================================================================
Received Import Request.
  Time since last request: 0.000036 seconds.
  path: Assets/Prefabs/kare_yuva4.prefab
  artifactKey: Guid(10487228b931d294c939c60583b16ebc) Importer(815301076,1909f56bfc062723c751e8b465ee728b)
Start importing Assets/Prefabs/kare_yuva4.prefab using Guid(10487228b931d294c939c60583b16ebc) Importer(815301076,1909f56bfc062723c751e8b465ee728b)  -> (artifact id: '599246b9dd3589c349ed438b5149c6ec') in 0.045015 seconds 
========================================================================
Received Import Request.
  Time since last request: 7.303708 seconds.
  path: Assets/Prefabs/kare_sayi5.prefab
  artifactKey: Guid(602af13e20e8e72489d37fb83e1dc0d6) Importer(815301076,1909f56bfc062723c751e8b465ee728b)
Start importing Assets/Prefabs/kare_sayi5.prefab using Guid(602af13e20e8e72489d37fb83e1dc0d6) Importer(815301076,1909f56bfc062723c751e8b465ee728b)  -> (artifact id: 'b140a47fdfc7ed028adb6ad006d3452e') in 0.052924 seconds 
========================================================================
Received Import Request.
  Time since last request: 0.000036 seconds.
  path: Assets/Prefabs/kare_sayi6.prefab
  artifactKey: Guid(b10b870ede4ab89409af75e1f159d966) Importer(815301076,1909f56bfc062723c751e8b465ee728b)
Start importing Assets/Prefabs/kare_sayi6.prefab using Guid(b10b870ede4ab89409af75e1f159d966) Importer(815301076,1909f56bfc062723c751e8b465ee728b)  -> (artifact id: 'd23146bbcc89666d324ad4cc5533fe56') in 0.049582 seconds 
========================================================================
Received Import Request.
  Time since last request: 0.000038 seconds.
  path: Assets/Prefabs/kare_yuva4.prefab
  artifactKey: Guid(10487228b931d294c939c60583b16ebc) Importer(815301076,1909f56bfc062723c751e8b465ee728b)
Start importing Assets/Prefabs/kare_yuva4.prefab using Guid(10487228b931d294c939c60583b16ebc) Importer(815301076,1909f56bfc062723c751e8b465ee728b)  -> (artifact id: '07740110a9e43c1c7be802d191926a3d') in 0.038496 seconds 
========================================================================
Received Import Request.
  Time since last request: 4.299873 seconds.
  path: Assets/Prefabs/kare_sayi5.prefab
  artifactKey: Guid(602af13e20e8e72489d37fb83e1dc0d6) Importer(815301076,1909f56bfc062723c751e8b465ee728b)
Start importing Assets/Prefabs/kare_sayi5.prefab using Guid(602af13e20e8e72489d37fb83e1dc0d6) Importer(815301076,1909f56bfc062723c751e8b465ee728b)  -> (artifact id: 'b3c3c2b76427b3ddf3085893e80fb6cc') in 0.045903 seconds 
========================================================================
Received Import Request.
  Time since last request: 0.000036 seconds.
  path: Assets/Prefabs/kare_sayi6.prefab
  artifactKey: Guid(b10b870ede4ab89409af75e1f159d966) Importer(815301076,1909f56bfc062723c751e8b465ee728b)
Start importing Assets/Prefabs/kare_sayi6.prefab using Guid(b10b870ede4ab89409af75e1f159d966) Importer(815301076,1909f56bfc062723c751e8b465ee728b)  -> (artifact id: '9caaf79e7684e30cdb0700bf3a8e7aaa') in 0.046237 seconds 
========================================================================
Received Import Request.
  Time since last request: 4.968045 seconds.
  path: Assets/Prefabs/kare_sayi5.prefab
  artifactKey: Guid(602af13e20e8e72489d37fb83e1dc0d6) Importer(815301076,1909f56bfc062723c751e8b465ee728b)
Start importing Assets/Prefabs/kare_sayi5.prefab using Guid(602af13e20e8e72489d37fb83e1dc0d6) Importer(815301076,1909f56bfc062723c751e8b465ee728b)  -> (artifact id: '73512f52c9d9bdcd7d084e5e2a4d713f') in 0.046130 seconds 
========================================================================
Received Import Request.
  Time since last request: 0.000027 seconds.
  path: Assets/Prefabs/kare_yuva5.prefab
  artifactKey: Guid(8460665222b850c438db9315daead913) Importer(815301076,1909f56bfc062723c751e8b465ee728b)
Start importing Assets/Prefabs/kare_yuva5.prefab using Guid(8460665222b850c438db9315daead913) Importer(815301076,1909f56bfc062723c751e8b465ee728b)  -> (artifact id: 'b5489e4b4d6829481e64099f488d083a') in 0.043172 seconds 
========================================================================
Received Import Request.
  Time since last request: 3.958749 seconds.
  path: Assets/Prefabs/kare_sayi5.prefab
  artifactKey: Guid(602af13e20e8e72489d37fb83e1dc0d6) Importer(815301076,1909f56bfc062723c751e8b465ee728b)
Start importing Assets/Prefabs/kare_sayi5.prefab using Guid(602af13e20e8e72489d37fb83e1dc0d6) Importer(815301076,1909f56bfc062723c751e8b465ee728b)  -> (artifact id: '865d2a6e7c629af59ecda1a563e7e43c') in 0.044903 seconds 
========================================================================
Received Import Request.
  Time since last request: 0.000031 seconds.
  path: Assets/Prefabs/kare_yuva5.prefab
  artifactKey: Guid(8460665222b850c438db9315daead913) Importer(815301076,1909f56bfc062723c751e8b465ee728b)
Start importing Assets/Prefabs/kare_yuva5.prefab using Guid(8460665222b850c438db9315daead913) Importer(815301076,1909f56bfc062723c751e8b465ee728b)  -> (artifact id: '6217ba900cd67d637f6bf0a8b937525d') in 0.049901 seconds 
========================================================================
Received Import Request.
  Time since last request: 9.234724 seconds.
  path: Assets/Prefabs/kare_sayi5.prefab
  artifactKey: Guid(602af13e20e8e72489d37fb83e1dc0d6) Importer(815301076,1909f56bfc062723c751e8b465ee728b)
Start importing Assets/Prefabs/kare_sayi5.prefab using Guid(602af13e20e8e72489d37fb83e1dc0d6) Importer(815301076,1909f56bfc062723c751e8b465ee728b)  -> (artifact id: '9ecf236fa335a2f1641ab931c9098e31') in 0.054912 seconds 
========================================================================
Received Import Request.
  Time since last request: 0.000038 seconds.
  path: Assets/Prefabs/kare_yuva5.prefab
  artifactKey: Guid(8460665222b850c438db9315daead913) Importer(815301076,1909f56bfc062723c751e8b465ee728b)
Start importing Assets/Prefabs/kare_yuva5.prefab using Guid(8460665222b850c438db9315daead913) Importer(815301076,1909f56bfc062723c751e8b465ee728b)  -> (artifact id: 'a695113722a3a0999c6b6a84e69877a6') in 0.041747 seconds 
Editor requested this worker to shutdown with reason: Scaling down because of idle timeout
AssetImportWorker is now disconnected from the server
Process exiting
Exiting without the bug reporter. Application will terminate with return code 0