Using pre-set license
Built from '2021.2/staging' branch; Version is '2021.2.16f1 (559fc0ec6670) revision 5611456'; Using compiler version '192829333'; Build Type 'Release'
OS: 'Windows 10  (10.0.19044) 64bit Professional' Language: 'tr' Physical Memory: 16315 MB
BatchMode: 1, IsHumanControllingUs: 0, StartBugReporterOnCrash: 0, Is64bit: 1, IsPro: 1

COMMAND LINE ARGUMENTS:
C:\Program Files\Unity\Hub\Editor\2021.2.16f1\Editor\Unity.exe
-adb2
-batchMode
-noUpm
-name
AssetImportWorker16
-projectPath
C:/Games/MyGames/GreenKids
-logFile
Logs/AssetImportWorker16.log
-srvPort
53183
Successfully changed project path to: C:/Games/MyGames/GreenKids
C:/Games/MyGames/GreenKids
[UnityMemory] Configuration Parameters - Can be set up in boot.config
    "memorysetup-bucket-allocator-granularity=16"
    "memorysetup-bucket-allocator-bucket-count=8"
    "memorysetup-bucket-allocator-block-size=33554432"
    "memorysetup-bucket-allocator-block-count=8"
    "memorysetup-main-allocator-block-size=16777216"
    "memorysetup-thread-allocator-block-size=16777216"
    "memorysetup-gfx-main-allocator-block-size=16777216"
    "memorysetup-gfx-thread-allocator-block-size=16777216"
    "memorysetup-cache-allocator-block-size=4194304"
    "memorysetup-typetree-allocator-block-size=2097152"
    "memorysetup-profiler-bucket-allocator-granularity=16"
    "memorysetup-profiler-bucket-allocator-bucket-count=8"
    "memorysetup-profiler-bucket-allocator-block-size=33554432"
    "memorysetup-profiler-bucket-allocator-block-count=8"
    "memorysetup-profiler-allocator-block-size=16777216"
    "memorysetup-profiler-editor-allocator-block-size=1048576"
    "memorysetup-temp-allocator-size-main=16777216"
    "memorysetup-job-temp-allocator-block-size=2097152"
    "memorysetup-job-temp-allocator-block-size-background=1048576"
    "memorysetup-job-temp-allocator-reduction-small-platforms=262144"
    "memorysetup-temp-allocator-size-background-worker=32768"
    "memorysetup-temp-allocator-size-job-worker=262144"
    "memorysetup-temp-allocator-size-preload-manager=33554432"
    "memorysetup-temp-allocator-size-nav-mesh-worker=65536"
    "memorysetup-temp-allocator-size-audio-worker=65536"
    "memorysetup-temp-allocator-size-cloud-worker=32768"
    "memorysetup-temp-allocator-size-gi-baking-worker=262144"
    "memorysetup-temp-allocator-size-gfx=262144"
Refreshing native plugins compatible for Editor in 108.92 ms, found 2 plugins.
Preloading 0 native plugins for Editor in 0.00 ms.
Initialize engine version: 2021.2.16f1 (559fc0ec6670)
[Subsystems] Discovering subsystems at path C:/Program Files/Unity/Hub/Editor/2021.2.16f1/Editor/Data/Resources/UnitySubsystems
[Subsystems] Discovering subsystems at path C:/Games/MyGames/GreenKids/Assets
GfxDevice: creating device client; threaded=0; jobified=0
Direct3D:
    Version:  Direct3D 11.0 [level 11.1]
    Renderer: NVIDIA GeForce GTX 1660 (ID=0x2184)
    Vendor:   NVIDIA
    VRAM:     5992 MB
    Driver:   30.0.15.1179
Initialize mono
Mono path[0] = 'C:/Program Files/Unity/Hub/Editor/2021.2.16f1/Editor/Data/Managed'
Mono path[1] = 'C:/Program Files/Unity/Hub/Editor/2021.2.16f1/Editor/Data/MonoBleedingEdge/lib/mono/unityjit-win32'
Mono config path = 'C:/Program Files/Unity/Hub/Editor/2021.2.16f1/Editor/Data/MonoBleedingEdge/etc'
Using monoOptions --debugger-agent=transport=dt_socket,embedding=1,server=y,suspend=n,address=127.0.0.1:56912
Begin MonoManager ReloadAssembly
Registering precompiled unity dll's ...
Register platform support module: C:/Program Files/Unity/Hub/Editor/2021.2.16f1/Editor/Data/PlaybackEngines/AndroidPlayer/UnityEditor.Android.Extensions.dll
Register platform support module: C:/Program Files/Unity/Hub/Editor/2021.2.16f1/Editor/Data/PlaybackEngines/iOSSupport/UnityEditor.iOS.Extensions.dll
Register platform support module: C:/Program Files/Unity/Hub/Editor/2021.2.16f1/Editor/Data/PlaybackEngines/WindowsStandaloneSupport/UnityEditor.WindowsStandalone.Extensions.dll
Register platform support module: C:/Program Files/Unity/Hub/Editor/2021.2.16f1/Editor/Data/PlaybackEngines/MetroSupport/UnityEditor.UWP.Extensions.dll
Registered in 0.012783 seconds.
Native extension for UWP target not found
Native extension for WindowsStandalone target not found
[usbmuxd] Start listen thread
[usbmuxd] Listen thread started
Native extension for iOS target not found
Native extension for Android target not found
Refreshing native plugins compatible for Editor in 94.99 ms, found 2 plugins.
Preloading 0 native plugins for Editor in 0.00 ms.
Mono: successfully reloaded assembly
- Completed reload, in  0.837 seconds
Domain Reload Profiling:
	ReloadAssembly (838ms)
		BeginReloadAssembly (92ms)
			ExecutionOrderSort (0ms)
			DisableScriptedObjects (0ms)
			BackupInstance (0ms)
			ReleaseScriptingObjects (0ms)
			CreateAndSetChildDomain (1ms)
		EndReloadAssembly (597ms)
			LoadAssemblies (90ms)
			RebuildTransferFunctionScriptingTraits (0ms)
			SetupTypeCache (139ms)
			ReleaseScriptCaches (0ms)
			RebuildScriptCaches (34ms)
			SetupLoadedEditorAssemblies (358ms)
				LogAssemblyErrors (0ms)
				InitializePlatformSupportModulesInManaged (83ms)
				SetLoadedEditorAssemblies (0ms)
				RefreshPlugins (95ms)
				BeforeProcessingInitializeOnLoad (2ms)
				ProcessInitializeOnLoadAttributes (123ms)
				ProcessInitializeOnLoadMethodAttributes (55ms)
				AfterProcessingInitializeOnLoad (0ms)
				EditorAssembliesLoaded (0ms)
			ExecutionOrderSort2 (0ms)
			AwakeInstancesAfterBackupRestoration (0ms)
Platform modules already initialized, skipping
Registering precompiled user dll's ...
Registered in 0.008674 seconds.
Begin MonoManager ReloadAssembly
Native extension for UWP target not found
Native extension for WindowsStandalone target not found
Native extension for iOS target not found
Native extension for Android target not found
Refreshing native plugins compatible for Editor in 103.34 ms, found 2 plugins.
Preloading 0 native plugins for Editor in 0.00 ms.
Mono: successfully reloaded assembly
- Completed reload, in  2.465 seconds
Domain Reload Profiling:
	ReloadAssembly (2466ms)
		BeginReloadAssembly (247ms)
			ExecutionOrderSort (0ms)
			DisableScriptedObjects (7ms)
			BackupInstance (0ms)
			ReleaseScriptingObjects (0ms)
			CreateAndSetChildDomain (123ms)
		EndReloadAssembly (2078ms)
			LoadAssemblies (116ms)
			RebuildTransferFunctionScriptingTraits (0ms)
			SetupTypeCache (329ms)
			ReleaseScriptCaches (1ms)
			RebuildScriptCaches (101ms)
			SetupLoadedEditorAssemblies (1474ms)
				LogAssemblyErrors (0ms)
				InitializePlatformSupportModulesInManaged (34ms)
				SetLoadedEditorAssemblies (0ms)
				RefreshPlugins (103ms)
				BeforeProcessingInitializeOnLoad (120ms)
				ProcessInitializeOnLoadAttributes (1095ms)
				ProcessInitializeOnLoadMethodAttributes (110ms)
				AfterProcessingInitializeOnLoad (12ms)
				EditorAssembliesLoaded (0ms)
			ExecutionOrderSort2 (0ms)
			AwakeInstancesAfterBackupRestoration (7ms)
Platform modules already initialized, skipping
========================================================================
Worker process is ready to serve import requests
Launched and connected shader compiler UnityShaderCompiler.exe after 0.07 seconds
Refreshing native plugins compatible for Editor in 1.28 ms, found 2 plugins.
Preloading 0 native plugins for Editor in 0.00 ms.
Unloading 4516 Unused Serialized files (Serialized files now loaded: 0)
Unloading 54 unused Assets / (0.7 MB). Loaded Objects now: 4978.
Memory consumption went from 282.8 MB to 282.1 MB.
Total: 15.317500 ms (FindLiveObjects: 0.652800 ms CreateObjectMapping: 0.151500 ms MarkObjects: 14.010600 ms  DeleteObjects: 0.500000 ms)

AssetImportParameters requested are different than current active one (requested -> active):
  custom:video-decoder-ogg-theora: a1e56fd34408186e4bbccfd4996cb3dc -> 
  custom:container-muxer-webm: aa71ff27fc2769a1b78a27578f13a17b -> 
  custom:container-demuxer-webm: 4f35f7cbe854078d1ac9338744f61a02 -> 
  custom:video-encoder-webm-vp8: eb34c28f22e8b96e1ab97ce403110664 -> 
  custom:audio-encoder-webm-vorbis: bf7c407c2cedff20999df2af8eb42d56 -> 
  custom:framework-win-MediaFoundation: 216162199b28c13a410421893ffa2e32 -> 
  custom:SearchIndexIgnoredProperties: e643bd26f0fe6173181afceb89e7c659 -> 
  custom:container-demuxer-ogg: 62fdf1f143b41e24485cea50d1cbac27 -> 
  custom:video-decoder-webm-vp8: 9c59270c3fd7afecdb556c50c9e8de78 -> 
  custom:audio-decoder-ogg-vorbis: bf7c407c2cedff20999df2af8eb42d56 -> 
========================================================================
Received Import Request.
  Time since last request: 82754.833761 seconds.
  path: Assets/Prefabs/kare_sayi6.prefab
  artifactKey: Guid(b10b870ede4ab89409af75e1f159d966) Importer(815301076,1909f56bfc062723c751e8b465ee728b)
Start importing Assets/Prefabs/kare_sayi6.prefab using Guid(b10b870ede4ab89409af75e1f159d966) Importer(815301076,1909f56bfc062723c751e8b465ee728b)  -> (artifact id: '7e408ea0296871dfff3b9a6893e7a9af') in 0.367605 seconds 
========================================================================
Received Import Request.
  Time since last request: 16.201118 seconds.
  path: Assets/Prefabs/kare_sayi6.prefab
  artifactKey: Guid(b10b870ede4ab89409af75e1f159d966) Importer(815301076,1909f56bfc062723c751e8b465ee728b)
Start importing Assets/Prefabs/kare_sayi6.prefab using Guid(b10b870ede4ab89409af75e1f159d966) Importer(815301076,1909f56bfc062723c751e8b465ee728b)  -> (artifact id: '2a0e42d84c012db6dcb5c38c7e5f113a') in 0.090696 seconds 
========================================================================
Received Import Request.
  Time since last request: 0.000044 seconds.
  path: Assets/Prefabs/kare_yuva5.prefab
  artifactKey: Guid(8460665222b850c438db9315daead913) Importer(815301076,1909f56bfc062723c751e8b465ee728b)
Start importing Assets/Prefabs/kare_yuva5.prefab using Guid(8460665222b850c438db9315daead913) Importer(815301076,1909f56bfc062723c751e8b465ee728b)  -> (artifact id: '1464531a59f37a820aa5208def5abeaf') in 0.065829 seconds 
========================================================================
Received Import Request.
  Time since last request: 3.323149 seconds.
  path: Assets/Prefabs/kare_sayi6.prefab
  artifactKey: Guid(b10b870ede4ab89409af75e1f159d966) Importer(815301076,1909f56bfc062723c751e8b465ee728b)
Start importing Assets/Prefabs/kare_sayi6.prefab using Guid(b10b870ede4ab89409af75e1f159d966) Importer(815301076,1909f56bfc062723c751e8b465ee728b)  -> (artifact id: 'fa7d029625a7023ddd85c779f5b64c6b') in 0.096495 seconds 
========================================================================
Received Import Request.
  Time since last request: 0.000033 seconds.
  path: Assets/Prefabs/kare_yuva4.prefab
  artifactKey: Guid(10487228b931d294c939c60583b16ebc) Importer(815301076,1909f56bfc062723c751e8b465ee728b)
Start importing Assets/Prefabs/kare_yuva4.prefab using Guid(10487228b931d294c939c60583b16ebc) Importer(815301076,1909f56bfc062723c751e8b465ee728b)  -> (artifact id: 'eebbf660e98e926f5e607ecc7057247c') in 0.068617 seconds 
========================================================================
Received Import Request.
  Time since last request: 14.818583 seconds.
  path: Assets/Prefabs/kare_sayi6.prefab
  artifactKey: Guid(b10b870ede4ab89409af75e1f159d966) Importer(815301076,1909f56bfc062723c751e8b465ee728b)
Start importing Assets/Prefabs/kare_sayi6.prefab using Guid(b10b870ede4ab89409af75e1f159d966) Importer(815301076,1909f56bfc062723c751e8b465ee728b)  -> (artifact id: 'c5423d7002f2d1f79e84a655bcb47917') in 0.077226 seconds 
========================================================================
Received Import Request.
  Time since last request: 0.000099 seconds.
  path: Assets/Prefabs/kare_yuva4.prefab
  artifactKey: Guid(10487228b931d294c939c60583b16ebc) Importer(815301076,1909f56bfc062723c751e8b465ee728b)
Start importing Assets/Prefabs/kare_yuva4.prefab using Guid(10487228b931d294c939c60583b16ebc) Importer(815301076,1909f56bfc062723c751e8b465ee728b)  -> (artifact id: 'b826798480720f6c03125a06b577e73d') in 0.060737 seconds 
========================================================================
Received Import Request.
  Time since last request: 4.363301 seconds.
  path: Assets/Prefabs/kare_sayi6.prefab
  artifactKey: Guid(b10b870ede4ab89409af75e1f159d966) Importer(815301076,1909f56bfc062723c751e8b465ee728b)
Start importing Assets/Prefabs/kare_sayi6.prefab using Guid(b10b870ede4ab89409af75e1f159d966) Importer(815301076,1909f56bfc062723c751e8b465ee728b)  -> (artifact id: '009cbcca85da98f961be1412e4035dc6') in 0.074428 seconds 
========================================================================
Received Import Request.
  Time since last request: 0.000039 seconds.
  path: Assets/Prefabs/kare_yuva5.prefab
  artifactKey: Guid(8460665222b850c438db9315daead913) Importer(815301076,1909f56bfc062723c751e8b465ee728b)
Start importing Assets/Prefabs/kare_yuva5.prefab using Guid(8460665222b850c438db9315daead913) Importer(815301076,1909f56bfc062723c751e8b465ee728b)  -> (artifact id: 'e2bfa5f73529fcd2e84de648c0dcc146') in 0.070192 seconds 
========================================================================
Received Import Request.
  Time since last request: 5.139761 seconds.
  path: Assets/Prefabs/kare_sayi6.prefab
  artifactKey: Guid(b10b870ede4ab89409af75e1f159d966) Importer(815301076,1909f56bfc062723c751e8b465ee728b)
Start importing Assets/Prefabs/kare_sayi6.prefab using Guid(b10b870ede4ab89409af75e1f159d966) Importer(815301076,1909f56bfc062723c751e8b465ee728b)  -> (artifact id: 'c0b7883af72bd4989f5fe185cb7afe7f') in 0.078001 seconds 
========================================================================
Received Import Request.
  Time since last request: 0.000035 seconds.
  path: Assets/Prefabs/kare_yuva5.prefab
  artifactKey: Guid(8460665222b850c438db9315daead913) Importer(815301076,1909f56bfc062723c751e8b465ee728b)
Start importing Assets/Prefabs/kare_yuva5.prefab using Guid(8460665222b850c438db9315daead913) Importer(815301076,1909f56bfc062723c751e8b465ee728b)  -> (artifact id: '57e819bd0cba63443e7287357d894e08') in 0.064510 seconds 
========================================================================
Received Import Request.
  Time since last request: 2.493911 seconds.
  path: Assets/Prefabs/kare_sayi6.prefab
  artifactKey: Guid(b10b870ede4ab89409af75e1f159d966) Importer(815301076,1909f56bfc062723c751e8b465ee728b)
Start importing Assets/Prefabs/kare_sayi6.prefab using Guid(b10b870ede4ab89409af75e1f159d966) Importer(815301076,1909f56bfc062723c751e8b465ee728b)  -> (artifact id: '0e9c5d6d06c639842b257ace4abaeace') in 0.062658 seconds 
========================================================================
Received Import Request.
  Time since last request: 0.000037 seconds.
  path: Assets/Prefabs/kare_yuva6.prefab
  artifactKey: Guid(9d5750bf2a5aa744bb565c72c1512eea) Importer(815301076,1909f56bfc062723c751e8b465ee728b)
Start importing Assets/Prefabs/kare_yuva6.prefab using Guid(9d5750bf2a5aa744bb565c72c1512eea) Importer(815301076,1909f56bfc062723c751e8b465ee728b)  -> (artifact id: 'f5d83e9c6d540e83bfa382e5dd1d7015') in 0.071373 seconds 
========================================================================
Received Import Request.
  Time since last request: 2.293663 seconds.
  path: Assets/Prefabs/kare_sayi6.prefab
  artifactKey: Guid(b10b870ede4ab89409af75e1f159d966) Importer(815301076,1909f56bfc062723c751e8b465ee728b)
Start importing Assets/Prefabs/kare_sayi6.prefab using Guid(b10b870ede4ab89409af75e1f159d966) Importer(815301076,1909f56bfc062723c751e8b465ee728b)  -> (artifact id: 'fe844730430bed1ff0ef2452a2d25b8f') in 0.078525 seconds 
========================================================================
Received Import Request.
  Time since last request: 0.000036 seconds.
  path: Assets/Prefabs/kare_yuva6.prefab
  artifactKey: Guid(9d5750bf2a5aa744bb565c72c1512eea) Importer(815301076,1909f56bfc062723c751e8b465ee728b)
Start importing Assets/Prefabs/kare_yuva6.prefab using Guid(9d5750bf2a5aa744bb565c72c1512eea) Importer(815301076,1909f56bfc062723c751e8b465ee728b)  -> (artifact id: '66fffd46dd44c8a2a3a7c853189487c6') in 0.067859 seconds 
========================================================================
Received Import Request.
  Time since last request: 2.518657 seconds.
  path: Assets/Prefabs/kare_sayi6.prefab
  artifactKey: Guid(b10b870ede4ab89409af75e1f159d966) Importer(815301076,1909f56bfc062723c751e8b465ee728b)
Start importing Assets/Prefabs/kare_sayi6.prefab using Guid(b10b870ede4ab89409af75e1f159d966) Importer(815301076,1909f56bfc062723c751e8b465ee728b)  -> (artifact id: 'bf05ca91e5a0558909d2e4fa325cb53d') in 0.079731 seconds 
========================================================================
Received Import Request.
  Time since last request: 0.000031 seconds.
  path: Assets/Prefabs/kare_yuva5.prefab
  artifactKey: Guid(8460665222b850c438db9315daead913) Importer(815301076,1909f56bfc062723c751e8b465ee728b)
Start importing Assets/Prefabs/kare_yuva5.prefab using Guid(8460665222b850c438db9315daead913) Importer(815301076,1909f56bfc062723c751e8b465ee728b)  -> (artifact id: '02c80e6d3ee9bc6fc3c58e64d75e5fed') in 0.065838 seconds 
========================================================================
Received Import Request.
  Time since last request: 3.387796 seconds.
  path: Assets/Prefabs/kare_sayi6.prefab
  artifactKey: Guid(b10b870ede4ab89409af75e1f159d966) Importer(815301076,1909f56bfc062723c751e8b465ee728b)
Start importing Assets/Prefabs/kare_sayi6.prefab using Guid(b10b870ede4ab89409af75e1f159d966) Importer(815301076,1909f56bfc062723c751e8b465ee728b)  -> (artifact id: '46a4784372899de7405fd52cea170ce3') in 0.076804 seconds 
========================================================================
Received Import Request.
  Time since last request: 0.000042 seconds.
  path: Assets/Prefabs/kare_yuva5.prefab
  artifactKey: Guid(8460665222b850c438db9315daead913) Importer(815301076,1909f56bfc062723c751e8b465ee728b)
Start importing Assets/Prefabs/kare_yuva5.prefab using Guid(8460665222b850c438db9315daead913) Importer(815301076,1909f56bfc062723c751e8b465ee728b)  -> (artifact id: '18f0626663d73a604014bcdfeb278ed8') in 0.067676 seconds 
========================================================================
Received Import Request.
  Time since last request: 2.160571 seconds.
  path: Assets/Prefabs/kare_sayi6.prefab
  artifactKey: Guid(b10b870ede4ab89409af75e1f159d966) Importer(815301076,1909f56bfc062723c751e8b465ee728b)
Start importing Assets/Prefabs/kare_sayi6.prefab using Guid(b10b870ede4ab89409af75e1f159d966) Importer(815301076,1909f56bfc062723c751e8b465ee728b)  -> (artifact id: 'b9c80f1b012fc9b737aad6f882a92af5') in 0.076223 seconds 
========================================================================
Received Import Request.
  Time since last request: 0.000037 seconds.
  path: Assets/Prefabs/kare_yuva4.prefab
  artifactKey: Guid(10487228b931d294c939c60583b16ebc) Importer(815301076,1909f56bfc062723c751e8b465ee728b)
Start importing Assets/Prefabs/kare_yuva4.prefab using Guid(10487228b931d294c939c60583b16ebc) Importer(815301076,1909f56bfc062723c751e8b465ee728b)  -> (artifact id: '9b1d89b229d85bd4a6d00f4b7ea8f4a0') in 0.066201 seconds 
========================================================================
Received Import Request.
  Time since last request: 2.714523 seconds.
  path: Assets/Prefabs/kare_sayi6.prefab
  artifactKey: Guid(b10b870ede4ab89409af75e1f159d966) Importer(815301076,1909f56bfc062723c751e8b465ee728b)
Start importing Assets/Prefabs/kare_sayi6.prefab using Guid(b10b870ede4ab89409af75e1f159d966) Importer(815301076,1909f56bfc062723c751e8b465ee728b)  -> (artifact id: '2bb1b708004de89916ec186c238a03f2') in 0.083775 seconds 
========================================================================
Received Import Request.
  Time since last request: 0.000032 seconds.
  path: Assets/Prefabs/kare_yuva5.prefab
  artifactKey: Guid(8460665222b850c438db9315daead913) Importer(815301076,1909f56bfc062723c751e8b465ee728b)
Start importing Assets/Prefabs/kare_yuva5.prefab using Guid(8460665222b850c438db9315daead913) Importer(815301076,1909f56bfc062723c751e8b465ee728b)  -> (artifact id: 'b44d71364b4068a64a64c7dda1bbda15') in 0.064907 seconds 
========================================================================
Received Import Request.
  Time since last request: 2.927707 seconds.
  path: Assets/Prefabs/kare_sayi6.prefab
  artifactKey: Guid(b10b870ede4ab89409af75e1f159d966) Importer(815301076,1909f56bfc062723c751e8b465ee728b)
Start importing Assets/Prefabs/kare_sayi6.prefab using Guid(b10b870ede4ab89409af75e1f159d966) Importer(815301076,1909f56bfc062723c751e8b465ee728b)  -> (artifact id: 'f08b98f460fc0e8e6a8f08b867cad235') in 0.082353 seconds 
========================================================================
Received Import Request.
  Time since last request: 0.000043 seconds.
  path: Assets/Prefabs/kare_yuva5.prefab
  artifactKey: Guid(8460665222b850c438db9315daead913) Importer(815301076,1909f56bfc062723c751e8b465ee728b)
Start importing Assets/Prefabs/kare_yuva5.prefab using Guid(8460665222b850c438db9315daead913) Importer(815301076,1909f56bfc062723c751e8b465ee728b)  -> (artifact id: 'ab095d646a34cb44e18266c08071b699') in 0.071374 seconds 
========================================================================
Received Import Request.
  Time since last request: 21.787244 seconds.
  path: Assets/Prefabs/kare_yuva6.prefab
  artifactKey: Guid(9d5750bf2a5aa744bb565c72c1512eea) Importer(815301076,1909f56bfc062723c751e8b465ee728b)
Start importing Assets/Prefabs/kare_yuva6.prefab using Guid(9d5750bf2a5aa744bb565c72c1512eea) Importer(815301076,1909f56bfc062723c751e8b465ee728b)  -> (artifact id: '5833f3e8aa8473294e66ef9b283f0aeb') in 0.107146 seconds 
========================================================================
Received Import Request.
  Time since last request: 12.192858 seconds.
  path: Assets/Prefabs/kare_yuva6.prefab
  artifactKey: Guid(9d5750bf2a5aa744bb565c72c1512eea) Importer(815301076,1909f56bfc062723c751e8b465ee728b)
Start importing Assets/Prefabs/kare_yuva6.prefab using Guid(9d5750bf2a5aa744bb565c72c1512eea) Importer(815301076,1909f56bfc062723c751e8b465ee728b)  -> (artifact id: '6563acf2f0fbe382c87f4a77cf59d42a') in 0.107277 seconds 
========================================================================
Received Import Request.
  Time since last request: 10.373985 seconds.
  path: Assets/Prefabs/kare_yuva6.prefab
  artifactKey: Guid(9d5750bf2a5aa744bb565c72c1512eea) Importer(815301076,1909f56bfc062723c751e8b465ee728b)
Start importing Assets/Prefabs/kare_yuva6.prefab using Guid(9d5750bf2a5aa744bb565c72c1512eea) Importer(815301076,1909f56bfc062723c751e8b465ee728b)  -> (artifact id: '3890d3f32d2915ec8e3d2b7bccb74553') in 0.103183 seconds 
========================================================================
Received Import Request.
  Time since last request: 12.019587 seconds.
  path: Assets/Prefabs/kare_yuva6.prefab
  artifactKey: Guid(9d5750bf2a5aa744bb565c72c1512eea) Importer(815301076,1909f56bfc062723c751e8b465ee728b)
Start importing Assets/Prefabs/kare_yuva6.prefab using Guid(9d5750bf2a5aa744bb565c72c1512eea) Importer(815301076,1909f56bfc062723c751e8b465ee728b)  -> (artifact id: 'db38074bb6ab30619b7480e96927e1d3') in 0.090568 seconds 
========================================================================
Received Import Request.
  Time since last request: 2.709013 seconds.
  path: Assets/Prefabs/kare_yuva6.prefab
  artifactKey: Guid(9d5750bf2a5aa744bb565c72c1512eea) Importer(815301076,1909f56bfc062723c751e8b465ee728b)
Start importing Assets/Prefabs/kare_yuva6.prefab using Guid(9d5750bf2a5aa744bb565c72c1512eea) Importer(815301076,1909f56bfc062723c751e8b465ee728b)  -> (artifact id: 'af6959f7dc1cafec326aa0433e378348') in 0.097584 seconds 
========================================================================
Received Import Request.
  Time since last request: 3.971964 seconds.
  path: Assets/Prefabs/kare_yuva6.prefab
  artifactKey: Guid(9d5750bf2a5aa744bb565c72c1512eea) Importer(815301076,1909f56bfc062723c751e8b465ee728b)
Start importing Assets/Prefabs/kare_yuva6.prefab using Guid(9d5750bf2a5aa744bb565c72c1512eea) Importer(815301076,1909f56bfc062723c751e8b465ee728b)  -> (artifact id: 'daeb20e0c4d3df1216b29f7a2609005c') in 0.077905 seconds 
========================================================================
Received Import Request.
  Time since last request: 3.629051 seconds.
  path: Assets/Prefabs/kare_yuva6.prefab
  artifactKey: Guid(9d5750bf2a5aa744bb565c72c1512eea) Importer(815301076,1909f56bfc062723c751e8b465ee728b)
Start importing Assets/Prefabs/kare_yuva6.prefab using Guid(9d5750bf2a5aa744bb565c72c1512eea) Importer(815301076,1909f56bfc062723c751e8b465ee728b)  -> (artifact id: '8cac171d26324361716ca6c057ecc545') in 0.098315 seconds 
========================================================================
Received Import Request.
  Time since last request: 2.131900 seconds.
  path: Assets/Prefabs/kare_yuva6.prefab
  artifactKey: Guid(9d5750bf2a5aa744bb565c72c1512eea) Importer(815301076,1909f56bfc062723c751e8b465ee728b)
Start importing Assets/Prefabs/kare_yuva6.prefab using Guid(9d5750bf2a5aa744bb565c72c1512eea) Importer(815301076,1909f56bfc062723c751e8b465ee728b)  -> (artifact id: 'e5730dd43513692d4ddd42358163a6df') in 0.087649 seconds 
========================================================================
Received Import Request.
  Time since last request: 2.950851 seconds.
  path: Assets/Prefabs/kare_yuva6.prefab
  artifactKey: Guid(9d5750bf2a5aa744bb565c72c1512eea) Importer(815301076,1909f56bfc062723c751e8b465ee728b)
Start importing Assets/Prefabs/kare_yuva6.prefab using Guid(9d5750bf2a5aa744bb565c72c1512eea) Importer(815301076,1909f56bfc062723c751e8b465ee728b)  -> (artifact id: 'd50dee9d7652ff4e506adeb615c23d54') in 0.079466 seconds 
========================================================================
Received Import Request.
  Time since last request: 6.894362 seconds.
  path: Assets/Prefabs/kare_yuva6.prefab
  artifactKey: Guid(9d5750bf2a5aa744bb565c72c1512eea) Importer(815301076,1909f56bfc062723c751e8b465ee728b)
Start importing Assets/Prefabs/kare_yuva6.prefab using Guid(9d5750bf2a5aa744bb565c72c1512eea) Importer(815301076,1909f56bfc062723c751e8b465ee728b)  -> (artifact id: '1deb5e46afa03c3e90f8037f2a44c9c6') in 0.089591 seconds 
========================================================================
Received Import Request.
  Time since last request: 3.946795 seconds.
  path: Assets/Prefabs/kare_yuva6.prefab
  artifactKey: Guid(9d5750bf2a5aa744bb565c72c1512eea) Importer(815301076,1909f56bfc062723c751e8b465ee728b)
Start importing Assets/Prefabs/kare_yuva6.prefab using Guid(9d5750bf2a5aa744bb565c72c1512eea) Importer(815301076,1909f56bfc062723c751e8b465ee728b)  -> (artifact id: '3985c476c99b6c25e59c5f63ca1d5ab4') in 0.095447 seconds 
========================================================================
Received Import Request.
  Time since last request: 4.157013 seconds.
  path: Assets/Prefabs/kare_yuva6.prefab
  artifactKey: Guid(9d5750bf2a5aa744bb565c72c1512eea) Importer(815301076,1909f56bfc062723c751e8b465ee728b)
Start importing Assets/Prefabs/kare_yuva6.prefab using Guid(9d5750bf2a5aa744bb565c72c1512eea) Importer(815301076,1909f56bfc062723c751e8b465ee728b)  -> (artifact id: '310837ddb021dd3abbae93eed361e01f') in 0.078232 seconds 
========================================================================
Received Import Request.
  Time since last request: 3.576761 seconds.
  path: Assets/Prefabs/kare_yuva6.prefab
  artifactKey: Guid(9d5750bf2a5aa744bb565c72c1512eea) Importer(815301076,1909f56bfc062723c751e8b465ee728b)
Start importing Assets/Prefabs/kare_yuva6.prefab using Guid(9d5750bf2a5aa744bb565c72c1512eea) Importer(815301076,1909f56bfc062723c751e8b465ee728b)  -> (artifact id: '30ad448c4933ce28b9788f87738b33c4') in 0.099068 seconds 
========================================================================
Received Import Request.
  Time since last request: 3.142649 seconds.
  path: Assets/Prefabs/kare_yuva6.prefab
  artifactKey: Guid(9d5750bf2a5aa744bb565c72c1512eea) Importer(815301076,1909f56bfc062723c751e8b465ee728b)
Start importing Assets/Prefabs/kare_yuva6.prefab using Guid(9d5750bf2a5aa744bb565c72c1512eea) Importer(815301076,1909f56bfc062723c751e8b465ee728b)  -> (artifact id: 'ada02bb2bfe0562d234dc325e867aaaf') in 0.099785 seconds 
Editor requested this worker to shutdown with reason: Scaling down because of idle timeout
AssetImportWorker is now disconnected from the server
Process exiting
Exiting without the bug reporter. Application will terminate with return code 0